<?xml version="1.0" encoding="utf-8"?><testsuites name="pytest tests"><testsuite name="pytest" errors="0" failures="70" skipped="0" tests="93" time="2586.134" timestamp="2026-05-03T12:42:17.498248+01:00" hostname="DESKTOP-E5NKSEU"><testcase classname="tests.test_CT_001_ajout_au_panier___flux_nominal" name="test_add_to_cart_updates_counter" time="49.914"><failure message="selenium.common.exceptions.TimeoutException: Message: &#10;Stacktrace:&#10;&#09;chromedriver!GetHandleVerifier [0x46b373+10553]&#10;&#09;chromedriver!GetHandleVerifier [0x46b4a4+10684]&#10;&#09;chromedriver!(No symbol) [0x271e10]&#10;&#09;chromedriver!(No symbol) [0x2ba9da]&#10;&#09;chromedriver!(No symbol) [0x2bac7b]&#10;&#09;chromedriver!(No symbol) [0x2fd162]&#10;&#09;chromedriver!(No symbol) [0x2dd8b4]&#10;&#09;chromedriver!(No symbol) [0x2faa36]&#10;&#09;chromedriver!(No symbol) [0x2dd606]&#10;&#09;chromedriver!(No symbol) [0x2b0039]&#10;&#09;chromedriver!(No symbol) [0x2b0df4]&#10;&#09;chromedriver!GetHandleVerifier [0x6eddb4+292f94]&#10;&#09;chromedriver!GetHandleVerifier [0x6e937d+28e55d]&#10;&#09;chromedriver!GetHandleVerifier [0x708215+2ad3f5]&#10;&#09;chromedriver!GetHandleVerifier [0x484c18+29df8]&#10;&#09;chromedriver!GetHandleVerifier [0x48c6fd+318dd]&#10;&#09;chromedriver!GetHandleVerifier [0x473c78+18e58]&#10;&#09;chromedriver!GetHandleVerifier [0x473e42+19022]&#10;&#09;chromedriver!GetHandleVerifier [0x45d45f+263f]&#10;&#09;KERNEL32!BaseThreadInitThunk [0x75e85d49+19]&#10;&#09;ntdll!RtlInitializeExceptionChain [0x76f1d83b+6b]&#10;&#09;ntdll!RtlGetAppContainerNamedObjectPath [0x76f1d7c1+231]">tests\test_CT_001_ajout_au_panier___flux_nominal.py:63: in test_add_to_cart_updates_counter
    _go_to_cart_page(driver)
tests\test_CT_001_ajout_au_panier___flux_nominal.py:58: in _go_to_cart_page
    _go_to_listing(driver, BASE_URL)
tests\test_CT_001_ajout_au_panier___flux_nominal.py:25: in _go_to_listing
    sub = WebDriverWait(driver, 20).until(
C:\Users\Lenovo\AppData\Local\Programs\Python\Python313\Lib\site-packages\selenium\webdriver\support\wait.py:121: in until
    raise TimeoutException(message, screen, stacktrace)
E   selenium.common.exceptions.TimeoutException: Message: 
E   Stacktrace:
E   	chromedriver!GetHandleVerifier [0x46b373+10553]
E   	chromedriver!GetHandleVerifier [0x46b4a4+10684]
E   	chromedriver!(No symbol) [0x271e10]
E   	chromedriver!(No symbol) [0x2ba9da]
E   	chromedriver!(No symbol) [0x2bac7b]
E   	chromedriver!(No symbol) [0x2fd162]
E   	chromedriver!(No symbol) [0x2dd8b4]
E   	chromedriver!(No symbol) [0x2faa36]
E   	chromedriver!(No symbol) [0x2dd606]
E   	chromedriver!(No symbol) [0x2b0039]
E   	chromedriver!(No symbol) [0x2b0df4]
E   	chromedriver!GetHandleVerifier [0x6eddb4+292f94]
E   	chromedriver!GetHandleVerifier [0x6e937d+28e55d]
E   	chromedriver!GetHandleVerifier [0x708215+2ad3f5]
E   	chromedriver!GetHandleVerifier [0x484c18+29df8]
E   	chromedriver!GetHandleVerifier [0x48c6fd+318dd]
E   	chromedriver!GetHandleVerifier [0x473c78+18e58]
E   	chromedriver!GetHandleVerifier [0x473e42+19022]
E   	chromedriver!GetHandleVerifier [0x45d45f+263f]
E   	KERNEL32!BaseThreadInitThunk [0x75e85d49+19]
E   	ntdll!RtlInitializeExceptionChain [0x76f1d83b+6b]
E   	ntdll!RtlGetAppContainerNamedObjectPath [0x76f1d7c1+231]</failure></testcase><testcase classname="tests.test_CT_001_ajout_au_panier___flux_nominal" name="test_add_to_cart_button_visible" time="49.940"><failure message="selenium.common.exceptions.TimeoutException: Message: &#10;Stacktrace:&#10;&#09;chromedriver!GetHandleVerifier [0x46b373+10553]&#10;&#09;chromedriver!GetHandleVerifier [0x46b4a4+10684]&#10;&#09;chromedriver!(No symbol) [0x271e10]&#10;&#09;chromedriver!(No symbol) [0x2ba9da]&#10;&#09;chromedriver!(No symbol) [0x2bac7b]&#10;&#09;chromedriver!(No symbol) [0x2fd162]&#10;&#09;chromedriver!(No symbol) [0x2dd8b4]&#10;&#09;chromedriver!(No symbol) [0x2faa36]&#10;&#09;chromedriver!(No symbol) [0x2dd606]&#10;&#09;chromedriver!(No symbol) [0x2b0039]&#10;&#09;chromedriver!(No symbol) [0x2b0df4]&#10;&#09;chromedriver!GetHandleVerifier [0x6eddb4+292f94]&#10;&#09;chromedriver!GetHandleVerifier [0x6e937d+28e55d]&#10;&#09;chromedriver!GetHandleVerifier [0x708215+2ad3f5]&#10;&#09;chromedriver!GetHandleVerifier [0x484c18+29df8]&#10;&#09;chromedriver!GetHandleVerifier [0x48c6fd+318dd]&#10;&#09;chromedriver!GetHandleVerifier [0x473c78+18e58]&#10;&#09;chromedriver!GetHandleVerifier [0x473e42+19022]&#10;&#09;chromedriver!GetHandleVerifier [0x45d45f+263f]&#10;&#09;KERNEL32!BaseThreadInitThunk [0x75e85d49+19]&#10;&#09;ntdll!RtlInitializeExceptionChain [0x76f1d83b+6b]&#10;&#09;ntdll!RtlGetAppContainerNamedObjectPath [0x76f1d7c1+231]">tests\test_CT_001_ajout_au_panier___flux_nominal.py:93: in test_add_to_cart_button_visible
    _go_to_cart_page(driver)
tests\test_CT_001_ajout_au_panier___flux_nominal.py:58: in _go_to_cart_page
    _go_to_listing(driver, BASE_URL)
tests\test_CT_001_ajout_au_panier___flux_nominal.py:25: in _go_to_listing
    sub = WebDriverWait(driver, 20).until(
C:\Users\Lenovo\AppData\Local\Programs\Python\Python313\Lib\site-packages\selenium\webdriver\support\wait.py:121: in until
    raise TimeoutException(message, screen, stacktrace)
E   selenium.common.exceptions.TimeoutException: Message: 
E   Stacktrace:
E   	chromedriver!GetHandleVerifier [0x46b373+10553]
E   	chromedriver!GetHandleVerifier [0x46b4a4+10684]
E   	chromedriver!(No symbol) [0x271e10]
E   	chromedriver!(No symbol) [0x2ba9da]
E   	chromedriver!(No symbol) [0x2bac7b]
E   	chromedriver!(No symbol) [0x2fd162]
E   	chromedriver!(No symbol) [0x2dd8b4]
E   	chromedriver!(No symbol) [0x2faa36]
E   	chromedriver!(No symbol) [0x2dd606]
E   	chromedriver!(No symbol) [0x2b0039]
E   	chromedriver!(No symbol) [0x2b0df4]
E   	chromedriver!GetHandleVerifier [0x6eddb4+292f94]
E   	chromedriver!GetHandleVerifier [0x6e937d+28e55d]
E   	chromedriver!GetHandleVerifier [0x708215+2ad3f5]
E   	chromedriver!GetHandleVerifier [0x484c18+29df8]
E   	chromedriver!GetHandleVerifier [0x48c6fd+318dd]
E   	chromedriver!GetHandleVerifier [0x473c78+18e58]
E   	chromedriver!GetHandleVerifier [0x473e42+19022]
E   	chromedriver!GetHandleVerifier [0x45d45f+263f]
E   	KERNEL32!BaseThreadInitThunk [0x75e85d49+19]
E   	ntdll!RtlInitializeExceptionChain [0x76f1d83b+6b]
E   	ntdll!RtlGetAppContainerNamedObjectPath [0x76f1d7c1+231]</failure></testcase><testcase classname="tests.test_CT_001_ajout_au_panier___flux_nominal" name="test_cart_counter_visible" time="50.043"><failure message="selenium.common.exceptions.TimeoutException: Message: &#10;Stacktrace:&#10;&#09;chromedriver!GetHandleVerifier [0x46b373+10553]&#10;&#09;chromedriver!GetHandleVerifier [0x46b4a4+10684]&#10;&#09;chromedriver!(No symbol) [0x271e10]&#10;&#09;chromedriver!(No symbol) [0x2ba9da]&#10;&#09;chromedriver!(No symbol) [0x2bac7b]&#10;&#09;chromedriver!(No symbol) [0x2fd162]&#10;&#09;chromedriver!(No symbol) [0x2dd8b4]&#10;&#09;chromedriver!(No symbol) [0x2faa36]&#10;&#09;chromedriver!(No symbol) [0x2dd606]&#10;&#09;chromedriver!(No symbol) [0x2b0039]&#10;&#09;chromedriver!(No symbol) [0x2b0df4]&#10;&#09;chromedriver!GetHandleVerifier [0x6eddb4+292f94]&#10;&#09;chromedriver!GetHandleVerifier [0x6e937d+28e55d]&#10;&#09;chromedriver!GetHandleVerifier [0x708215+2ad3f5]&#10;&#09;chromedriver!GetHandleVerifier [0x484c18+29df8]&#10;&#09;chromedriver!GetHandleVerifier [0x48c6fd+318dd]&#10;&#09;chromedriver!GetHandleVerifier [0x473c78+18e58]&#10;&#09;chromedriver!GetHandleVerifier [0x473e42+19022]&#10;&#09;chromedriver!GetHandleVerifier [0x45d45f+263f]&#10;&#09;KERNEL32!BaseThreadInitThunk [0x75e85d49+19]&#10;&#09;ntdll!RtlInitializeExceptionChain [0x76f1d83b+6b]&#10;&#09;ntdll!RtlGetAppContainerNamedObjectPath [0x76f1d7c1+231]">tests\test_CT_001_ajout_au_panier___flux_nominal.py:102: in test_cart_counter_visible
    _go_to_cart_page(driver)
tests\test_CT_001_ajout_au_panier___flux_nominal.py:58: in _go_to_cart_page
    _go_to_listing(driver, BASE_URL)
tests\test_CT_001_ajout_au_panier___flux_nominal.py:25: in _go_to_listing
    sub = WebDriverWait(driver, 20).until(
C:\Users\Lenovo\AppData\Local\Programs\Python\Python313\Lib\site-packages\selenium\webdriver\support\wait.py:121: in until
    raise TimeoutException(message, screen, stacktrace)
E   selenium.common.exceptions.TimeoutException: Message: 
E   Stacktrace:
E   	chromedriver!GetHandleVerifier [0x46b373+10553]
E   	chromedriver!GetHandleVerifier [0x46b4a4+10684]
E   	chromedriver!(No symbol) [0x271e10]
E   	chromedriver!(No symbol) [0x2ba9da]
E   	chromedriver!(No symbol) [0x2bac7b]
E   	chromedriver!(No symbol) [0x2fd162]
E   	chromedriver!(No symbol) [0x2dd8b4]
E   	chromedriver!(No symbol) [0x2faa36]
E   	chromedriver!(No symbol) [0x2dd606]
E   	chromedriver!(No symbol) [0x2b0039]
E   	chromedriver!(No symbol) [0x2b0df4]
E   	chromedriver!GetHandleVerifier [0x6eddb4+292f94]
E   	chromedriver!GetHandleVerifier [0x6e937d+28e55d]
E   	chromedriver!GetHandleVerifier [0x708215+2ad3f5]
E   	chromedriver!GetHandleVerifier [0x484c18+29df8]
E   	chromedriver!GetHandleVerifier [0x48c6fd+318dd]
E   	chromedriver!GetHandleVerifier [0x473c78+18e58]
E   	chromedriver!GetHandleVerifier [0x473e42+19022]
E   	chromedriver!GetHandleVerifier [0x45d45f+263f]
E   	KERNEL32!BaseThreadInitThunk [0x75e85d49+19]
E   	ntdll!RtlInitializeExceptionChain [0x76f1d83b+6b]
E   	ntdll!RtlGetAppContainerNamedObjectPath [0x76f1d7c1+231]</failure></testcase><testcase classname="tests.test_CT_001_cas_positif___création_de_compte_et_conn" name="test_products_list_is_displayed" time="28.987"><failure message="selenium.common.exceptions.TimeoutException: Message: &#10;Stacktrace:&#10;&#09;chromedriver!GetHandleVerifier [0x46b373+10553]&#10;&#09;chromedriver!GetHandleVerifier [0x46b4a4+10684]&#10;&#09;chromedriver!(No symbol) [0x271e10]&#10;&#09;chromedriver!(No symbol) [0x2ba9da]&#10;&#09;chromedriver!(No symbol) [0x2bac7b]&#10;&#09;chromedriver!(No symbol) [0x2fd162]&#10;&#09;chromedriver!(No symbol) [0x2dd8b4]&#10;&#09;chromedriver!(No symbol) [0x2faa36]&#10;&#09;chromedriver!(No symbol) [0x2dd606]&#10;&#09;chromedriver!(No symbol) [0x2b0039]&#10;&#09;chromedriver!(No symbol) [0x2b0df4]&#10;&#09;chromedriver!GetHandleVerifier [0x6eddb4+292f94]&#10;&#09;chromedriver!GetHandleVerifier [0x6e937d+28e55d]&#10;&#09;chromedriver!GetHandleVerifier [0x708215+2ad3f5]&#10;&#09;chromedriver!GetHandleVerifier [0x484c18+29df8]&#10;&#09;chromedriver!GetHandleVerifier [0x48c6fd+318dd]&#10;&#09;chromedriver!GetHandleVerifier [0x473c78+18e58]&#10;&#09;chromedriver!GetHandleVerifier [0x473e42+19022]&#10;&#09;chromedriver!GetHandleVerifier [0x45d45f+263f]&#10;&#09;KERNEL32!BaseThreadInitThunk [0x75e85d49+19]&#10;&#09;ntdll!RtlInitializeExceptionChain [0x76f1d83b+6b]&#10;&#09;ntdll!RtlGetAppContainerNamedObjectPath [0x76f1d7c1+231]">tests\test_CT_001_cas_positif___création_de_compte_et_conn.py:45: in test_products_list_is_displayed
    _go_to_listing(driver, BASE_URL)
tests\test_CT_001_cas_positif___création_de_compte_et_conn.py:25: in _go_to_listing
    sub = WebDriverWait(driver, 20).until(
C:\Users\Lenovo\AppData\Local\Programs\Python\Python313\Lib\site-packages\selenium\webdriver\support\wait.py:121: in until
    raise TimeoutException(message, screen, stacktrace)
E   selenium.common.exceptions.TimeoutException: Message: 
E   Stacktrace:
E   	chromedriver!GetHandleVerifier [0x46b373+10553]
E   	chromedriver!GetHandleVerifier [0x46b4a4+10684]
E   	chromedriver!(No symbol) [0x271e10]
E   	chromedriver!(No symbol) [0x2ba9da]
E   	chromedriver!(No symbol) [0x2bac7b]
E   	chromedriver!(No symbol) [0x2fd162]
E   	chromedriver!(No symbol) [0x2dd8b4]
E   	chromedriver!(No symbol) [0x2faa36]
E   	chromedriver!(No symbol) [0x2dd606]
E   	chromedriver!(No symbol) [0x2b0039]
E   	chromedriver!(No symbol) [0x2b0df4]
E   	chromedriver!GetHandleVerifier [0x6eddb4+292f94]
E   	chromedriver!GetHandleVerifier [0x6e937d+28e55d]
E   	chromedriver!GetHandleVerifier [0x708215+2ad3f5]
E   	chromedriver!GetHandleVerifier [0x484c18+29df8]
E   	chromedriver!GetHandleVerifier [0x48c6fd+318dd]
E   	chromedriver!GetHandleVerifier [0x473c78+18e58]
E   	chromedriver!GetHandleVerifier [0x473e42+19022]
E   	chromedriver!GetHandleVerifier [0x45d45f+263f]
E   	KERNEL32!BaseThreadInitThunk [0x75e85d49+19]
E   	ntdll!RtlInitializeExceptionChain [0x76f1d83b+6b]
E   	ntdll!RtlGetAppContainerNamedObjectPath [0x76f1d7c1+231]</failure></testcase><testcase classname="tests.test_CT_001_cas_positif___création_de_compte_et_conn" name="test_product_image_present" time="28.717"><failure message="selenium.common.exceptions.TimeoutException: Message: &#10;Stacktrace:&#10;&#09;chromedriver!GetHandleVerifier [0x46b373+10553]&#10;&#09;chromedriver!GetHandleVerifier [0x46b4a4+10684]&#10;&#09;chromedriver!(No symbol) [0x271e10]&#10;&#09;chromedriver!(No symbol) [0x2ba9da]&#10;&#09;chromedriver!(No symbol) [0x2bac7b]&#10;&#09;chromedriver!(No symbol) [0x2fd162]&#10;&#09;chromedriver!(No symbol) [0x2dd8b4]&#10;&#09;chromedriver!(No symbol) [0x2faa36]&#10;&#09;chromedriver!(No symbol) [0x2dd606]&#10;&#09;chromedriver!(No symbol) [0x2b0039]&#10;&#09;chromedriver!(No symbol) [0x2b0df4]&#10;&#09;chromedriver!GetHandleVerifier [0x6eddb4+292f94]&#10;&#09;chromedriver!GetHandleVerifier [0x6e937d+28e55d]&#10;&#09;chromedriver!GetHandleVerifier [0x708215+2ad3f5]&#10;&#09;chromedriver!GetHandleVerifier [0x484c18+29df8]&#10;&#09;chromedriver!GetHandleVerifier [0x48c6fd+318dd]&#10;&#09;chromedriver!GetHandleVerifier [0x473c78+18e58]&#10;&#09;chromedriver!GetHandleVerifier [0x473e42+19022]&#10;&#09;chromedriver!GetHandleVerifier [0x45d45f+263f]&#10;&#09;KERNEL32!BaseThreadInitThunk [0x75e85d49+19]&#10;&#09;ntdll!RtlInitializeExceptionChain [0x76f1d83b+6b]&#10;&#09;ntdll!RtlGetAppContainerNamedObjectPath [0x76f1d7c1+231]">tests\test_CT_001_cas_positif___création_de_compte_et_conn.py:60: in test_product_image_present
    _go_to_listing(driver, BASE_URL)
tests\test_CT_001_cas_positif___création_de_compte_et_conn.py:25: in _go_to_listing
    sub = WebDriverWait(driver, 20).until(
C:\Users\Lenovo\AppData\Local\Programs\Python\Python313\Lib\site-packages\selenium\webdriver\support\wait.py:121: in until
    raise TimeoutException(message, screen, stacktrace)
E   selenium.common.exceptions.TimeoutException: Message: 
E   Stacktrace:
E   	chromedriver!GetHandleVerifier [0x46b373+10553]
E   	chromedriver!GetHandleVerifier [0x46b4a4+10684]
E   	chromedriver!(No symbol) [0x271e10]
E   	chromedriver!(No symbol) [0x2ba9da]
E   	chromedriver!(No symbol) [0x2bac7b]
E   	chromedriver!(No symbol) [0x2fd162]
E   	chromedriver!(No symbol) [0x2dd8b4]
E   	chromedriver!(No symbol) [0x2faa36]
E   	chromedriver!(No symbol) [0x2dd606]
E   	chromedriver!(No symbol) [0x2b0039]
E   	chromedriver!(No symbol) [0x2b0df4]
E   	chromedriver!GetHandleVerifier [0x6eddb4+292f94]
E   	chromedriver!GetHandleVerifier [0x6e937d+28e55d]
E   	chromedriver!GetHandleVerifier [0x708215+2ad3f5]
E   	chromedriver!GetHandleVerifier [0x484c18+29df8]
E   	chromedriver!GetHandleVerifier [0x48c6fd+318dd]
E   	chromedriver!GetHandleVerifier [0x473c78+18e58]
E   	chromedriver!GetHandleVerifier [0x473e42+19022]
E   	chromedriver!GetHandleVerifier [0x45d45f+263f]
E   	KERNEL32!BaseThreadInitThunk [0x75e85d49+19]
E   	ntdll!RtlInitializeExceptionChain [0x76f1d83b+6b]
E   	ntdll!RtlGetAppContainerNamedObjectPath [0x76f1d7c1+231]</failure></testcase><testcase classname="tests.test_CT_001_cas_positif___création_de_compte_et_conn" name="test_invalid_url_shows_no_products" time="13.470" /><testcase classname="tests.test_CT_001_envoi_de_message_valide" name="test_products_list_is_displayed" time="29.684"><failure message="selenium.common.exceptions.TimeoutException: Message: &#10;Stacktrace:&#10;&#09;chromedriver!GetHandleVerifier [0x46b373+10553]&#10;&#09;chromedriver!GetHandleVerifier [0x46b4a4+10684]&#10;&#09;chromedriver!(No symbol) [0x271e10]&#10;&#09;chromedriver!(No symbol) [0x2ba9da]&#10;&#09;chromedriver!(No symbol) [0x2bac7b]&#10;&#09;chromedriver!(No symbol) [0x2fd162]&#10;&#09;chromedriver!(No symbol) [0x2dd8b4]&#10;&#09;chromedriver!(No symbol) [0x2faa36]&#10;&#09;chromedriver!(No symbol) [0x2dd606]&#10;&#09;chromedriver!(No symbol) [0x2b0039]&#10;&#09;chromedriver!(No symbol) [0x2b0df4]&#10;&#09;chromedriver!GetHandleVerifier [0x6eddb4+292f94]&#10;&#09;chromedriver!GetHandleVerifier [0x6e937d+28e55d]&#10;&#09;chromedriver!GetHandleVerifier [0x708215+2ad3f5]&#10;&#09;chromedriver!GetHandleVerifier [0x484c18+29df8]&#10;&#09;chromedriver!GetHandleVerifier [0x48c6fd+318dd]&#10;&#09;chromedriver!GetHandleVerifier [0x473c78+18e58]&#10;&#09;chromedriver!GetHandleVerifier [0x473e42+19022]&#10;&#09;chromedriver!GetHandleVerifier [0x45d45f+263f]&#10;&#09;KERNEL32!BaseThreadInitThunk [0x75e85d49+19]&#10;&#09;ntdll!RtlInitializeExceptionChain [0x76f1d83b+6b]&#10;&#09;ntdll!RtlGetAppContainerNamedObjectPath [0x76f1d7c1+231]">tests\test_CT_001_envoi_de_message_valide.py:45: in test_products_list_is_displayed
    _go_to_listing(driver, BASE_URL)
tests\test_CT_001_envoi_de_message_valide.py:25: in _go_to_listing
    sub = WebDriverWait(driver, 20).until(
C:\Users\Lenovo\AppData\Local\Programs\Python\Python313\Lib\site-packages\selenium\webdriver\support\wait.py:121: in until
    raise TimeoutException(message, screen, stacktrace)
E   selenium.common.exceptions.TimeoutException: Message: 
E   Stacktrace:
E   	chromedriver!GetHandleVerifier [0x46b373+10553]
E   	chromedriver!GetHandleVerifier [0x46b4a4+10684]
E   	chromedriver!(No symbol) [0x271e10]
E   	chromedriver!(No symbol) [0x2ba9da]
E   	chromedriver!(No symbol) [0x2bac7b]
E   	chromedriver!(No symbol) [0x2fd162]
E   	chromedriver!(No symbol) [0x2dd8b4]
E   	chromedriver!(No symbol) [0x2faa36]
E   	chromedriver!(No symbol) [0x2dd606]
E   	chromedriver!(No symbol) [0x2b0039]
E   	chromedriver!(No symbol) [0x2b0df4]
E   	chromedriver!GetHandleVerifier [0x6eddb4+292f94]
E   	chromedriver!GetHandleVerifier [0x6e937d+28e55d]
E   	chromedriver!GetHandleVerifier [0x708215+2ad3f5]
E   	chromedriver!GetHandleVerifier [0x484c18+29df8]
E   	chromedriver!GetHandleVerifier [0x48c6fd+318dd]
E   	chromedriver!GetHandleVerifier [0x473c78+18e58]
E   	chromedriver!GetHandleVerifier [0x473e42+19022]
E   	chromedriver!GetHandleVerifier [0x45d45f+263f]
E   	KERNEL32!BaseThreadInitThunk [0x75e85d49+19]
E   	ntdll!RtlInitializeExceptionChain [0x76f1d83b+6b]
E   	ntdll!RtlGetAppContainerNamedObjectPath [0x76f1d7c1+231]</failure></testcase><testcase classname="tests.test_CT_001_envoi_de_message_valide" name="test_product_image_present" time="28.559"><failure message="selenium.common.exceptions.TimeoutException: Message: &#10;Stacktrace:&#10;&#09;chromedriver!GetHandleVerifier [0x46b373+10553]&#10;&#09;chromedriver!GetHandleVerifier [0x46b4a4+10684]&#10;&#09;chromedriver!(No symbol) [0x271e10]&#10;&#09;chromedriver!(No symbol) [0x2ba9da]&#10;&#09;chromedriver!(No symbol) [0x2bac7b]&#10;&#09;chromedriver!(No symbol) [0x2fd162]&#10;&#09;chromedriver!(No symbol) [0x2dd8b4]&#10;&#09;chromedriver!(No symbol) [0x2faa36]&#10;&#09;chromedriver!(No symbol) [0x2dd606]&#10;&#09;chromedriver!(No symbol) [0x2b0039]&#10;&#09;chromedriver!(No symbol) [0x2b0df4]&#10;&#09;chromedriver!GetHandleVerifier [0x6eddb4+292f94]&#10;&#09;chromedriver!GetHandleVerifier [0x6e937d+28e55d]&#10;&#09;chromedriver!GetHandleVerifier [0x708215+2ad3f5]&#10;&#09;chromedriver!GetHandleVerifier [0x484c18+29df8]&#10;&#09;chromedriver!GetHandleVerifier [0x48c6fd+318dd]&#10;&#09;chromedriver!GetHandleVerifier [0x473c78+18e58]&#10;&#09;chromedriver!GetHandleVerifier [0x473e42+19022]&#10;&#09;chromedriver!GetHandleVerifier [0x45d45f+263f]&#10;&#09;KERNEL32!BaseThreadInitThunk [0x75e85d49+19]&#10;&#09;ntdll!RtlInitializeExceptionChain [0x76f1d83b+6b]&#10;&#09;ntdll!RtlGetAppContainerNamedObjectPath [0x76f1d7c1+231]">tests\test_CT_001_envoi_de_message_valide.py:60: in test_product_image_present
    _go_to_listing(driver, BASE_URL)
tests\test_CT_001_envoi_de_message_valide.py:25: in _go_to_listing
    sub = WebDriverWait(driver, 20).until(
C:\Users\Lenovo\AppData\Local\Programs\Python\Python313\Lib\site-packages\selenium\webdriver\support\wait.py:121: in until
    raise TimeoutException(message, screen, stacktrace)
E   selenium.common.exceptions.TimeoutException: Message: 
E   Stacktrace:
E   	chromedriver!GetHandleVerifier [0x46b373+10553]
E   	chromedriver!GetHandleVerifier [0x46b4a4+10684]
E   	chromedriver!(No symbol) [0x271e10]
E   	chromedriver!(No symbol) [0x2ba9da]
E   	chromedriver!(No symbol) [0x2bac7b]
E   	chromedriver!(No symbol) [0x2fd162]
E   	chromedriver!(No symbol) [0x2dd8b4]
E   	chromedriver!(No symbol) [0x2faa36]
E   	chromedriver!(No symbol) [0x2dd606]
E   	chromedriver!(No symbol) [0x2b0039]
E   	chromedriver!(No symbol) [0x2b0df4]
E   	chromedriver!GetHandleVerifier [0x6eddb4+292f94]
E   	chromedriver!GetHandleVerifier [0x6e937d+28e55d]
E   	chromedriver!GetHandleVerifier [0x708215+2ad3f5]
E   	chromedriver!GetHandleVerifier [0x484c18+29df8]
E   	chromedriver!GetHandleVerifier [0x48c6fd+318dd]
E   	chromedriver!GetHandleVerifier [0x473c78+18e58]
E   	chromedriver!GetHandleVerifier [0x473e42+19022]
E   	chromedriver!GetHandleVerifier [0x45d45f+263f]
E   	KERNEL32!BaseThreadInitThunk [0x75e85d49+19]
E   	ntdll!RtlInitializeExceptionChain [0x76f1d83b+6b]
E   	ntdll!RtlGetAppContainerNamedObjectPath [0x76f1d7c1+231]</failure></testcase><testcase classname="tests.test_CT_001_envoi_de_message_valide" name="test_invalid_url_shows_no_products" time="13.383" /><testcase classname="tests.test_CT_001_generated_test_case" name="test_products_list_is_displayed" time="28.752"><failure message="selenium.common.exceptions.TimeoutException: Message: &#10;Stacktrace:&#10;&#09;chromedriver!GetHandleVerifier [0x46b373+10553]&#10;&#09;chromedriver!GetHandleVerifier [0x46b4a4+10684]&#10;&#09;chromedriver!(No symbol) [0x271e10]&#10;&#09;chromedriver!(No symbol) [0x2ba9da]&#10;&#09;chromedriver!(No symbol) [0x2bac7b]&#10;&#09;chromedriver!(No symbol) [0x2fd162]&#10;&#09;chromedriver!(No symbol) [0x2dd8b4]&#10;&#09;chromedriver!(No symbol) [0x2faa36]&#10;&#09;chromedriver!(No symbol) [0x2dd606]&#10;&#09;chromedriver!(No symbol) [0x2b0039]&#10;&#09;chromedriver!(No symbol) [0x2b0df4]&#10;&#09;chromedriver!GetHandleVerifier [0x6eddb4+292f94]&#10;&#09;chromedriver!GetHandleVerifier [0x6e937d+28e55d]&#10;&#09;chromedriver!GetHandleVerifier [0x708215+2ad3f5]&#10;&#09;chromedriver!GetHandleVerifier [0x484c18+29df8]&#10;&#09;chromedriver!GetHandleVerifier [0x48c6fd+318dd]&#10;&#09;chromedriver!GetHandleVerifier [0x473c78+18e58]&#10;&#09;chromedriver!GetHandleVerifier [0x473e42+19022]&#10;&#09;chromedriver!GetHandleVerifier [0x45d45f+263f]&#10;&#09;KERNEL32!BaseThreadInitThunk [0x75e85d49+19]&#10;&#09;ntdll!RtlInitializeExceptionChain [0x76f1d83b+6b]&#10;&#09;ntdll!RtlGetAppContainerNamedObjectPath [0x76f1d7c1+231]">tests\test_CT_001_generated_test_case.py:45: in test_products_list_is_displayed
    _go_to_listing(driver, BASE_URL)
tests\test_CT_001_generated_test_case.py:25: in _go_to_listing
    sub = WebDriverWait(driver, 20).until(
C:\Users\Lenovo\AppData\Local\Programs\Python\Python313\Lib\site-packages\selenium\webdriver\support\wait.py:121: in until
    raise TimeoutException(message, screen, stacktrace)
E   selenium.common.exceptions.TimeoutException: Message: 
E   Stacktrace:
E   	chromedriver!GetHandleVerifier [0x46b373+10553]
E   	chromedriver!GetHandleVerifier [0x46b4a4+10684]
E   	chromedriver!(No symbol) [0x271e10]
E   	chromedriver!(No symbol) [0x2ba9da]
E   	chromedriver!(No symbol) [0x2bac7b]
E   	chromedriver!(No symbol) [0x2fd162]
E   	chromedriver!(No symbol) [0x2dd8b4]
E   	chromedriver!(No symbol) [0x2faa36]
E   	chromedriver!(No symbol) [0x2dd606]
E   	chromedriver!(No symbol) [0x2b0039]
E   	chromedriver!(No symbol) [0x2b0df4]
E   	chromedriver!GetHandleVerifier [0x6eddb4+292f94]
E   	chromedriver!GetHandleVerifier [0x6e937d+28e55d]
E   	chromedriver!GetHandleVerifier [0x708215+2ad3f5]
E   	chromedriver!GetHandleVerifier [0x484c18+29df8]
E   	chromedriver!GetHandleVerifier [0x48c6fd+318dd]
E   	chromedriver!GetHandleVerifier [0x473c78+18e58]
E   	chromedriver!GetHandleVerifier [0x473e42+19022]
E   	chromedriver!GetHandleVerifier [0x45d45f+263f]
E   	KERNEL32!BaseThreadInitThunk [0x75e85d49+19]
E   	ntdll!RtlInitializeExceptionChain [0x76f1d83b+6b]
E   	ntdll!RtlGetAppContainerNamedObjectPath [0x76f1d7c1+231]</failure></testcase><testcase classname="tests.test_CT_001_generated_test_case" name="test_product_image_present" time="28.581"><failure message="selenium.common.exceptions.TimeoutException: Message: &#10;Stacktrace:&#10;&#09;chromedriver!GetHandleVerifier [0x46b373+10553]&#10;&#09;chromedriver!GetHandleVerifier [0x46b4a4+10684]&#10;&#09;chromedriver!(No symbol) [0x271e10]&#10;&#09;chromedriver!(No symbol) [0x2ba9da]&#10;&#09;chromedriver!(No symbol) [0x2bac7b]&#10;&#09;chromedriver!(No symbol) [0x2fd162]&#10;&#09;chromedriver!(No symbol) [0x2dd8b4]&#10;&#09;chromedriver!(No symbol) [0x2faa36]&#10;&#09;chromedriver!(No symbol) [0x2dd606]&#10;&#09;chromedriver!(No symbol) [0x2b0039]&#10;&#09;chromedriver!(No symbol) [0x2b0df4]&#10;&#09;chromedriver!GetHandleVerifier [0x6eddb4+292f94]&#10;&#09;chromedriver!GetHandleVerifier [0x6e937d+28e55d]&#10;&#09;chromedriver!GetHandleVerifier [0x708215+2ad3f5]&#10;&#09;chromedriver!GetHandleVerifier [0x484c18+29df8]&#10;&#09;chromedriver!GetHandleVerifier [0x48c6fd+318dd]&#10;&#09;chromedriver!GetHandleVerifier [0x473c78+18e58]&#10;&#09;chromedriver!GetHandleVerifier [0x473e42+19022]&#10;&#09;chromedriver!GetHandleVerifier [0x45d45f+263f]&#10;&#09;KERNEL32!BaseThreadInitThunk [0x75e85d49+19]&#10;&#09;ntdll!RtlInitializeExceptionChain [0x76f1d83b+6b]&#10;&#09;ntdll!RtlGetAppContainerNamedObjectPath [0x76f1d7c1+231]">tests\test_CT_001_generated_test_case.py:60: in test_product_image_present
    _go_to_listing(driver, BASE_URL)
tests\test_CT_001_generated_test_case.py:25: in _go_to_listing
    sub = WebDriverWait(driver, 20).until(
C:\Users\Lenovo\AppData\Local\Programs\Python\Python313\Lib\site-packages\selenium\webdriver\support\wait.py:121: in until
    raise TimeoutException(message, screen, stacktrace)
E   selenium.common.exceptions.TimeoutException: Message: 
E   Stacktrace:
E   	chromedriver!GetHandleVerifier [0x46b373+10553]
E   	chromedriver!GetHandleVerifier [0x46b4a4+10684]
E   	chromedriver!(No symbol) [0x271e10]
E   	chromedriver!(No symbol) [0x2ba9da]
E   	chromedriver!(No symbol) [0x2bac7b]
E   	chromedriver!(No symbol) [0x2fd162]
E   	chromedriver!(No symbol) [0x2dd8b4]
E   	chromedriver!(No symbol) [0x2faa36]
E   	chromedriver!(No symbol) [0x2dd606]
E   	chromedriver!(No symbol) [0x2b0039]
E   	chromedriver!(No symbol) [0x2b0df4]
E   	chromedriver!GetHandleVerifier [0x6eddb4+292f94]
E   	chromedriver!GetHandleVerifier [0x6e937d+28e55d]
E   	chromedriver!GetHandleVerifier [0x708215+2ad3f5]
E   	chromedriver!GetHandleVerifier [0x484c18+29df8]
E   	chromedriver!GetHandleVerifier [0x48c6fd+318dd]
E   	chromedriver!GetHandleVerifier [0x473c78+18e58]
E   	chromedriver!GetHandleVerifier [0x473e42+19022]
E   	chromedriver!GetHandleVerifier [0x45d45f+263f]
E   	KERNEL32!BaseThreadInitThunk [0x75e85d49+19]
E   	ntdll!RtlInitializeExceptionChain [0x76f1d83b+6b]
E   	ntdll!RtlGetAppContainerNamedObjectPath [0x76f1d7c1+231]</failure></testcase><testcase classname="tests.test_CT_001_generated_test_case" name="test_invalid_url_shows_no_products" time="13.425" /><testcase classname="tests.test_CT_001_navigation_entre_catégories" name="test_products_list_is_displayed" time="28.695"><failure message="selenium.common.exceptions.TimeoutException: Message: &#10;Stacktrace:&#10;&#09;chromedriver!GetHandleVerifier [0x46b373+10553]&#10;&#09;chromedriver!GetHandleVerifier [0x46b4a4+10684]&#10;&#09;chromedriver!(No symbol) [0x271e10]&#10;&#09;chromedriver!(No symbol) [0x2ba9da]&#10;&#09;chromedriver!(No symbol) [0x2bac7b]&#10;&#09;chromedriver!(No symbol) [0x2fd162]&#10;&#09;chromedriver!(No symbol) [0x2dd8b4]&#10;&#09;chromedriver!(No symbol) [0x2faa36]&#10;&#09;chromedriver!(No symbol) [0x2dd606]&#10;&#09;chromedriver!(No symbol) [0x2b0039]&#10;&#09;chromedriver!(No symbol) [0x2b0df4]&#10;&#09;chromedriver!GetHandleVerifier [0x6eddb4+292f94]&#10;&#09;chromedriver!GetHandleVerifier [0x6e937d+28e55d]&#10;&#09;chromedriver!GetHandleVerifier [0x708215+2ad3f5]&#10;&#09;chromedriver!GetHandleVerifier [0x484c18+29df8]&#10;&#09;chromedriver!GetHandleVerifier [0x48c6fd+318dd]&#10;&#09;chromedriver!GetHandleVerifier [0x473c78+18e58]&#10;&#09;chromedriver!GetHandleVerifier [0x473e42+19022]&#10;&#09;chromedriver!GetHandleVerifier [0x45d45f+263f]&#10;&#09;KERNEL32!BaseThreadInitThunk [0x75e85d49+19]&#10;&#09;ntdll!RtlInitializeExceptionChain [0x76f1d83b+6b]&#10;&#09;ntdll!RtlGetAppContainerNamedObjectPath [0x76f1d7c1+231]">tests\test_CT_001_navigation_entre_catégories.py:45: in test_products_list_is_displayed
    _go_to_listing(driver, BASE_URL)
tests\test_CT_001_navigation_entre_catégories.py:25: in _go_to_listing
    sub = WebDriverWait(driver, 20).until(
C:\Users\Lenovo\AppData\Local\Programs\Python\Python313\Lib\site-packages\selenium\webdriver\support\wait.py:121: in until
    raise TimeoutException(message, screen, stacktrace)
E   selenium.common.exceptions.TimeoutException: Message: 
E   Stacktrace:
E   	chromedriver!GetHandleVerifier [0x46b373+10553]
E   	chromedriver!GetHandleVerifier [0x46b4a4+10684]
E   	chromedriver!(No symbol) [0x271e10]
E   	chromedriver!(No symbol) [0x2ba9da]
E   	chromedriver!(No symbol) [0x2bac7b]
E   	chromedriver!(No symbol) [0x2fd162]
E   	chromedriver!(No symbol) [0x2dd8b4]
E   	chromedriver!(No symbol) [0x2faa36]
E   	chromedriver!(No symbol) [0x2dd606]
E   	chromedriver!(No symbol) [0x2b0039]
E   	chromedriver!(No symbol) [0x2b0df4]
E   	chromedriver!GetHandleVerifier [0x6eddb4+292f94]
E   	chromedriver!GetHandleVerifier [0x6e937d+28e55d]
E   	chromedriver!GetHandleVerifier [0x708215+2ad3f5]
E   	chromedriver!GetHandleVerifier [0x484c18+29df8]
E   	chromedriver!GetHandleVerifier [0x48c6fd+318dd]
E   	chromedriver!GetHandleVerifier [0x473c78+18e58]
E   	chromedriver!GetHandleVerifier [0x473e42+19022]
E   	chromedriver!GetHandleVerifier [0x45d45f+263f]
E   	KERNEL32!BaseThreadInitThunk [0x75e85d49+19]
E   	ntdll!RtlInitializeExceptionChain [0x76f1d83b+6b]
E   	ntdll!RtlGetAppContainerNamedObjectPath [0x76f1d7c1+231]</failure></testcase><testcase classname="tests.test_CT_001_navigation_entre_catégories" name="test_product_image_present" time="28.752"><failure message="selenium.common.exceptions.TimeoutException: Message: &#10;Stacktrace:&#10;&#09;chromedriver!GetHandleVerifier [0x46b373+10553]&#10;&#09;chromedriver!GetHandleVerifier [0x46b4a4+10684]&#10;&#09;chromedriver!(No symbol) [0x271e10]&#10;&#09;chromedriver!(No symbol) [0x2ba9da]&#10;&#09;chromedriver!(No symbol) [0x2bac7b]&#10;&#09;chromedriver!(No symbol) [0x2fd162]&#10;&#09;chromedriver!(No symbol) [0x2dd8b4]&#10;&#09;chromedriver!(No symbol) [0x2faa36]&#10;&#09;chromedriver!(No symbol) [0x2dd606]&#10;&#09;chromedriver!(No symbol) [0x2b0039]&#10;&#09;chromedriver!(No symbol) [0x2b0df4]&#10;&#09;chromedriver!GetHandleVerifier [0x6eddb4+292f94]&#10;&#09;chromedriver!GetHandleVerifier [0x6e937d+28e55d]&#10;&#09;chromedriver!GetHandleVerifier [0x708215+2ad3f5]&#10;&#09;chromedriver!GetHandleVerifier [0x484c18+29df8]&#10;&#09;chromedriver!GetHandleVerifier [0x48c6fd+318dd]&#10;&#09;chromedriver!GetHandleVerifier [0x473c78+18e58]&#10;&#09;chromedriver!GetHandleVerifier [0x473e42+19022]&#10;&#09;chromedriver!GetHandleVerifier [0x45d45f+263f]&#10;&#09;KERNEL32!BaseThreadInitThunk [0x75e85d49+19]&#10;&#09;ntdll!RtlInitializeExceptionChain [0x76f1d83b+6b]&#10;&#09;ntdll!RtlGetAppContainerNamedObjectPath [0x76f1d7c1+231]">tests\test_CT_001_navigation_entre_catégories.py:60: in test_product_image_present
    _go_to_listing(driver, BASE_URL)
tests\test_CT_001_navigation_entre_catégories.py:25: in _go_to_listing
    sub = WebDriverWait(driver, 20).until(
C:\Users\Lenovo\AppData\Local\Programs\Python\Python313\Lib\site-packages\selenium\webdriver\support\wait.py:121: in until
    raise TimeoutException(message, screen, stacktrace)
E   selenium.common.exceptions.TimeoutException: Message: 
E   Stacktrace:
E   	chromedriver!GetHandleVerifier [0x46b373+10553]
E   	chromedriver!GetHandleVerifier [0x46b4a4+10684]
E   	chromedriver!(No symbol) [0x271e10]
E   	chromedriver!(No symbol) [0x2ba9da]
E   	chromedriver!(No symbol) [0x2bac7b]
E   	chromedriver!(No symbol) [0x2fd162]
E   	chromedriver!(No symbol) [0x2dd8b4]
E   	chromedriver!(No symbol) [0x2faa36]
E   	chromedriver!(No symbol) [0x2dd606]
E   	chromedriver!(No symbol) [0x2b0039]
E   	chromedriver!(No symbol) [0x2b0df4]
E   	chromedriver!GetHandleVerifier [0x6eddb4+292f94]
E   	chromedriver!GetHandleVerifier [0x6e937d+28e55d]
E   	chromedriver!GetHandleVerifier [0x708215+2ad3f5]
E   	chromedriver!GetHandleVerifier [0x484c18+29df8]
E   	chromedriver!GetHandleVerifier [0x48c6fd+318dd]
E   	chromedriver!GetHandleVerifier [0x473c78+18e58]
E   	chromedriver!GetHandleVerifier [0x473e42+19022]
E   	chromedriver!GetHandleVerifier [0x45d45f+263f]
E   	KERNEL32!BaseThreadInitThunk [0x75e85d49+19]
E   	ntdll!RtlInitializeExceptionChain [0x76f1d83b+6b]
E   	ntdll!RtlGetAppContainerNamedObjectPath [0x76f1d7c1+231]</failure></testcase><testcase classname="tests.test_CT_001_navigation_entre_catégories" name="test_invalid_url_shows_no_products" time="13.325" /><testcase classname="tests.test_CT_001_navigation_entre_catégories___flux_nomin" name="test_products_list_is_displayed" time="28.857"><failure message="selenium.common.exceptions.TimeoutException: Message: &#10;Stacktrace:&#10;&#09;chromedriver!GetHandleVerifier [0x46b373+10553]&#10;&#09;chromedriver!GetHandleVerifier [0x46b4a4+10684]&#10;&#09;chromedriver!(No symbol) [0x271e10]&#10;&#09;chromedriver!(No symbol) [0x2ba9da]&#10;&#09;chromedriver!(No symbol) [0x2bac7b]&#10;&#09;chromedriver!(No symbol) [0x2fd162]&#10;&#09;chromedriver!(No symbol) [0x2dd8b4]&#10;&#09;chromedriver!(No symbol) [0x2faa36]&#10;&#09;chromedriver!(No symbol) [0x2dd606]&#10;&#09;chromedriver!(No symbol) [0x2b0039]&#10;&#09;chromedriver!(No symbol) [0x2b0df4]&#10;&#09;chromedriver!GetHandleVerifier [0x6eddb4+292f94]&#10;&#09;chromedriver!GetHandleVerifier [0x6e937d+28e55d]&#10;&#09;chromedriver!GetHandleVerifier [0x708215+2ad3f5]&#10;&#09;chromedriver!GetHandleVerifier [0x484c18+29df8]&#10;&#09;chromedriver!GetHandleVerifier [0x48c6fd+318dd]&#10;&#09;chromedriver!GetHandleVerifier [0x473c78+18e58]&#10;&#09;chromedriver!GetHandleVerifier [0x473e42+19022]&#10;&#09;chromedriver!GetHandleVerifier [0x45d45f+263f]&#10;&#09;KERNEL32!BaseThreadInitThunk [0x75e85d49+19]&#10;&#09;ntdll!RtlInitializeExceptionChain [0x76f1d83b+6b]&#10;&#09;ntdll!RtlGetAppContainerNamedObjectPath [0x76f1d7c1+231]">tests\test_CT_001_navigation_entre_catégories___flux_nomin.py:45: in test_products_list_is_displayed
    _go_to_listing(driver, BASE_URL)
tests\test_CT_001_navigation_entre_catégories___flux_nomin.py:25: in _go_to_listing
    sub = WebDriverWait(driver, 20).until(
C:\Users\Lenovo\AppData\Local\Programs\Python\Python313\Lib\site-packages\selenium\webdriver\support\wait.py:121: in until
    raise TimeoutException(message, screen, stacktrace)
E   selenium.common.exceptions.TimeoutException: Message: 
E   Stacktrace:
E   	chromedriver!GetHandleVerifier [0x46b373+10553]
E   	chromedriver!GetHandleVerifier [0x46b4a4+10684]
E   	chromedriver!(No symbol) [0x271e10]
E   	chromedriver!(No symbol) [0x2ba9da]
E   	chromedriver!(No symbol) [0x2bac7b]
E   	chromedriver!(No symbol) [0x2fd162]
E   	chromedriver!(No symbol) [0x2dd8b4]
E   	chromedriver!(No symbol) [0x2faa36]
E   	chromedriver!(No symbol) [0x2dd606]
E   	chromedriver!(No symbol) [0x2b0039]
E   	chromedriver!(No symbol) [0x2b0df4]
E   	chromedriver!GetHandleVerifier [0x6eddb4+292f94]
E   	chromedriver!GetHandleVerifier [0x6e937d+28e55d]
E   	chromedriver!GetHandleVerifier [0x708215+2ad3f5]
E   	chromedriver!GetHandleVerifier [0x484c18+29df8]
E   	chromedriver!GetHandleVerifier [0x48c6fd+318dd]
E   	chromedriver!GetHandleVerifier [0x473c78+18e58]
E   	chromedriver!GetHandleVerifier [0x473e42+19022]
E   	chromedriver!GetHandleVerifier [0x45d45f+263f]
E   	KERNEL32!BaseThreadInitThunk [0x75e85d49+19]
E   	ntdll!RtlInitializeExceptionChain [0x76f1d83b+6b]
E   	ntdll!RtlGetAppContainerNamedObjectPath [0x76f1d7c1+231]</failure></testcase><testcase classname="tests.test_CT_001_navigation_entre_catégories___flux_nomin" name="test_product_image_present" time="29.035"><failure message="selenium.common.exceptions.TimeoutException: Message: &#10;Stacktrace:&#10;&#09;chromedriver!GetHandleVerifier [0x46b373+10553]&#10;&#09;chromedriver!GetHandleVerifier [0x46b4a4+10684]&#10;&#09;chromedriver!(No symbol) [0x271e10]&#10;&#09;chromedriver!(No symbol) [0x2ba9da]&#10;&#09;chromedriver!(No symbol) [0x2bac7b]&#10;&#09;chromedriver!(No symbol) [0x2fd162]&#10;&#09;chromedriver!(No symbol) [0x2dd8b4]&#10;&#09;chromedriver!(No symbol) [0x2faa36]&#10;&#09;chromedriver!(No symbol) [0x2dd606]&#10;&#09;chromedriver!(No symbol) [0x2b0039]&#10;&#09;chromedriver!(No symbol) [0x2b0df4]&#10;&#09;chromedriver!GetHandleVerifier [0x6eddb4+292f94]&#10;&#09;chromedriver!GetHandleVerifier [0x6e937d+28e55d]&#10;&#09;chromedriver!GetHandleVerifier [0x708215+2ad3f5]&#10;&#09;chromedriver!GetHandleVerifier [0x484c18+29df8]&#10;&#09;chromedriver!GetHandleVerifier [0x48c6fd+318dd]&#10;&#09;chromedriver!GetHandleVerifier [0x473c78+18e58]&#10;&#09;chromedriver!GetHandleVerifier [0x473e42+19022]&#10;&#09;chromedriver!GetHandleVerifier [0x45d45f+263f]&#10;&#09;KERNEL32!BaseThreadInitThunk [0x75e85d49+19]&#10;&#09;ntdll!RtlInitializeExceptionChain [0x76f1d83b+6b]&#10;&#09;ntdll!RtlGetAppContainerNamedObjectPath [0x76f1d7c1+231]">tests\test_CT_001_navigation_entre_catégories___flux_nomin.py:60: in test_product_image_present
    _go_to_listing(driver, BASE_URL)
tests\test_CT_001_navigation_entre_catégories___flux_nomin.py:25: in _go_to_listing
    sub = WebDriverWait(driver, 20).until(
C:\Users\Lenovo\AppData\Local\Programs\Python\Python313\Lib\site-packages\selenium\webdriver\support\wait.py:121: in until
    raise TimeoutException(message, screen, stacktrace)
E   selenium.common.exceptions.TimeoutException: Message: 
E   Stacktrace:
E   	chromedriver!GetHandleVerifier [0x46b373+10553]
E   	chromedriver!GetHandleVerifier [0x46b4a4+10684]
E   	chromedriver!(No symbol) [0x271e10]
E   	chromedriver!(No symbol) [0x2ba9da]
E   	chromedriver!(No symbol) [0x2bac7b]
E   	chromedriver!(No symbol) [0x2fd162]
E   	chromedriver!(No symbol) [0x2dd8b4]
E   	chromedriver!(No symbol) [0x2faa36]
E   	chromedriver!(No symbol) [0x2dd606]
E   	chromedriver!(No symbol) [0x2b0039]
E   	chromedriver!(No symbol) [0x2b0df4]
E   	chromedriver!GetHandleVerifier [0x6eddb4+292f94]
E   	chromedriver!GetHandleVerifier [0x6e937d+28e55d]
E   	chromedriver!GetHandleVerifier [0x708215+2ad3f5]
E   	chromedriver!GetHandleVerifier [0x484c18+29df8]
E   	chromedriver!GetHandleVerifier [0x48c6fd+318dd]
E   	chromedriver!GetHandleVerifier [0x473c78+18e58]
E   	chromedriver!GetHandleVerifier [0x473e42+19022]
E   	chromedriver!GetHandleVerifier [0x45d45f+263f]
E   	KERNEL32!BaseThreadInitThunk [0x75e85d49+19]
E   	ntdll!RtlInitializeExceptionChain [0x76f1d83b+6b]
E   	ntdll!RtlGetAppContainerNamedObjectPath [0x76f1d7c1+231]</failure></testcase><testcase classname="tests.test_CT_001_navigation_entre_catégories___flux_nomin" name="test_invalid_url_shows_no_products" time="14.736" /><testcase classname="tests.test_CT_001_navigation_vers_détail_produit___flux_no" name="test_navigate_to_product_detail" time="28.389"><failure message="selenium.common.exceptions.TimeoutException: Message: &#10;Stacktrace:&#10;&#09;chromedriver!GetHandleVerifier [0x46b373+10553]&#10;&#09;chromedriver!GetHandleVerifier [0x46b4a4+10684]&#10;&#09;chromedriver!(No symbol) [0x271e10]&#10;&#09;chromedriver!(No symbol) [0x2ba9da]&#10;&#09;chromedriver!(No symbol) [0x2bac7b]&#10;&#09;chromedriver!(No symbol) [0x2fd162]&#10;&#09;chromedriver!(No symbol) [0x2dd8b4]&#10;&#09;chromedriver!(No symbol) [0x2faa36]&#10;&#09;chromedriver!(No symbol) [0x2dd606]&#10;&#09;chromedriver!(No symbol) [0x2b0039]&#10;&#09;chromedriver!(No symbol) [0x2b0df4]&#10;&#09;chromedriver!GetHandleVerifier [0x6eddb4+292f94]&#10;&#09;chromedriver!GetHandleVerifier [0x6e937d+28e55d]&#10;&#09;chromedriver!GetHandleVerifier [0x708215+2ad3f5]&#10;&#09;chromedriver!GetHandleVerifier [0x484c18+29df8]&#10;&#09;chromedriver!GetHandleVerifier [0x48c6fd+318dd]&#10;&#09;chromedriver!GetHandleVerifier [0x473c78+18e58]&#10;&#09;chromedriver!GetHandleVerifier [0x473e42+19022]&#10;&#09;chromedriver!GetHandleVerifier [0x45d45f+263f]&#10;&#09;KERNEL32!BaseThreadInitThunk [0x75e85d49+19]&#10;&#09;ntdll!RtlInitializeExceptionChain [0x76f1d83b+6b]&#10;&#09;ntdll!RtlGetAppContainerNamedObjectPath [0x76f1d7c1+231]">tests\test_CT_001_navigation_vers_détail_produit___flux_no.py:45: in test_navigate_to_product_detail
    _go_to_listing(driver, BASE_URL)
tests\test_CT_001_navigation_vers_détail_produit___flux_no.py:25: in _go_to_listing
    sub = WebDriverWait(driver, 20).until(
C:\Users\Lenovo\AppData\Local\Programs\Python\Python313\Lib\site-packages\selenium\webdriver\support\wait.py:121: in until
    raise TimeoutException(message, screen, stacktrace)
E   selenium.common.exceptions.TimeoutException: Message: 
E   Stacktrace:
E   	chromedriver!GetHandleVerifier [0x46b373+10553]
E   	chromedriver!GetHandleVerifier [0x46b4a4+10684]
E   	chromedriver!(No symbol) [0x271e10]
E   	chromedriver!(No symbol) [0x2ba9da]
E   	chromedriver!(No symbol) [0x2bac7b]
E   	chromedriver!(No symbol) [0x2fd162]
E   	chromedriver!(No symbol) [0x2dd8b4]
E   	chromedriver!(No symbol) [0x2faa36]
E   	chromedriver!(No symbol) [0x2dd606]
E   	chromedriver!(No symbol) [0x2b0039]
E   	chromedriver!(No symbol) [0x2b0df4]
E   	chromedriver!GetHandleVerifier [0x6eddb4+292f94]
E   	chromedriver!GetHandleVerifier [0x6e937d+28e55d]
E   	chromedriver!GetHandleVerifier [0x708215+2ad3f5]
E   	chromedriver!GetHandleVerifier [0x484c18+29df8]
E   	chromedriver!GetHandleVerifier [0x48c6fd+318dd]
E   	chromedriver!GetHandleVerifier [0x473c78+18e58]
E   	chromedriver!GetHandleVerifier [0x473e42+19022]
E   	chromedriver!GetHandleVerifier [0x45d45f+263f]
E   	KERNEL32!BaseThreadInitThunk [0x75e85d49+19]
E   	ntdll!RtlInitializeExceptionChain [0x76f1d83b+6b]
E   	ntdll!RtlGetAppContainerNamedObjectPath [0x76f1d7c1+231]</failure></testcase><testcase classname="tests.test_CT_001_navigation_vers_détail_produit___flux_no" name="test_product_detail_has_price" time="29.218"><failure message="selenium.common.exceptions.TimeoutException: Message: &#10;Stacktrace:&#10;&#09;chromedriver!GetHandleVerifier [0x46b373+10553]&#10;&#09;chromedriver!GetHandleVerifier [0x46b4a4+10684]&#10;&#09;chromedriver!(No symbol) [0x271e10]&#10;&#09;chromedriver!(No symbol) [0x2ba9da]&#10;&#09;chromedriver!(No symbol) [0x2bac7b]&#10;&#09;chromedriver!(No symbol) [0x2fd162]&#10;&#09;chromedriver!(No symbol) [0x2dd8b4]&#10;&#09;chromedriver!(No symbol) [0x2faa36]&#10;&#09;chromedriver!(No symbol) [0x2dd606]&#10;&#09;chromedriver!(No symbol) [0x2b0039]&#10;&#09;chromedriver!(No symbol) [0x2b0df4]&#10;&#09;chromedriver!GetHandleVerifier [0x6eddb4+292f94]&#10;&#09;chromedriver!GetHandleVerifier [0x6e937d+28e55d]&#10;&#09;chromedriver!GetHandleVerifier [0x708215+2ad3f5]&#10;&#09;chromedriver!GetHandleVerifier [0x484c18+29df8]&#10;&#09;chromedriver!GetHandleVerifier [0x48c6fd+318dd]&#10;&#09;chromedriver!GetHandleVerifier [0x473c78+18e58]&#10;&#09;chromedriver!GetHandleVerifier [0x473e42+19022]&#10;&#09;chromedriver!GetHandleVerifier [0x45d45f+263f]&#10;&#09;KERNEL32!BaseThreadInitThunk [0x75e85d49+19]&#10;&#09;ntdll!RtlInitializeExceptionChain [0x76f1d83b+6b]&#10;&#09;ntdll!RtlGetAppContainerNamedObjectPath [0x76f1d7c1+231]">tests\test_CT_001_navigation_vers_détail_produit___flux_no.py:61: in test_product_detail_has_price
    _go_to_listing(driver, BASE_URL)
tests\test_CT_001_navigation_vers_détail_produit___flux_no.py:25: in _go_to_listing
    sub = WebDriverWait(driver, 20).until(
C:\Users\Lenovo\AppData\Local\Programs\Python\Python313\Lib\site-packages\selenium\webdriver\support\wait.py:121: in until
    raise TimeoutException(message, screen, stacktrace)
E   selenium.common.exceptions.TimeoutException: Message: 
E   Stacktrace:
E   	chromedriver!GetHandleVerifier [0x46b373+10553]
E   	chromedriver!GetHandleVerifier [0x46b4a4+10684]
E   	chromedriver!(No symbol) [0x271e10]
E   	chromedriver!(No symbol) [0x2ba9da]
E   	chromedriver!(No symbol) [0x2bac7b]
E   	chromedriver!(No symbol) [0x2fd162]
E   	chromedriver!(No symbol) [0x2dd8b4]
E   	chromedriver!(No symbol) [0x2faa36]
E   	chromedriver!(No symbol) [0x2dd606]
E   	chromedriver!(No symbol) [0x2b0039]
E   	chromedriver!(No symbol) [0x2b0df4]
E   	chromedriver!GetHandleVerifier [0x6eddb4+292f94]
E   	chromedriver!GetHandleVerifier [0x6e937d+28e55d]
E   	chromedriver!GetHandleVerifier [0x708215+2ad3f5]
E   	chromedriver!GetHandleVerifier [0x484c18+29df8]
E   	chromedriver!GetHandleVerifier [0x48c6fd+318dd]
E   	chromedriver!GetHandleVerifier [0x473c78+18e58]
E   	chromedriver!GetHandleVerifier [0x473e42+19022]
E   	chromedriver!GetHandleVerifier [0x45d45f+263f]
E   	KERNEL32!BaseThreadInitThunk [0x75e85d49+19]
E   	ntdll!RtlInitializeExceptionChain [0x76f1d83b+6b]
E   	ntdll!RtlGetAppContainerNamedObjectPath [0x76f1d7c1+231]</failure></testcase><testcase classname="tests.test_CT_001_navigation_vers_détail_produit___flux_no" name="test_detail_page_has_product_name" time="30.591"><failure message="selenium.common.exceptions.TimeoutException: Message: &#10;Stacktrace:&#10;&#09;chromedriver!GetHandleVerifier [0x46b373+10553]&#10;&#09;chromedriver!GetHandleVerifier [0x46b4a4+10684]&#10;&#09;chromedriver!(No symbol) [0x271e10]&#10;&#09;chromedriver!(No symbol) [0x2ba9da]&#10;&#09;chromedriver!(No symbol) [0x2bac7b]&#10;&#09;chromedriver!(No symbol) [0x2fd162]&#10;&#09;chromedriver!(No symbol) [0x2dd8b4]&#10;&#09;chromedriver!(No symbol) [0x2faa36]&#10;&#09;chromedriver!(No symbol) [0x2dd606]&#10;&#09;chromedriver!(No symbol) [0x2b0039]&#10;&#09;chromedriver!(No symbol) [0x2b0df4]&#10;&#09;chromedriver!GetHandleVerifier [0x6eddb4+292f94]&#10;&#09;chromedriver!GetHandleVerifier [0x6e937d+28e55d]&#10;&#09;chromedriver!GetHandleVerifier [0x708215+2ad3f5]&#10;&#09;chromedriver!GetHandleVerifier [0x484c18+29df8]&#10;&#09;chromedriver!GetHandleVerifier [0x48c6fd+318dd]&#10;&#09;chromedriver!GetHandleVerifier [0x473c78+18e58]&#10;&#09;chromedriver!GetHandleVerifier [0x473e42+19022]&#10;&#09;chromedriver!GetHandleVerifier [0x45d45f+263f]&#10;&#09;KERNEL32!BaseThreadInitThunk [0x75e85d49+19]&#10;&#09;ntdll!RtlInitializeExceptionChain [0x76f1d83b+6b]&#10;&#09;ntdll!RtlGetAppContainerNamedObjectPath [0x76f1d7c1+231]">tests\test_CT_001_navigation_vers_détail_produit___flux_no.py:78: in test_detail_page_has_product_name
    _go_to_listing(driver, BASE_URL)
tests\test_CT_001_navigation_vers_détail_produit___flux_no.py:25: in _go_to_listing
    sub = WebDriverWait(driver, 20).until(
C:\Users\Lenovo\AppData\Local\Programs\Python\Python313\Lib\site-packages\selenium\webdriver\support\wait.py:121: in until
    raise TimeoutException(message, screen, stacktrace)
E   selenium.common.exceptions.TimeoutException: Message: 
E   Stacktrace:
E   	chromedriver!GetHandleVerifier [0x46b373+10553]
E   	chromedriver!GetHandleVerifier [0x46b4a4+10684]
E   	chromedriver!(No symbol) [0x271e10]
E   	chromedriver!(No symbol) [0x2ba9da]
E   	chromedriver!(No symbol) [0x2bac7b]
E   	chromedriver!(No symbol) [0x2fd162]
E   	chromedriver!(No symbol) [0x2dd8b4]
E   	chromedriver!(No symbol) [0x2faa36]
E   	chromedriver!(No symbol) [0x2dd606]
E   	chromedriver!(No symbol) [0x2b0039]
E   	chromedriver!(No symbol) [0x2b0df4]
E   	chromedriver!GetHandleVerifier [0x6eddb4+292f94]
E   	chromedriver!GetHandleVerifier [0x6e937d+28e55d]
E   	chromedriver!GetHandleVerifier [0x708215+2ad3f5]
E   	chromedriver!GetHandleVerifier [0x484c18+29df8]
E   	chromedriver!GetHandleVerifier [0x48c6fd+318dd]
E   	chromedriver!GetHandleVerifier [0x473c78+18e58]
E   	chromedriver!GetHandleVerifier [0x473e42+19022]
E   	chromedriver!GetHandleVerifier [0x45d45f+263f]
E   	KERNEL32!BaseThreadInitThunk [0x75e85d49+19]
E   	ntdll!RtlInitializeExceptionChain [0x76f1d83b+6b]
E   	ntdll!RtlGetAppContainerNamedObjectPath [0x76f1d7c1+231]</failure></testcase><testcase classname="tests.test_CT_001_passage_de_commande_valide" name="test_products_list_is_displayed" time="30.138"><failure message="selenium.common.exceptions.TimeoutException: Message: &#10;Stacktrace:&#10;&#09;chromedriver!GetHandleVerifier [0x46b373+10553]&#10;&#09;chromedriver!GetHandleVerifier [0x46b4a4+10684]&#10;&#09;chromedriver!(No symbol) [0x271e10]&#10;&#09;chromedriver!(No symbol) [0x2ba9da]&#10;&#09;chromedriver!(No symbol) [0x2bac7b]&#10;&#09;chromedriver!(No symbol) [0x2fd162]&#10;&#09;chromedriver!(No symbol) [0x2dd8b4]&#10;&#09;chromedriver!(No symbol) [0x2faa36]&#10;&#09;chromedriver!(No symbol) [0x2dd606]&#10;&#09;chromedriver!(No symbol) [0x2b0039]&#10;&#09;chromedriver!(No symbol) [0x2b0df4]&#10;&#09;chromedriver!GetHandleVerifier [0x6eddb4+292f94]&#10;&#09;chromedriver!GetHandleVerifier [0x6e937d+28e55d]&#10;&#09;chromedriver!GetHandleVerifier [0x708215+2ad3f5]&#10;&#09;chromedriver!GetHandleVerifier [0x484c18+29df8]&#10;&#09;chromedriver!GetHandleVerifier [0x48c6fd+318dd]&#10;&#09;chromedriver!GetHandleVerifier [0x473c78+18e58]&#10;&#09;chromedriver!GetHandleVerifier [0x473e42+19022]&#10;&#09;chromedriver!GetHandleVerifier [0x45d45f+263f]&#10;&#09;KERNEL32!BaseThreadInitThunk [0x75e85d49+19]&#10;&#09;ntdll!RtlInitializeExceptionChain [0x76f1d83b+6b]&#10;&#09;ntdll!RtlGetAppContainerNamedObjectPath [0x76f1d7c1+231]">tests\test_CT_001_passage_de_commande_valide.py:45: in test_products_list_is_displayed
    _go_to_listing(driver, BASE_URL)
tests\test_CT_001_passage_de_commande_valide.py:25: in _go_to_listing
    sub = WebDriverWait(driver, 20).until(
C:\Users\Lenovo\AppData\Local\Programs\Python\Python313\Lib\site-packages\selenium\webdriver\support\wait.py:121: in until
    raise TimeoutException(message, screen, stacktrace)
E   selenium.common.exceptions.TimeoutException: Message: 
E   Stacktrace:
E   	chromedriver!GetHandleVerifier [0x46b373+10553]
E   	chromedriver!GetHandleVerifier [0x46b4a4+10684]
E   	chromedriver!(No symbol) [0x271e10]
E   	chromedriver!(No symbol) [0x2ba9da]
E   	chromedriver!(No symbol) [0x2bac7b]
E   	chromedriver!(No symbol) [0x2fd162]
E   	chromedriver!(No symbol) [0x2dd8b4]
E   	chromedriver!(No symbol) [0x2faa36]
E   	chromedriver!(No symbol) [0x2dd606]
E   	chromedriver!(No symbol) [0x2b0039]
E   	chromedriver!(No symbol) [0x2b0df4]
E   	chromedriver!GetHandleVerifier [0x6eddb4+292f94]
E   	chromedriver!GetHandleVerifier [0x6e937d+28e55d]
E   	chromedriver!GetHandleVerifier [0x708215+2ad3f5]
E   	chromedriver!GetHandleVerifier [0x484c18+29df8]
E   	chromedriver!GetHandleVerifier [0x48c6fd+318dd]
E   	chromedriver!GetHandleVerifier [0x473c78+18e58]
E   	chromedriver!GetHandleVerifier [0x473e42+19022]
E   	chromedriver!GetHandleVerifier [0x45d45f+263f]
E   	KERNEL32!BaseThreadInitThunk [0x75e85d49+19]
E   	ntdll!RtlInitializeExceptionChain [0x76f1d83b+6b]
E   	ntdll!RtlGetAppContainerNamedObjectPath [0x76f1d7c1+231]</failure></testcase><testcase classname="tests.test_CT_001_passage_de_commande_valide" name="test_product_image_present" time="28.853"><failure message="selenium.common.exceptions.TimeoutException: Message: &#10;Stacktrace:&#10;&#09;chromedriver!GetHandleVerifier [0x46b373+10553]&#10;&#09;chromedriver!GetHandleVerifier [0x46b4a4+10684]&#10;&#09;chromedriver!(No symbol) [0x271e10]&#10;&#09;chromedriver!(No symbol) [0x2ba9da]&#10;&#09;chromedriver!(No symbol) [0x2bac7b]&#10;&#09;chromedriver!(No symbol) [0x2fd162]&#10;&#09;chromedriver!(No symbol) [0x2dd8b4]&#10;&#09;chromedriver!(No symbol) [0x2faa36]&#10;&#09;chromedriver!(No symbol) [0x2dd606]&#10;&#09;chromedriver!(No symbol) [0x2b0039]&#10;&#09;chromedriver!(No symbol) [0x2b0df4]&#10;&#09;chromedriver!GetHandleVerifier [0x6eddb4+292f94]&#10;&#09;chromedriver!GetHandleVerifier [0x6e937d+28e55d]&#10;&#09;chromedriver!GetHandleVerifier [0x708215+2ad3f5]&#10;&#09;chromedriver!GetHandleVerifier [0x484c18+29df8]&#10;&#09;chromedriver!GetHandleVerifier [0x48c6fd+318dd]&#10;&#09;chromedriver!GetHandleVerifier [0x473c78+18e58]&#10;&#09;chromedriver!GetHandleVerifier [0x473e42+19022]&#10;&#09;chromedriver!GetHandleVerifier [0x45d45f+263f]&#10;&#09;KERNEL32!BaseThreadInitThunk [0x75e85d49+19]&#10;&#09;ntdll!RtlInitializeExceptionChain [0x76f1d83b+6b]&#10;&#09;ntdll!RtlGetAppContainerNamedObjectPath [0x76f1d7c1+231]">tests\test_CT_001_passage_de_commande_valide.py:60: in test_product_image_present
    _go_to_listing(driver, BASE_URL)
tests\test_CT_001_passage_de_commande_valide.py:25: in _go_to_listing
    sub = WebDriverWait(driver, 20).until(
C:\Users\Lenovo\AppData\Local\Programs\Python\Python313\Lib\site-packages\selenium\webdriver\support\wait.py:121: in until
    raise TimeoutException(message, screen, stacktrace)
E   selenium.common.exceptions.TimeoutException: Message: 
E   Stacktrace:
E   	chromedriver!GetHandleVerifier [0x46b373+10553]
E   	chromedriver!GetHandleVerifier [0x46b4a4+10684]
E   	chromedriver!(No symbol) [0x271e10]
E   	chromedriver!(No symbol) [0x2ba9da]
E   	chromedriver!(No symbol) [0x2bac7b]
E   	chromedriver!(No symbol) [0x2fd162]
E   	chromedriver!(No symbol) [0x2dd8b4]
E   	chromedriver!(No symbol) [0x2faa36]
E   	chromedriver!(No symbol) [0x2dd606]
E   	chromedriver!(No symbol) [0x2b0039]
E   	chromedriver!(No symbol) [0x2b0df4]
E   	chromedriver!GetHandleVerifier [0x6eddb4+292f94]
E   	chromedriver!GetHandleVerifier [0x6e937d+28e55d]
E   	chromedriver!GetHandleVerifier [0x708215+2ad3f5]
E   	chromedriver!GetHandleVerifier [0x484c18+29df8]
E   	chromedriver!GetHandleVerifier [0x48c6fd+318dd]
E   	chromedriver!GetHandleVerifier [0x473c78+18e58]
E   	chromedriver!GetHandleVerifier [0x473e42+19022]
E   	chromedriver!GetHandleVerifier [0x45d45f+263f]
E   	KERNEL32!BaseThreadInitThunk [0x75e85d49+19]
E   	ntdll!RtlInitializeExceptionChain [0x76f1d83b+6b]
E   	ntdll!RtlGetAppContainerNamedObjectPath [0x76f1d7c1+231]</failure></testcase><testcase classname="tests.test_CT_001_passage_de_commande_valide" name="test_invalid_url_shows_no_products" time="13.530" /><testcase classname="tests.test_CT_002_ajout_au_panier___sans_connexion" name="test_add_to_cart_updates_counter" time="50.009"><failure message="selenium.common.exceptions.TimeoutException: Message: &#10;Stacktrace:&#10;&#09;chromedriver!GetHandleVerifier [0x46b373+10553]&#10;&#09;chromedriver!GetHandleVerifier [0x46b4a4+10684]&#10;&#09;chromedriver!(No symbol) [0x271e10]&#10;&#09;chromedriver!(No symbol) [0x2ba9da]&#10;&#09;chromedriver!(No symbol) [0x2bac7b]&#10;&#09;chromedriver!(No symbol) [0x2fd162]&#10;&#09;chromedriver!(No symbol) [0x2dd8b4]&#10;&#09;chromedriver!(No symbol) [0x2faa36]&#10;&#09;chromedriver!(No symbol) [0x2dd606]&#10;&#09;chromedriver!(No symbol) [0x2b0039]&#10;&#09;chromedriver!(No symbol) [0x2b0df4]&#10;&#09;chromedriver!GetHandleVerifier [0x6eddb4+292f94]&#10;&#09;chromedriver!GetHandleVerifier [0x6e937d+28e55d]&#10;&#09;chromedriver!GetHandleVerifier [0x708215+2ad3f5]&#10;&#09;chromedriver!GetHandleVerifier [0x484c18+29df8]&#10;&#09;chromedriver!GetHandleVerifier [0x48c6fd+318dd]&#10;&#09;chromedriver!GetHandleVerifier [0x473c78+18e58]&#10;&#09;chromedriver!GetHandleVerifier [0x473e42+19022]&#10;&#09;chromedriver!GetHandleVerifier [0x45d45f+263f]&#10;&#09;KERNEL32!BaseThreadInitThunk [0x75e85d49+19]&#10;&#09;ntdll!RtlInitializeExceptionChain [0x76f1d83b+6b]&#10;&#09;ntdll!RtlGetAppContainerNamedObjectPath [0x76f1d7c1+231]">tests\test_CT_002_ajout_au_panier___sans_connexion.py:63: in test_add_to_cart_updates_counter
    _go_to_cart_page(driver)
tests\test_CT_002_ajout_au_panier___sans_connexion.py:58: in _go_to_cart_page
    _go_to_listing(driver, BASE_URL)
tests\test_CT_002_ajout_au_panier___sans_connexion.py:25: in _go_to_listing
    sub = WebDriverWait(driver, 20).until(
C:\Users\Lenovo\AppData\Local\Programs\Python\Python313\Lib\site-packages\selenium\webdriver\support\wait.py:121: in until
    raise TimeoutException(message, screen, stacktrace)
E   selenium.common.exceptions.TimeoutException: Message: 
E   Stacktrace:
E   	chromedriver!GetHandleVerifier [0x46b373+10553]
E   	chromedriver!GetHandleVerifier [0x46b4a4+10684]
E   	chromedriver!(No symbol) [0x271e10]
E   	chromedriver!(No symbol) [0x2ba9da]
E   	chromedriver!(No symbol) [0x2bac7b]
E   	chromedriver!(No symbol) [0x2fd162]
E   	chromedriver!(No symbol) [0x2dd8b4]
E   	chromedriver!(No symbol) [0x2faa36]
E   	chromedriver!(No symbol) [0x2dd606]
E   	chromedriver!(No symbol) [0x2b0039]
E   	chromedriver!(No symbol) [0x2b0df4]
E   	chromedriver!GetHandleVerifier [0x6eddb4+292f94]
E   	chromedriver!GetHandleVerifier [0x6e937d+28e55d]
E   	chromedriver!GetHandleVerifier [0x708215+2ad3f5]
E   	chromedriver!GetHandleVerifier [0x484c18+29df8]
E   	chromedriver!GetHandleVerifier [0x48c6fd+318dd]
E   	chromedriver!GetHandleVerifier [0x473c78+18e58]
E   	chromedriver!GetHandleVerifier [0x473e42+19022]
E   	chromedriver!GetHandleVerifier [0x45d45f+263f]
E   	KERNEL32!BaseThreadInitThunk [0x75e85d49+19]
E   	ntdll!RtlInitializeExceptionChain [0x76f1d83b+6b]
E   	ntdll!RtlGetAppContainerNamedObjectPath [0x76f1d7c1+231]</failure></testcase><testcase classname="tests.test_CT_002_ajout_au_panier___sans_connexion" name="test_add_to_cart_button_visible" time="49.929"><failure message="selenium.common.exceptions.TimeoutException: Message: &#10;Stacktrace:&#10;&#09;chromedriver!GetHandleVerifier [0x46b373+10553]&#10;&#09;chromedriver!GetHandleVerifier [0x46b4a4+10684]&#10;&#09;chromedriver!(No symbol) [0x271e10]&#10;&#09;chromedriver!(No symbol) [0x2ba9da]&#10;&#09;chromedriver!(No symbol) [0x2bac7b]&#10;&#09;chromedriver!(No symbol) [0x2fd162]&#10;&#09;chromedriver!(No symbol) [0x2dd8b4]&#10;&#09;chromedriver!(No symbol) [0x2faa36]&#10;&#09;chromedriver!(No symbol) [0x2dd606]&#10;&#09;chromedriver!(No symbol) [0x2b0039]&#10;&#09;chromedriver!(No symbol) [0x2b0df4]&#10;&#09;chromedriver!GetHandleVerifier [0x6eddb4+292f94]&#10;&#09;chromedriver!GetHandleVerifier [0x6e937d+28e55d]&#10;&#09;chromedriver!GetHandleVerifier [0x708215+2ad3f5]&#10;&#09;chromedriver!GetHandleVerifier [0x484c18+29df8]&#10;&#09;chromedriver!GetHandleVerifier [0x48c6fd+318dd]&#10;&#09;chromedriver!GetHandleVerifier [0x473c78+18e58]&#10;&#09;chromedriver!GetHandleVerifier [0x473e42+19022]&#10;&#09;chromedriver!GetHandleVerifier [0x45d45f+263f]&#10;&#09;KERNEL32!BaseThreadInitThunk [0x75e85d49+19]&#10;&#09;ntdll!RtlInitializeExceptionChain [0x76f1d83b+6b]&#10;&#09;ntdll!RtlGetAppContainerNamedObjectPath [0x76f1d7c1+231]">tests\test_CT_002_ajout_au_panier___sans_connexion.py:93: in test_add_to_cart_button_visible
    _go_to_cart_page(driver)
tests\test_CT_002_ajout_au_panier___sans_connexion.py:58: in _go_to_cart_page
    _go_to_listing(driver, BASE_URL)
tests\test_CT_002_ajout_au_panier___sans_connexion.py:25: in _go_to_listing
    sub = WebDriverWait(driver, 20).until(
C:\Users\Lenovo\AppData\Local\Programs\Python\Python313\Lib\site-packages\selenium\webdriver\support\wait.py:121: in until
    raise TimeoutException(message, screen, stacktrace)
E   selenium.common.exceptions.TimeoutException: Message: 
E   Stacktrace:
E   	chromedriver!GetHandleVerifier [0x46b373+10553]
E   	chromedriver!GetHandleVerifier [0x46b4a4+10684]
E   	chromedriver!(No symbol) [0x271e10]
E   	chromedriver!(No symbol) [0x2ba9da]
E   	chromedriver!(No symbol) [0x2bac7b]
E   	chromedriver!(No symbol) [0x2fd162]
E   	chromedriver!(No symbol) [0x2dd8b4]
E   	chromedriver!(No symbol) [0x2faa36]
E   	chromedriver!(No symbol) [0x2dd606]
E   	chromedriver!(No symbol) [0x2b0039]
E   	chromedriver!(No symbol) [0x2b0df4]
E   	chromedriver!GetHandleVerifier [0x6eddb4+292f94]
E   	chromedriver!GetHandleVerifier [0x6e937d+28e55d]
E   	chromedriver!GetHandleVerifier [0x708215+2ad3f5]
E   	chromedriver!GetHandleVerifier [0x484c18+29df8]
E   	chromedriver!GetHandleVerifier [0x48c6fd+318dd]
E   	chromedriver!GetHandleVerifier [0x473c78+18e58]
E   	chromedriver!GetHandleVerifier [0x473e42+19022]
E   	chromedriver!GetHandleVerifier [0x45d45f+263f]
E   	KERNEL32!BaseThreadInitThunk [0x75e85d49+19]
E   	ntdll!RtlInitializeExceptionChain [0x76f1d83b+6b]
E   	ntdll!RtlGetAppContainerNamedObjectPath [0x76f1d7c1+231]</failure></testcase><testcase classname="tests.test_CT_002_ajout_au_panier___sans_connexion" name="test_cart_counter_visible" time="49.931"><failure message="selenium.common.exceptions.TimeoutException: Message: &#10;Stacktrace:&#10;&#09;chromedriver!GetHandleVerifier [0x46b373+10553]&#10;&#09;chromedriver!GetHandleVerifier [0x46b4a4+10684]&#10;&#09;chromedriver!(No symbol) [0x271e10]&#10;&#09;chromedriver!(No symbol) [0x2ba9da]&#10;&#09;chromedriver!(No symbol) [0x2bac7b]&#10;&#09;chromedriver!(No symbol) [0x2fd162]&#10;&#09;chromedriver!(No symbol) [0x2dd8b4]&#10;&#09;chromedriver!(No symbol) [0x2faa36]&#10;&#09;chromedriver!(No symbol) [0x2dd606]&#10;&#09;chromedriver!(No symbol) [0x2b0039]&#10;&#09;chromedriver!(No symbol) [0x2b0df4]&#10;&#09;chromedriver!GetHandleVerifier [0x6eddb4+292f94]&#10;&#09;chromedriver!GetHandleVerifier [0x6e937d+28e55d]&#10;&#09;chromedriver!GetHandleVerifier [0x708215+2ad3f5]&#10;&#09;chromedriver!GetHandleVerifier [0x484c18+29df8]&#10;&#09;chromedriver!GetHandleVerifier [0x48c6fd+318dd]&#10;&#09;chromedriver!GetHandleVerifier [0x473c78+18e58]&#10;&#09;chromedriver!GetHandleVerifier [0x473e42+19022]&#10;&#09;chromedriver!GetHandleVerifier [0x45d45f+263f]&#10;&#09;KERNEL32!BaseThreadInitThunk [0x75e85d49+19]&#10;&#09;ntdll!RtlInitializeExceptionChain [0x76f1d83b+6b]&#10;&#09;ntdll!RtlGetAppContainerNamedObjectPath [0x76f1d7c1+231]">tests\test_CT_002_ajout_au_panier___sans_connexion.py:102: in test_cart_counter_visible
    _go_to_cart_page(driver)
tests\test_CT_002_ajout_au_panier___sans_connexion.py:58: in _go_to_cart_page
    _go_to_listing(driver, BASE_URL)
tests\test_CT_002_ajout_au_panier___sans_connexion.py:25: in _go_to_listing
    sub = WebDriverWait(driver, 20).until(
C:\Users\Lenovo\AppData\Local\Programs\Python\Python313\Lib\site-packages\selenium\webdriver\support\wait.py:121: in until
    raise TimeoutException(message, screen, stacktrace)
E   selenium.common.exceptions.TimeoutException: Message: 
E   Stacktrace:
E   	chromedriver!GetHandleVerifier [0x46b373+10553]
E   	chromedriver!GetHandleVerifier [0x46b4a4+10684]
E   	chromedriver!(No symbol) [0x271e10]
E   	chromedriver!(No symbol) [0x2ba9da]
E   	chromedriver!(No symbol) [0x2bac7b]
E   	chromedriver!(No symbol) [0x2fd162]
E   	chromedriver!(No symbol) [0x2dd8b4]
E   	chromedriver!(No symbol) [0x2faa36]
E   	chromedriver!(No symbol) [0x2dd606]
E   	chromedriver!(No symbol) [0x2b0039]
E   	chromedriver!(No symbol) [0x2b0df4]
E   	chromedriver!GetHandleVerifier [0x6eddb4+292f94]
E   	chromedriver!GetHandleVerifier [0x6e937d+28e55d]
E   	chromedriver!GetHandleVerifier [0x708215+2ad3f5]
E   	chromedriver!GetHandleVerifier [0x484c18+29df8]
E   	chromedriver!GetHandleVerifier [0x48c6fd+318dd]
E   	chromedriver!GetHandleVerifier [0x473c78+18e58]
E   	chromedriver!GetHandleVerifier [0x473e42+19022]
E   	chromedriver!GetHandleVerifier [0x45d45f+263f]
E   	KERNEL32!BaseThreadInitThunk [0x75e85d49+19]
E   	ntdll!RtlInitializeExceptionChain [0x76f1d83b+6b]
E   	ntdll!RtlGetAppContainerNamedObjectPath [0x76f1d7c1+231]</failure></testcase><testcase classname="tests.test_CT_002_cas_négatif___mauvais_identifiants" name="test_products_list_is_displayed" time="28.676"><failure message="selenium.common.exceptions.TimeoutException: Message: &#10;Stacktrace:&#10;&#09;chromedriver!GetHandleVerifier [0x46b373+10553]&#10;&#09;chromedriver!GetHandleVerifier [0x46b4a4+10684]&#10;&#09;chromedriver!(No symbol) [0x271e10]&#10;&#09;chromedriver!(No symbol) [0x2ba9da]&#10;&#09;chromedriver!(No symbol) [0x2bac7b]&#10;&#09;chromedriver!(No symbol) [0x2fd162]&#10;&#09;chromedriver!(No symbol) [0x2dd8b4]&#10;&#09;chromedriver!(No symbol) [0x2faa36]&#10;&#09;chromedriver!(No symbol) [0x2dd606]&#10;&#09;chromedriver!(No symbol) [0x2b0039]&#10;&#09;chromedriver!(No symbol) [0x2b0df4]&#10;&#09;chromedriver!GetHandleVerifier [0x6eddb4+292f94]&#10;&#09;chromedriver!GetHandleVerifier [0x6e937d+28e55d]&#10;&#09;chromedriver!GetHandleVerifier [0x708215+2ad3f5]&#10;&#09;chromedriver!GetHandleVerifier [0x484c18+29df8]&#10;&#09;chromedriver!GetHandleVerifier [0x48c6fd+318dd]&#10;&#09;chromedriver!GetHandleVerifier [0x473c78+18e58]&#10;&#09;chromedriver!GetHandleVerifier [0x473e42+19022]&#10;&#09;chromedriver!GetHandleVerifier [0x45d45f+263f]&#10;&#09;KERNEL32!BaseThreadInitThunk [0x75e85d49+19]&#10;&#09;ntdll!RtlInitializeExceptionChain [0x76f1d83b+6b]&#10;&#09;ntdll!RtlGetAppContainerNamedObjectPath [0x76f1d7c1+231]">tests\test_CT_002_cas_négatif___mauvais_identifiants.py:45: in test_products_list_is_displayed
    _go_to_listing(driver, BASE_URL)
tests\test_CT_002_cas_négatif___mauvais_identifiants.py:25: in _go_to_listing
    sub = WebDriverWait(driver, 20).until(
C:\Users\Lenovo\AppData\Local\Programs\Python\Python313\Lib\site-packages\selenium\webdriver\support\wait.py:121: in until
    raise TimeoutException(message, screen, stacktrace)
E   selenium.common.exceptions.TimeoutException: Message: 
E   Stacktrace:
E   	chromedriver!GetHandleVerifier [0x46b373+10553]
E   	chromedriver!GetHandleVerifier [0x46b4a4+10684]
E   	chromedriver!(No symbol) [0x271e10]
E   	chromedriver!(No symbol) [0x2ba9da]
E   	chromedriver!(No symbol) [0x2bac7b]
E   	chromedriver!(No symbol) [0x2fd162]
E   	chromedriver!(No symbol) [0x2dd8b4]
E   	chromedriver!(No symbol) [0x2faa36]
E   	chromedriver!(No symbol) [0x2dd606]
E   	chromedriver!(No symbol) [0x2b0039]
E   	chromedriver!(No symbol) [0x2b0df4]
E   	chromedriver!GetHandleVerifier [0x6eddb4+292f94]
E   	chromedriver!GetHandleVerifier [0x6e937d+28e55d]
E   	chromedriver!GetHandleVerifier [0x708215+2ad3f5]
E   	chromedriver!GetHandleVerifier [0x484c18+29df8]
E   	chromedriver!GetHandleVerifier [0x48c6fd+318dd]
E   	chromedriver!GetHandleVerifier [0x473c78+18e58]
E   	chromedriver!GetHandleVerifier [0x473e42+19022]
E   	chromedriver!GetHandleVerifier [0x45d45f+263f]
E   	KERNEL32!BaseThreadInitThunk [0x75e85d49+19]
E   	ntdll!RtlInitializeExceptionChain [0x76f1d83b+6b]
E   	ntdll!RtlGetAppContainerNamedObjectPath [0x76f1d7c1+231]</failure></testcase><testcase classname="tests.test_CT_002_cas_négatif___mauvais_identifiants" name="test_product_image_present" time="32.888"><failure message="selenium.common.exceptions.TimeoutException: Message: &#10;Stacktrace:&#10;&#09;chromedriver!GetHandleVerifier [0x46b373+10553]&#10;&#09;chromedriver!GetHandleVerifier [0x46b4a4+10684]&#10;&#09;chromedriver!(No symbol) [0x271e10]&#10;&#09;chromedriver!(No symbol) [0x2ba9da]&#10;&#09;chromedriver!(No symbol) [0x2bac7b]&#10;&#09;chromedriver!(No symbol) [0x2fd162]&#10;&#09;chromedriver!(No symbol) [0x2dd8b4]&#10;&#09;chromedriver!(No symbol) [0x2faa36]&#10;&#09;chromedriver!(No symbol) [0x2dd606]&#10;&#09;chromedriver!(No symbol) [0x2b0039]&#10;&#09;chromedriver!(No symbol) [0x2b0df4]&#10;&#09;chromedriver!GetHandleVerifier [0x6eddb4+292f94]&#10;&#09;chromedriver!GetHandleVerifier [0x6e937d+28e55d]&#10;&#09;chromedriver!GetHandleVerifier [0x708215+2ad3f5]&#10;&#09;chromedriver!GetHandleVerifier [0x484c18+29df8]&#10;&#09;chromedriver!GetHandleVerifier [0x48c6fd+318dd]&#10;&#09;chromedriver!GetHandleVerifier [0x473c78+18e58]&#10;&#09;chromedriver!GetHandleVerifier [0x473e42+19022]&#10;&#09;chromedriver!GetHandleVerifier [0x45d45f+263f]&#10;&#09;KERNEL32!BaseThreadInitThunk [0x75e85d49+19]&#10;&#09;ntdll!RtlInitializeExceptionChain [0x76f1d83b+6b]&#10;&#09;ntdll!RtlGetAppContainerNamedObjectPath [0x76f1d7c1+231]">tests\test_CT_002_cas_négatif___mauvais_identifiants.py:60: in test_product_image_present
    _go_to_listing(driver, BASE_URL)
tests\test_CT_002_cas_négatif___mauvais_identifiants.py:25: in _go_to_listing
    sub = WebDriverWait(driver, 20).until(
C:\Users\Lenovo\AppData\Local\Programs\Python\Python313\Lib\site-packages\selenium\webdriver\support\wait.py:121: in until
    raise TimeoutException(message, screen, stacktrace)
E   selenium.common.exceptions.TimeoutException: Message: 
E   Stacktrace:
E   	chromedriver!GetHandleVerifier [0x46b373+10553]
E   	chromedriver!GetHandleVerifier [0x46b4a4+10684]
E   	chromedriver!(No symbol) [0x271e10]
E   	chromedriver!(No symbol) [0x2ba9da]
E   	chromedriver!(No symbol) [0x2bac7b]
E   	chromedriver!(No symbol) [0x2fd162]
E   	chromedriver!(No symbol) [0x2dd8b4]
E   	chromedriver!(No symbol) [0x2faa36]
E   	chromedriver!(No symbol) [0x2dd606]
E   	chromedriver!(No symbol) [0x2b0039]
E   	chromedriver!(No symbol) [0x2b0df4]
E   	chromedriver!GetHandleVerifier [0x6eddb4+292f94]
E   	chromedriver!GetHandleVerifier [0x6e937d+28e55d]
E   	chromedriver!GetHandleVerifier [0x708215+2ad3f5]
E   	chromedriver!GetHandleVerifier [0x484c18+29df8]
E   	chromedriver!GetHandleVerifier [0x48c6fd+318dd]
E   	chromedriver!GetHandleVerifier [0x473c78+18e58]
E   	chromedriver!GetHandleVerifier [0x473e42+19022]
E   	chromedriver!GetHandleVerifier [0x45d45f+263f]
E   	KERNEL32!BaseThreadInitThunk [0x75e85d49+19]
E   	ntdll!RtlInitializeExceptionChain [0x76f1d83b+6b]
E   	ntdll!RtlGetAppContainerNamedObjectPath [0x76f1d7c1+231]</failure></testcase><testcase classname="tests.test_CT_002_cas_négatif___mauvais_identifiants" name="test_invalid_url_shows_no_products" time="13.655" /><testcase classname="tests.test_CT_002_champs_vides" name="test_products_list_is_displayed" time="29.044"><failure message="selenium.common.exceptions.TimeoutException: Message: &#10;Stacktrace:&#10;&#09;chromedriver!GetHandleVerifier [0x46b373+10553]&#10;&#09;chromedriver!GetHandleVerifier [0x46b4a4+10684]&#10;&#09;chromedriver!(No symbol) [0x271e10]&#10;&#09;chromedriver!(No symbol) [0x2ba9da]&#10;&#09;chromedriver!(No symbol) [0x2bac7b]&#10;&#09;chromedriver!(No symbol) [0x2fd162]&#10;&#09;chromedriver!(No symbol) [0x2dd8b4]&#10;&#09;chromedriver!(No symbol) [0x2faa36]&#10;&#09;chromedriver!(No symbol) [0x2dd606]&#10;&#09;chromedriver!(No symbol) [0x2b0039]&#10;&#09;chromedriver!(No symbol) [0x2b0df4]&#10;&#09;chromedriver!GetHandleVerifier [0x6eddb4+292f94]&#10;&#09;chromedriver!GetHandleVerifier [0x6e937d+28e55d]&#10;&#09;chromedriver!GetHandleVerifier [0x708215+2ad3f5]&#10;&#09;chromedriver!GetHandleVerifier [0x484c18+29df8]&#10;&#09;chromedriver!GetHandleVerifier [0x48c6fd+318dd]&#10;&#09;chromedriver!GetHandleVerifier [0x473c78+18e58]&#10;&#09;chromedriver!GetHandleVerifier [0x473e42+19022]&#10;&#09;chromedriver!GetHandleVerifier [0x45d45f+263f]&#10;&#09;KERNEL32!BaseThreadInitThunk [0x75e85d49+19]&#10;&#09;ntdll!RtlInitializeExceptionChain [0x76f1d83b+6b]&#10;&#09;ntdll!RtlGetAppContainerNamedObjectPath [0x76f1d7c1+231]">tests\test_CT_002_champs_vides.py:45: in test_products_list_is_displayed
    _go_to_listing(driver, BASE_URL)
tests\test_CT_002_champs_vides.py:25: in _go_to_listing
    sub = WebDriverWait(driver, 20).until(
C:\Users\Lenovo\AppData\Local\Programs\Python\Python313\Lib\site-packages\selenium\webdriver\support\wait.py:121: in until
    raise TimeoutException(message, screen, stacktrace)
E   selenium.common.exceptions.TimeoutException: Message: 
E   Stacktrace:
E   	chromedriver!GetHandleVerifier [0x46b373+10553]
E   	chromedriver!GetHandleVerifier [0x46b4a4+10684]
E   	chromedriver!(No symbol) [0x271e10]
E   	chromedriver!(No symbol) [0x2ba9da]
E   	chromedriver!(No symbol) [0x2bac7b]
E   	chromedriver!(No symbol) [0x2fd162]
E   	chromedriver!(No symbol) [0x2dd8b4]
E   	chromedriver!(No symbol) [0x2faa36]
E   	chromedriver!(No symbol) [0x2dd606]
E   	chromedriver!(No symbol) [0x2b0039]
E   	chromedriver!(No symbol) [0x2b0df4]
E   	chromedriver!GetHandleVerifier [0x6eddb4+292f94]
E   	chromedriver!GetHandleVerifier [0x6e937d+28e55d]
E   	chromedriver!GetHandleVerifier [0x708215+2ad3f5]
E   	chromedriver!GetHandleVerifier [0x484c18+29df8]
E   	chromedriver!GetHandleVerifier [0x48c6fd+318dd]
E   	chromedriver!GetHandleVerifier [0x473c78+18e58]
E   	chromedriver!GetHandleVerifier [0x473e42+19022]
E   	chromedriver!GetHandleVerifier [0x45d45f+263f]
E   	KERNEL32!BaseThreadInitThunk [0x75e85d49+19]
E   	ntdll!RtlInitializeExceptionChain [0x76f1d83b+6b]
E   	ntdll!RtlGetAppContainerNamedObjectPath [0x76f1d7c1+231]</failure></testcase><testcase classname="tests.test_CT_002_champs_vides" name="test_product_image_present" time="29.250"><failure message="selenium.common.exceptions.TimeoutException: Message: &#10;Stacktrace:&#10;&#09;chromedriver!GetHandleVerifier [0x46b373+10553]&#10;&#09;chromedriver!GetHandleVerifier [0x46b4a4+10684]&#10;&#09;chromedriver!(No symbol) [0x271e10]&#10;&#09;chromedriver!(No symbol) [0x2ba9da]&#10;&#09;chromedriver!(No symbol) [0x2bac7b]&#10;&#09;chromedriver!(No symbol) [0x2fd162]&#10;&#09;chromedriver!(No symbol) [0x2dd8b4]&#10;&#09;chromedriver!(No symbol) [0x2faa36]&#10;&#09;chromedriver!(No symbol) [0x2dd606]&#10;&#09;chromedriver!(No symbol) [0x2b0039]&#10;&#09;chromedriver!(No symbol) [0x2b0df4]&#10;&#09;chromedriver!GetHandleVerifier [0x6eddb4+292f94]&#10;&#09;chromedriver!GetHandleVerifier [0x6e937d+28e55d]&#10;&#09;chromedriver!GetHandleVerifier [0x708215+2ad3f5]&#10;&#09;chromedriver!GetHandleVerifier [0x484c18+29df8]&#10;&#09;chromedriver!GetHandleVerifier [0x48c6fd+318dd]&#10;&#09;chromedriver!GetHandleVerifier [0x473c78+18e58]&#10;&#09;chromedriver!GetHandleVerifier [0x473e42+19022]&#10;&#09;chromedriver!GetHandleVerifier [0x45d45f+263f]&#10;&#09;KERNEL32!BaseThreadInitThunk [0x75e85d49+19]&#10;&#09;ntdll!RtlInitializeExceptionChain [0x76f1d83b+6b]&#10;&#09;ntdll!RtlGetAppContainerNamedObjectPath [0x76f1d7c1+231]">tests\test_CT_002_champs_vides.py:60: in test_product_image_present
    _go_to_listing(driver, BASE_URL)
tests\test_CT_002_champs_vides.py:25: in _go_to_listing
    sub = WebDriverWait(driver, 20).until(
C:\Users\Lenovo\AppData\Local\Programs\Python\Python313\Lib\site-packages\selenium\webdriver\support\wait.py:121: in until
    raise TimeoutException(message, screen, stacktrace)
E   selenium.common.exceptions.TimeoutException: Message: 
E   Stacktrace:
E   	chromedriver!GetHandleVerifier [0x46b373+10553]
E   	chromedriver!GetHandleVerifier [0x46b4a4+10684]
E   	chromedriver!(No symbol) [0x271e10]
E   	chromedriver!(No symbol) [0x2ba9da]
E   	chromedriver!(No symbol) [0x2bac7b]
E   	chromedriver!(No symbol) [0x2fd162]
E   	chromedriver!(No symbol) [0x2dd8b4]
E   	chromedriver!(No symbol) [0x2faa36]
E   	chromedriver!(No symbol) [0x2dd606]
E   	chromedriver!(No symbol) [0x2b0039]
E   	chromedriver!(No symbol) [0x2b0df4]
E   	chromedriver!GetHandleVerifier [0x6eddb4+292f94]
E   	chromedriver!GetHandleVerifier [0x6e937d+28e55d]
E   	chromedriver!GetHandleVerifier [0x708215+2ad3f5]
E   	chromedriver!GetHandleVerifier [0x484c18+29df8]
E   	chromedriver!GetHandleVerifier [0x48c6fd+318dd]
E   	chromedriver!GetHandleVerifier [0x473c78+18e58]
E   	chromedriver!GetHandleVerifier [0x473e42+19022]
E   	chromedriver!GetHandleVerifier [0x45d45f+263f]
E   	KERNEL32!BaseThreadInitThunk [0x75e85d49+19]
E   	ntdll!RtlInitializeExceptionChain [0x76f1d83b+6b]
E   	ntdll!RtlGetAppContainerNamedObjectPath [0x76f1d7c1+231]</failure></testcase><testcase classname="tests.test_CT_002_champs_vides" name="test_invalid_url_shows_no_products" time="13.562" /><testcase classname="tests.test_CT_002_generated_test_case" name="test_products_list_is_displayed" time="29.055"><failure message="selenium.common.exceptions.TimeoutException: Message: &#10;Stacktrace:&#10;&#09;chromedriver!GetHandleVerifier [0x46b373+10553]&#10;&#09;chromedriver!GetHandleVerifier [0x46b4a4+10684]&#10;&#09;chromedriver!(No symbol) [0x271e10]&#10;&#09;chromedriver!(No symbol) [0x2ba9da]&#10;&#09;chromedriver!(No symbol) [0x2bac7b]&#10;&#09;chromedriver!(No symbol) [0x2fd162]&#10;&#09;chromedriver!(No symbol) [0x2dd8b4]&#10;&#09;chromedriver!(No symbol) [0x2faa36]&#10;&#09;chromedriver!(No symbol) [0x2dd606]&#10;&#09;chromedriver!(No symbol) [0x2b0039]&#10;&#09;chromedriver!(No symbol) [0x2b0df4]&#10;&#09;chromedriver!GetHandleVerifier [0x6eddb4+292f94]&#10;&#09;chromedriver!GetHandleVerifier [0x6e937d+28e55d]&#10;&#09;chromedriver!GetHandleVerifier [0x708215+2ad3f5]&#10;&#09;chromedriver!GetHandleVerifier [0x484c18+29df8]&#10;&#09;chromedriver!GetHandleVerifier [0x48c6fd+318dd]&#10;&#09;chromedriver!GetHandleVerifier [0x473c78+18e58]&#10;&#09;chromedriver!GetHandleVerifier [0x473e42+19022]&#10;&#09;chromedriver!GetHandleVerifier [0x45d45f+263f]&#10;&#09;KERNEL32!BaseThreadInitThunk [0x75e85d49+19]&#10;&#09;ntdll!RtlInitializeExceptionChain [0x76f1d83b+6b]&#10;&#09;ntdll!RtlGetAppContainerNamedObjectPath [0x76f1d7c1+231]">tests\test_CT_002_generated_test_case.py:45: in test_products_list_is_displayed
    _go_to_listing(driver, BASE_URL)
tests\test_CT_002_generated_test_case.py:25: in _go_to_listing
    sub = WebDriverWait(driver, 20).until(
C:\Users\Lenovo\AppData\Local\Programs\Python\Python313\Lib\site-packages\selenium\webdriver\support\wait.py:121: in until
    raise TimeoutException(message, screen, stacktrace)
E   selenium.common.exceptions.TimeoutException: Message: 
E   Stacktrace:
E   	chromedriver!GetHandleVerifier [0x46b373+10553]
E   	chromedriver!GetHandleVerifier [0x46b4a4+10684]
E   	chromedriver!(No symbol) [0x271e10]
E   	chromedriver!(No symbol) [0x2ba9da]
E   	chromedriver!(No symbol) [0x2bac7b]
E   	chromedriver!(No symbol) [0x2fd162]
E   	chromedriver!(No symbol) [0x2dd8b4]
E   	chromedriver!(No symbol) [0x2faa36]
E   	chromedriver!(No symbol) [0x2dd606]
E   	chromedriver!(No symbol) [0x2b0039]
E   	chromedriver!(No symbol) [0x2b0df4]
E   	chromedriver!GetHandleVerifier [0x6eddb4+292f94]
E   	chromedriver!GetHandleVerifier [0x6e937d+28e55d]
E   	chromedriver!GetHandleVerifier [0x708215+2ad3f5]
E   	chromedriver!GetHandleVerifier [0x484c18+29df8]
E   	chromedriver!GetHandleVerifier [0x48c6fd+318dd]
E   	chromedriver!GetHandleVerifier [0x473c78+18e58]
E   	chromedriver!GetHandleVerifier [0x473e42+19022]
E   	chromedriver!GetHandleVerifier [0x45d45f+263f]
E   	KERNEL32!BaseThreadInitThunk [0x75e85d49+19]
E   	ntdll!RtlInitializeExceptionChain [0x76f1d83b+6b]
[...]
    _go_to_listing(driver, BASE_URL)
tests\test_CT_004_navigation_avec_une_grande_quantité_de_p.py:25: in _go_to_listing
    sub = WebDriverWait(driver, 20).until(
C:\Users\Lenovo\AppData\Local\Programs\Python\Python313\Lib\site-packages\selenium\webdriver\support\wait.py:121: in until
    raise TimeoutException(message, screen, stacktrace)
E   selenium.common.exceptions.TimeoutException: Message: 
E   Stacktrace:
E   	chromedriver!GetHandleVerifier [0x46b373+10553]
E   	chromedriver!GetHandleVerifier [0x46b4a4+10684]
E   	chromedriver!(No symbol) [0x271e10]
E   	chromedriver!(No symbol) [0x2ba9da]
E   	chromedriver!(No symbol) [0x2bac7b]
E   	chromedriver!(No symbol) [0x2fd162]
E   	chromedriver!(No symbol) [0x2dd8b4]
E   	chromedriver!(No symbol) [0x2faa36]
E   	chromedriver!(No symbol) [0x2dd606]
E   	chromedriver!(No symbol) [0x2b0039]
E   	chromedriver!(No symbol) [0x2b0df4]
E   	chromedriver!GetHandleVerifier [0x6eddb4+292f94]
E   	chromedriver!GetHandleVerifier [0x6e937d+28e55d]
E   	chromedriver!GetHandleVerifier [0x708215+2ad3f5]
E   	chromedriver!GetHandleVerifier [0x484c18+29df8]
E   	chromedriver!GetHandleVerifier [0x48c6fd+318dd]
E   	chromedriver!GetHandleVerifier [0x473c78+18e58]
E   	chromedriver!GetHandleVerifier [0x473e42+19022]
E   	chromedriver!GetHandleVerifier [0x45d45f+263f]
E   	KERNEL32!BaseThreadInitThunk [0x75e85d49+19]
E   	ntdll!RtlInitializeExceptionChain [0x76f1d83b+6b]
E   	ntdll!RtlGetAppContainerNamedObjectPath [0x76f1d7c1+231]</failure></testcase><testcase classname="tests.test_CT_004_navigation_avec_une_grande_quantité_de_p" name="test_product_image_present" time="28.725"><failure message="selenium.common.exceptions.TimeoutException: Message: &#10;Stacktrace:&#10;&#09;chromedriver!GetHandleVerifier [0x46b373+10553]&#10;&#09;chromedriver!GetHandleVerifier [0x46b4a4+10684]&#10;&#09;chromedriver!(No symbol) [0x271e10]&#10;&#09;chromedriver!(No symbol) [0x2ba9da]&#10;&#09;chromedriver!(No symbol) [0x2bac7b]&#10;&#09;chromedriver!(No symbol) [0x2fd162]&#10;&#09;chromedriver!(No symbol) [0x2dd8b4]&#10;&#09;chromedriver!(No symbol) [0x2faa36]&#10;&#09;chromedriver!(No symbol) [0x2dd606]&#10;&#09;chromedriver!(No symbol) [0x2b0039]&#10;&#09;chromedriver!(No symbol) [0x2b0df4]&#10;&#09;chromedriver!GetHandleVerifier [0x6eddb4+292f94]&#10;&#09;chromedriver!GetHandleVerifier [0x6e937d+28e55d]&#10;&#09;chromedriver!GetHandleVerifier [0x708215+2ad3f5]&#10;&#09;chromedriver!GetHandleVerifier [0x484c18+29df8]&#10;&#09;chromedriver!GetHandleVerifier [0x48c6fd+318dd]&#10;&#09;chromedriver!GetHandleVerifier [0x473c78+18e58]&#10;&#09;chromedriver!GetHandleVerifier [0x473e42+19022]&#10;&#09;chromedriver!GetHandleVerifier [0x45d45f+263f]&#10;&#09;KERNEL32!BaseThreadInitThunk [0x75e85d49+19]&#10;&#09;ntdll!RtlInitializeExceptionChain [0x76f1d83b+6b]&#10;&#09;ntdll!RtlGetAppContainerNamedObjectPath [0x76f1d7c1+231]">tests\test_CT_004_navigation_avec_une_grande_quantité_de_p.py:60: in test_product_image_present
    _go_to_listing(driver, BASE_URL)
tests\test_CT_004_navigation_avec_une_grande_quantité_de_p.py:25: in _go_to_listing
    sub = WebDriverWait(driver, 20).until(
C:\Users\Lenovo\AppData\Local\Programs\Python\Python313\Lib\site-packages\selenium\webdriver\support\wait.py:121: in until
    raise TimeoutException(message, screen, stacktrace)
E   selenium.common.exceptions.TimeoutException: Message: 
E   Stacktrace:
E   	chromedriver!GetHandleVerifier [0x46b373+10553]
E   	chromedriver!GetHandleVerifier [0x46b4a4+10684]
E   	chromedriver!(No symbol) [0x271e10]
E   	chromedriver!(No symbol) [0x2ba9da]
E   	chromedriver!(No symbol) [0x2bac7b]
E   	chromedriver!(No symbol) [0x2fd162]
E   	chromedriver!(No symbol) [0x2dd8b4]
E   	chromedriver!(No symbol) [0x2faa36]
E   	chromedriver!(No symbol) [0x2dd606]
E   	chromedriver!(No symbol) [0x2b0039]
E   	chromedriver!(No symbol) [0x2b0df4]
E   	chromedriver!GetHandleVerifier [0x6eddb4+292f94]
E   	chromedriver!GetHandleVerifier [0x6e937d+28e55d]
E   	chromedriver!GetHandleVerifier [0x708215+2ad3f5]
E   	chromedriver!GetHandleVerifier [0x484c18+29df8]
E   	chromedriver!GetHandleVerifier [0x48c6fd+318dd]
E   	chromedriver!GetHandleVerifier [0x473c78+18e58]
E   	chromedriver!GetHandleVerifier [0x473e42+19022]
E   	chromedriver!GetHandleVerifier [0x45d45f+263f]
E   	KERNEL32!BaseThreadInitThunk [0x75e85d49+19]
E   	ntdll!RtlInitializeExceptionChain [0x76f1d83b+6b]
E   	ntdll!RtlGetAppContainerNamedObjectPath [0x76f1d7c1+231]</failure></testcase><testcase classname="tests.test_CT_004_navigation_avec_une_grande_quantité_de_p" name="test_invalid_url_shows_no_products" time="14.093" /><testcase classname="tests.test_CT_004_navigation_entre_catégories___edge_case_" name="test_products_list_is_displayed" time="28.757"><failure message="selenium.common.exceptions.TimeoutException: Message: &#10;Stacktrace:&#10;&#09;chromedriver!GetHandleVerifier [0x46b373+10553]&#10;&#09;chromedriver!GetHandleVerifier [0x46b4a4+10684]&#10;&#09;chromedriver!(No symbol) [0x271e10]&#10;&#09;chromedriver!(No symbol) [0x2ba9da]&#10;&#09;chromedriver!(No symbol) [0x2bac7b]&#10;&#09;chromedriver!(No symbol) [0x2fd162]&#10;&#09;chromedriver!(No symbol) [0x2dd8b4]&#10;&#09;chromedriver!(No symbol) [0x2faa36]&#10;&#09;chromedriver!(No symbol) [0x2dd606]&#10;&#09;chromedriver!(No symbol) [0x2b0039]&#10;&#09;chromedriver!(No symbol) [0x2b0df4]&#10;&#09;chromedriver!GetHandleVerifier [0x6eddb4+292f94]&#10;&#09;chromedriver!GetHandleVerifier [0x6e937d+28e55d]&#10;&#09;chromedriver!GetHandleVerifier [0x708215+2ad3f5]&#10;&#09;chromedriver!GetHandleVerifier [0x484c18+29df8]&#10;&#09;chromedriver!GetHandleVerifier [0x48c6fd+318dd]&#10;&#09;chromedriver!GetHandleVerifier [0x473c78+18e58]&#10;&#09;chromedriver!GetHandleVerifier [0x473e42+19022]&#10;&#09;chromedriver!GetHandleVerifier [0x45d45f+263f]&#10;&#09;KERNEL32!BaseThreadInitThunk [0x75e85d49+19]&#10;&#09;ntdll!RtlInitializeExceptionChain [0x76f1d83b+6b]&#10;&#09;ntdll!RtlGetAppContainerNamedObjectPath [0x76f1d7c1+231]">tests\test_CT_004_navigation_entre_catégories___edge_case_.py:45: in test_products_list_is_displayed
    _go_to_listing(driver, BASE_URL)
tests\test_CT_004_navigation_entre_catégories___edge_case_.py:25: in _go_to_listing
    sub = WebDriverWait(driver, 20).until(
C:\Users\Lenovo\AppData\Local\Programs\Python\Python313\Lib\site-packages\selenium\webdriver\support\wait.py:121: in until
    raise TimeoutException(message, screen, stacktrace)
E   selenium.common.exceptions.TimeoutException: Message: 
E   Stacktrace:
E   	chromedriver!GetHandleVerifier [0x46b373+10553]
E   	chromedriver!GetHandleVerifier [0x46b4a4+10684]
E   	chromedriver!(No symbol) [0x271e10]
E   	chromedriver!(No symbol) [0x2ba9da]
E   	chromedriver!(No symbol) [0x2bac7b]
E   	chromedriver!(No symbol) [0x2fd162]
E   	chromedriver!(No symbol) [0x2dd8b4]
E   	chromedriver!(No symbol) [0x2faa36]
E   	chromedriver!(No symbol) [0x2dd606]
E   	chromedriver!(No symbol) [0x2b0039]
E   	chromedriver!(No symbol) [0x2b0df4]
E   	chromedriver!GetHandleVerifier [0x6eddb4+292f94]
E   	chromedriver!GetHandleVerifier [0x6e937d+28e55d]
E   	chromedriver!GetHandleVerifier [0x708215+2ad3f5]
E   	chromedriver!GetHandleVerifier [0x484c18+29df8]
E   	chromedriver!GetHandleVerifier [0x48c6fd+318dd]
E   	chromedriver!GetHandleVerifier [0x473c78+18e58]
E   	chromedriver!GetHandleVerifier [0x473e42+19022]
E   	chromedriver!GetHandleVerifier [0x45d45f+263f]
E   	KERNEL32!BaseThreadInitThunk [0x75e85d49+19]
E   	ntdll!RtlInitializeExceptionChain [0x76f1d83b+6b]
E   	ntdll!RtlGetAppContainerNamedObjectPath [0x76f1d7c1+231]</failure></testcase><testcase classname="tests.test_CT_004_navigation_entre_catégories___edge_case_" name="test_product_image_present" time="28.614"><failure message="selenium.common.exceptions.TimeoutException: Message: &#10;Stacktrace:&#10;&#09;chromedriver!GetHandleVerifier [0x46b373+10553]&#10;&#09;chromedriver!GetHandleVerifier [0x46b4a4+10684]&#10;&#09;chromedriver!(No symbol) [0x271e10]&#10;&#09;chromedriver!(No symbol) [0x2ba9da]&#10;&#09;chromedriver!(No symbol) [0x2bac7b]&#10;&#09;chromedriver!(No symbol) [0x2fd162]&#10;&#09;chromedriver!(No symbol) [0x2dd8b4]&#10;&#09;chromedriver!(No symbol) [0x2faa36]&#10;&#09;chromedriver!(No symbol) [0x2dd606]&#10;&#09;chromedriver!(No symbol) [0x2b0039]&#10;&#09;chromedriver!(No symbol) [0x2b0df4]&#10;&#09;chromedriver!GetHandleVerifier [0x6eddb4+292f94]&#10;&#09;chromedriver!GetHandleVerifier [0x6e937d+28e55d]&#10;&#09;chromedriver!GetHandleVerifier [0x708215+2ad3f5]&#10;&#09;chromedriver!GetHandleVerifier [0x484c18+29df8]&#10;&#09;chromedriver!GetHandleVerifier [0x48c6fd+318dd]&#10;&#09;chromedriver!GetHandleVerifier [0x473c78+18e58]&#10;&#09;chromedriver!GetHandleVerifier [0x473e42+19022]&#10;&#09;chromedriver!GetHandleVerifier [0x45d45f+263f]&#10;&#09;KERNEL32!BaseThreadInitThunk [0x75e85d49+19]&#10;&#09;ntdll!RtlInitializeExceptionChain [0x76f1d83b+6b]&#10;&#09;ntdll!RtlGetAppContainerNamedObjectPath [0x76f1d7c1+231]">tests\test_CT_004_navigation_entre_catégories___edge_case_.py:60: in test_product_image_present
    _go_to_listing(driver, BASE_URL)
tests\test_CT_004_navigation_entre_catégories___edge_case_.py:25: in _go_to_listing
    sub = WebDriverWait(driver, 20).until(
C:\Users\Lenovo\AppData\Local\Programs\Python\Python313\Lib\site-packages\selenium\webdriver\support\wait.py:121: in until
    raise TimeoutException(message, screen, stacktrace)
E   selenium.common.exceptions.TimeoutException: Message: 
E   Stacktrace:
E   	chromedriver!GetHandleVerifier [0x46b373+10553]
E   	chromedriver!GetHandleVerifier [0x46b4a4+10684]
E   	chromedriver!(No symbol) [0x271e10]
E   	chromedriver!(No symbol) [0x2ba9da]
E   	chromedriver!(No symbol) [0x2bac7b]
E   	chromedriver!(No symbol) [0x2fd162]
E   	chromedriver!(No symbol) [0x2dd8b4]
E   	chromedriver!(No symbol) [0x2faa36]
E   	chromedriver!(No symbol) [0x2dd606]
E   	chromedriver!(No symbol) [0x2b0039]
E   	chromedriver!(No symbol) [0x2b0df4]
E   	chromedriver!GetHandleVerifier [0x6eddb4+292f94]
E   	chromedriver!GetHandleVerifier [0x6e937d+28e55d]
E   	chromedriver!GetHandleVerifier [0x708215+2ad3f5]
E   	chromedriver!GetHandleVerifier [0x484c18+29df8]
E   	chromedriver!GetHandleVerifier [0x48c6fd+318dd]
E   	chromedriver!GetHandleVerifier [0x473c78+18e58]
E   	chromedriver!GetHandleVerifier [0x473e42+19022]
E   	chromedriver!GetHandleVerifier [0x45d45f+263f]
E   	KERNEL32!BaseThreadInitThunk [0x75e85d49+19]
E   	ntdll!RtlInitializeExceptionChain [0x76f1d83b+6b]
E   	ntdll!RtlGetAppContainerNamedObjectPath [0x76f1d7c1+231]</failure></testcase><testcase classname="tests.test_CT_004_navigation_entre_catégories___edge_case_" name="test_invalid_url_shows_no_products" time="13.237" /><testcase classname="tests.test_CT_004_navigation_vers_détail_produit___edge_ca" name="test_navigate_to_product_detail" time="28.693"><failure message="selenium.common.exceptions.TimeoutException: Message: &#10;Stacktrace:&#10;&#09;chromedriver!GetHandleVerifier [0x46b373+10553]&#10;&#09;chromedriver!GetHandleVerifier [0x46b4a4+10684]&#10;&#09;chromedriver!(No symbol) [0x271e10]&#10;&#09;chromedriver!(No symbol) [0x2ba9da]&#10;&#09;chromedriver!(No symbol) [0x2bac7b]&#10;&#09;chromedriver!(No symbol) [0x2fd162]&#10;&#09;chromedriver!(No symbol) [0x2dd8b4]&#10;&#09;chromedriver!(No symbol) [0x2faa36]&#10;&#09;chromedriver!(No symbol) [0x2dd606]&#10;&#09;chromedriver!(No symbol) [0x2b0039]&#10;&#09;chromedriver!(No symbol) [0x2b0df4]&#10;&#09;chromedriver!GetHandleVerifier [0x6eddb4+292f94]&#10;&#09;chromedriver!GetHandleVerifier [0x6e937d+28e55d]&#10;&#09;chromedriver!GetHandleVerifier [0x708215+2ad3f5]&#10;&#09;chromedriver!GetHandleVerifier [0x484c18+29df8]&#10;&#09;chromedriver!GetHandleVerifier [0x48c6fd+318dd]&#10;&#09;chromedriver!GetHandleVerifier [0x473c78+18e58]&#10;&#09;chromedriver!GetHandleVerifier [0x473e42+19022]&#10;&#09;chromedriver!GetHandleVerifier [0x45d45f+263f]&#10;&#09;KERNEL32!BaseThreadInitThunk [0x75e85d49+19]&#10;&#09;ntdll!RtlInitializeExceptionChain [0x76f1d83b+6b]&#10;&#09;ntdll!RtlGetAppContainerNamedObjectPath [0x76f1d7c1+231]">tests\test_CT_004_navigation_vers_détail_produit___edge_ca.py:45: in test_navigate_to_product_detail
    _go_to_listing(driver, BASE_URL)
tests\test_CT_004_navigation_vers_détail_produit___edge_ca.py:25: in _go_to_listing
    sub = WebDriverWait(driver, 20).until(
C:\Users\Lenovo\AppData\Local\Programs\Python\Python313\Lib\site-packages\selenium\webdriver\support\wait.py:121: in until
    raise TimeoutException(message, screen, stacktrace)
E   selenium.common.exceptions.TimeoutException: Message: 
E   Stacktrace:
E   	chromedriver!GetHandleVerifier [0x46b373+10553]
E   	chromedriver!GetHandleVerifier [0x46b4a4+10684]
E   	chromedriver!(No symbol) [0x271e10]
E   	chromedriver!(No symbol) [0x2ba9da]
E   	chromedriver!(No symbol) [0x2bac7b]
E   	chromedriver!(No symbol) [0x2fd162]
E   	chromedriver!(No symbol) [0x2dd8b4]
E   	chromedriver!(No symbol) [0x2faa36]
E   	chromedriver!(No symbol) [0x2dd606]
E   	chromedriver!(No symbol) [0x2b0039]
E   	chromedriver!(No symbol) [0x2b0df4]
E   	chromedriver!GetHandleVerifier [0x6eddb4+292f94]
E   	chromedriver!GetHandleVerifier [0x6e937d+28e55d]
E   	chromedriver!GetHandleVerifier [0x708215+2ad3f5]
E   	chromedriver!GetHandleVerifier [0x484c18+29df8]
E   	chromedriver!GetHandleVerifier [0x48c6fd+318dd]
E   	chromedriver!GetHandleVerifier [0x473c78+18e58]
E   	chromedriver!GetHandleVerifier [0x473e42+19022]
E   	chromedriver!GetHandleVerifier [0x45d45f+263f]
E   	KERNEL32!BaseThreadInitThunk [0x75e85d49+19]
E   	ntdll!RtlInitializeExceptionChain [0x76f1d83b+6b]
E   	ntdll!RtlGetAppContainerNamedObjectPath [0x76f1d7c1+231]</failure></testcase><testcase classname="tests.test_CT_004_navigation_vers_détail_produit___edge_ca" name="test_product_detail_has_price" time="28.869"><failure message="selenium.common.exceptions.TimeoutException: Message: &#10;Stacktrace:&#10;&#09;chromedriver!GetHandleVerifier [0x46b373+10553]&#10;&#09;chromedriver!GetHandleVerifier [0x46b4a4+10684]&#10;&#09;chromedriver!(No symbol) [0x271e10]&#10;&#09;chromedriver!(No symbol) [0x2ba9da]&#10;&#09;chromedriver!(No symbol) [0x2bac7b]&#10;&#09;chromedriver!(No symbol) [0x2fd162]&#10;&#09;chromedriver!(No symbol) [0x2dd8b4]&#10;&#09;chromedriver!(No symbol) [0x2faa36]&#10;&#09;chromedriver!(No symbol) [0x2dd606]&#10;&#09;chromedriver!(No symbol) [0x2b0039]&#10;&#09;chromedriver!(No symbol) [0x2b0df4]&#10;&#09;chromedriver!GetHandleVerifier [0x6eddb4+292f94]&#10;&#09;chromedriver!GetHandleVerifier [0x6e937d+28e55d]&#10;&#09;chromedriver!GetHandleVerifier [0x708215+2ad3f5]&#10;&#09;chromedriver!GetHandleVerifier [0x484c18+29df8]&#10;&#09;chromedriver!GetHandleVerifier [0x48c6fd+318dd]&#10;&#09;chromedriver!GetHandleVerifier [0x473c78+18e58]&#10;&#09;chromedriver!GetHandleVerifier [0x473e42+19022]&#10;&#09;chromedriver!GetHandleVerifier [0x45d45f+263f]&#10;&#09;KERNEL32!BaseThreadInitThunk [0x75e85d49+19]&#10;&#09;ntdll!RtlInitializeExceptionChain [0x76f1d83b+6b]&#10;&#09;ntdll!RtlGetAppContainerNamedObjectPath [0x76f1d7c1+231]">tests\test_CT_004_navigation_vers_détail_produit___edge_ca.py:61: in test_product_detail_has_price
    _go_to_listing(driver, BASE_URL)
tests\test_CT_004_navigation_vers_détail_produit___edge_ca.py:25: in _go_to_listing
    sub = WebDriverWait(driver, 20).until(
C:\Users\Lenovo\AppData\Local\Programs\Python\Python313\Lib\site-packages\selenium\webdriver\support\wait.py:121: in until
    raise TimeoutException(message, screen, stacktrace)
E   selenium.common.exceptions.TimeoutException: Message: 
E   Stacktrace:
E   	chromedriver!GetHandleVerifier [0x46b373+10553]
E   	chromedriver!GetHandleVerifier [0x46b4a4+10684]
E   	chromedriver!(No symbol) [0x271e10]
E   	chromedriver!(No symbol) [0x2ba9da]
E   	chromedriver!(No symbol) [0x2bac7b]
E   	chromedriver!(No symbol) [0x2fd162]
E   	chromedriver!(No symbol) [0x2dd8b4]
E   	chromedriver!(No symbol) [0x2faa36]
E   	chromedriver!(No symbol) [0x2dd606]
E   	chromedriver!(No symbol) [0x2b0039]
E   	chromedriver!(No symbol) [0x2b0df4]
E   	chromedriver!GetHandleVerifier [0x6eddb4+292f94]
E   	chromedriver!GetHandleVerifier [0x6e937d+28e55d]
E   	chromedriver!GetHandleVerifier [0x708215+2ad3f5]
E   	chromedriver!GetHandleVerifier [0x484c18+29df8]
E   	chromedriver!GetHandleVerifier [0x48c6fd+318dd]
E   	chromedriver!GetHandleVerifier [0x473c78+18e58]
E   	chromedriver!GetHandleVerifier [0x473e42+19022]
E   	chromedriver!GetHandleVerifier [0x45d45f+263f]
E   	KERNEL32!BaseThreadInitThunk [0x75e85d49+19]
E   	ntdll!RtlInitializeExceptionChain [0x76f1d83b+6b]
E   	ntdll!RtlGetAppContainerNamedObjectPath [0x76f1d7c1+231]</failure></testcase><testcase classname="tests.test_CT_004_navigation_vers_détail_produit___edge_ca" name="test_detail_page_has_product_name" time="28.952"><failure message="selenium.common.exceptions.TimeoutException: Message: &#10;Stacktrace:&#10;&#09;chromedriver!GetHandleVerifier [0x46b373+10553]&#10;&#09;chromedriver!GetHandleVerifier [0x46b4a4+10684]&#10;&#09;chromedriver!(No symbol) [0x271e10]&#10;&#09;chromedriver!(No symbol) [0x2ba9da]&#10;&#09;chromedriver!(No symbol) [0x2bac7b]&#10;&#09;chromedriver!(No symbol) [0x2fd162]&#10;&#09;chromedriver!(No symbol) [0x2dd8b4]&#10;&#09;chromedriver!(No symbol) [0x2faa36]&#10;&#09;chromedriver!(No symbol) [0x2dd606]&#10;&#09;chromedriver!(No symbol) [0x2b0039]&#10;&#09;chromedriver!(No symbol) [0x2b0df4]&#10;&#09;chromedriver!GetHandleVerifier [0x6eddb4+292f94]&#10;&#09;chromedriver!GetHandleVerifier [0x6e937d+28e55d]&#10;&#09;chromedriver!GetHandleVerifier [0x708215+2ad3f5]&#10;&#09;chromedriver!GetHandleVerifier [0x484c18+29df8]&#10;&#09;chromedriver!GetHandleVerifier [0x48c6fd+318dd]&#10;&#09;chromedriver!GetHandleVerifier [0x473c78+18e58]&#10;&#09;chromedriver!GetHandleVerifier [0x473e42+19022]&#10;&#09;chromedriver!GetHandleVerifier [0x45d45f+263f]&#10;&#09;KERNEL32!BaseThreadInitThunk [0x75e85d49+19]&#10;&#09;ntdll!RtlInitializeExceptionChain [0x76f1d83b+6b]&#10;&#09;ntdll!RtlGetAppContainerNamedObjectPath [0x76f1d7c1+231]">tests\test_CT_004_navigation_vers_détail_produit___edge_ca.py:78: in test_detail_page_has_product_name
    _go_to_listing(driver, BASE_URL)
tests\test_CT_004_navigation_vers_détail_produit___edge_ca.py:25: in _go_to_listing
    sub = WebDriverWait(driver, 20).until(
C:\Users\Lenovo\AppData\Local\Programs\Python\Python313\Lib\site-packages\selenium\webdriver\support\wait.py:121: in until
    raise TimeoutException(message, screen, stacktrace)
E   selenium.common.exceptions.TimeoutException: Message: 
E   Stacktrace:
E   	chromedriver!GetHandleVerifier [0x46b373+10553]
E   	chromedriver!GetHandleVerifier [0x46b4a4+10684]
E   	chromedriver!(No symbol) [0x271e10]
E   	chromedriver!(No symbol) [0x2ba9da]
E   	chromedriver!(No symbol) [0x2bac7b]
E   	chromedriver!(No symbol) [0x2fd162]
E   	chromedriver!(No symbol) [0x2dd8b4]
E   	chromedriver!(No symbol) [0x2faa36]
E   	chromedriver!(No symbol) [0x2dd606]
E   	chromedriver!(No symbol) [0x2b0039]
E   	chromedriver!(No symbol) [0x2b0df4]
E   	chromedriver!GetHandleVerifier [0x6eddb4+292f94]
E   	chromedriver!GetHandleVerifier [0x6e937d+28e55d]
E   	chromedriver!GetHandleVerifier [0x708215+2ad3f5]
E   	chromedriver!GetHandleVerifier [0x484c18+29df8]
E   	chromedriver!GetHandleVerifier [0x48c6fd+318dd]
E   	chromedriver!GetHandleVerifier [0x473c78+18e58]
E   	chromedriver!GetHandleVerifier [0x473e42+19022]
E   	chromedriver!GetHandleVerifier [0x45d45f+263f]
E   	KERNEL32!BaseThreadInitThunk [0x75e85d49+19]
E   	ntdll!RtlInitializeExceptionChain [0x76f1d83b+6b]
E   	ntdll!RtlGetAppContainerNamedObjectPath [0x76f1d7c1+231]</failure></testcase></testsuite></testsuites>