<?xml version="1.0" encoding="utf-8"?><testsuites name="pytest tests"><testsuite name="pytest" errors="0" failures="25" skipped="0" tests="75" time="737.438" timestamp="2026-04-30T20:50:09.636915+01:00" hostname="DESKTOP-E5NKSEU"><testcase classname="tests.test_CT_001_ajout_au_panier___flux_nominal" name="test_add_to_cart_updates_counter" time="7.374" /><testcase classname="tests.test_CT_001_ajout_au_panier___flux_nominal" name="test_add_to_cart_button_visible" time="6.635" /><testcase classname="tests.test_CT_001_ajout_au_panier___flux_nominal" name="test_cart_counter_visible" time="6.034" /><testcase classname="tests.test_CT_001_cas_positif___navigation_entre_les_pages" name="test_products_list_is_displayed" time="9.721"><failure message="AssertionError: Nom produit vide&#10;assert ''">tests\test_CT_001_cas_positif___navigation_entre_les_pages.py:54: in test_products_list_is_displayed
    assert name_text, "Nom produit vide"
E   AssertionError: Nom produit vide
E   assert ''</failure></testcase><testcase classname="tests.test_CT_001_cas_positif___navigation_entre_les_pages" name="test_product_image_present" time="10.200" /><testcase classname="tests.test_CT_001_cas_positif___navigation_entre_les_pages" name="test_invalid_url_shows_no_products" time="14.625" /><testcase classname="tests.test_CT_001_generated_test_case" name="test_products_list_is_displayed" time="10.441"><failure message="AssertionError: Nom produit vide&#10;assert ''">tests\test_CT_001_generated_test_case.py:54: in test_products_list_is_displayed
    assert name_text, "Nom produit vide"
E   AssertionError: Nom produit vide
E   assert ''</failure></testcase><testcase classname="tests.test_CT_001_generated_test_case" name="test_product_image_present" time="10.227" /><testcase classname="tests.test_CT_001_generated_test_case" name="test_invalid_url_shows_no_products" time="14.234" /><testcase classname="tests.test_CT_001_navigation_vers_détail_produit___flux_no" name="test_navigate_to_product_detail" time="10.531" /><testcase classname="tests.test_CT_001_navigation_vers_détail_produit___flux_no" name="test_product_detail_has_price" time="10.795" /><testcase classname="tests.test_CT_001_navigation_vers_détail_produit___flux_no" name="test_detail_page_has_product_name" time="30.981"><failure message="selenium.common.exceptions.TimeoutException: Message: &#10;Stacktrace:&#10;&#09;chromedriver!GetHandleVerifier [0xfbb373+10553]&#10;&#09;chromedriver!GetHandleVerifier [0xfbb4a4+10684]&#10;&#09;chromedriver!(No symbol) [0xdc1e10]&#10;&#09;chromedriver!(No symbol) [0xe0a9da]&#10;&#09;chromedriver!(No symbol) [0xe0ac7b]&#10;&#09;chromedriver!(No symbol) [0xe4d162]&#10;&#09;chromedriver!(No symbol) [0xe2d8b4]&#10;&#09;chromedriver!(No symbol) [0xe4aa36]&#10;&#09;chromedriver!(No symbol) [0xe2d606]&#10;&#09;chromedriver!(No symbol) [0xe00039]&#10;&#09;chromedriver!(No symbol) [0xe00df4]&#10;&#09;chromedriver!GetHandleVerifier [0x123ddb4+292f94]&#10;&#09;chromedriver!GetHandleVerifier [0x123937d+28e55d]&#10;&#09;chromedriver!GetHandleVerifier [0x1258215+2ad3f5]&#10;&#09;chromedriver!GetHandleVerifier [0xfd4c18+29df8]&#10;&#09;chromedriver!GetHandleVerifier [0xfdc6fd+318dd]&#10;&#09;chromedriver!GetHandleVerifier [0xfc3c78+18e58]&#10;&#09;chromedriver!GetHandleVerifier [0xfc3e42+19022]&#10;&#09;chromedriver!GetHandleVerifier [0xfad45f+263f]&#10;&#09;KERNEL32!BaseThreadInitThunk [0x75e85d49+19]&#10;&#09;ntdll!RtlInitializeExceptionChain [0x76f1d83b+6b]&#10;&#09;ntdll!RtlGetAppContainerNamedObjectPath [0x76f1d7c1+231]">tests\test_CT_001_navigation_vers_détail_produit___flux_no.py:88: in test_detail_page_has_product_name
    h1 = WebDriverWait(driver, 20).until(
C:\Users\Lenovo\AppData\Local\Programs\Python\Python313\Lib\site-packages\selenium\webdriver\support\wait.py:121: in until
    raise TimeoutException(message, screen, stacktrace)
E   selenium.common.exceptions.TimeoutException: Message: 
E   Stacktrace:
E   	chromedriver!GetHandleVerifier [0xfbb373+10553]
E   	chromedriver!GetHandleVerifier [0xfbb4a4+10684]
E   	chromedriver!(No symbol) [0xdc1e10]
E   	chromedriver!(No symbol) [0xe0a9da]
E   	chromedriver!(No symbol) [0xe0ac7b]
E   	chromedriver!(No symbol) [0xe4d162]
E   	chromedriver!(No symbol) [0xe2d8b4]
E   	chromedriver!(No symbol) [0xe4aa36]
E   	chromedriver!(No symbol) [0xe2d606]
E   	chromedriver!(No symbol) [0xe00039]
E   	chromedriver!(No symbol) [0xe00df4]
E   	chromedriver!GetHandleVerifier [0x123ddb4+292f94]
E   	chromedriver!GetHandleVerifier [0x123937d+28e55d]
E   	chromedriver!GetHandleVerifier [0x1258215+2ad3f5]
E   	chromedriver!GetHandleVerifier [0xfd4c18+29df8]
E   	chromedriver!GetHandleVerifier [0xfdc6fd+318dd]
E   	chromedriver!GetHandleVerifier [0xfc3c78+18e58]
E   	chromedriver!GetHandleVerifier [0xfc3e42+19022]
E   	chromedriver!GetHandleVerifier [0xfad45f+263f]
E   	KERNEL32!BaseThreadInitThunk [0x75e85d49+19]
E   	ntdll!RtlInitializeExceptionChain [0x76f1d83b+6b]
E   	ntdll!RtlGetAppContainerNamedObjectPath [0x76f1d7c1+231]</failure></testcase><testcase classname="tests.test_CT_001_recherche_produit_existant" name="test_search_returns_results" time="6.166"><failure message="selenium.common.exceptions.NoSuchElementException: Message: no such element: Unable to locate element: {&quot;method&quot;:&quot;css selector&quot;,&quot;selector&quot;:&quot;.search-box button[type='submit']&quot;}&#10;  (Session info: chrome=147.0.7727.137); For documentation on this error, please visit: https://www.selenium.dev/documentation/webdriver/troubleshooting/errors#nosuchelementexception&#10;Stacktrace:&#10;&#09;chromedriver!GetHandleVerifier [0xfbb373+10553]&#10;&#09;chromedriver!GetHandleVerifier [0xfbb4a4+10684]&#10;&#09;chromedriver!(No symbol) [0xdc1e10]&#10;&#09;chromedriver!(No symbol) [0xe0a9da]&#10;&#09;chromedriver!(No symbol) [0xe0ac7b]&#10;&#09;chromedriver!(No symbol) [0xe4d162]&#10;&#09;chromedriver!(No symbol) [0xe2d8b4]&#10;&#09;chromedriver!(No symbol) [0xe4aa36]&#10;&#09;chromedriver!(No symbol) [0xe2d606]&#10;&#09;chromedriver!(No symbol) [0xe00039]&#10;&#09;chromedriver!(No symbol) [0xe00df4]&#10;&#09;chromedriver!GetHandleVerifier [0x123ddb4+292f94]&#10;&#09;chromedriver!GetHandleVerifier [0x123937d+28e55d]&#10;&#09;chromedriver!GetHandleVerifier [0x1258215+2ad3f5]&#10;&#09;chromedriver!GetHandleVerifier [0xfd4c18+29df8]&#10;&#09;chromedriver!GetHandleVerifier [0xfdc6fd+318dd]&#10;&#09;chromedriver!GetHandleVerifier [0xfc3c78+18e58]&#10;&#09;chromedriver!GetHandleVerifier [0xfc3e42+19022]&#10;&#09;chromedriver!GetHandleVerifier [0xfad45f+263f]&#10;&#09;KERNEL32!BaseThreadInitThunk [0x75e85d49+19]&#10;&#09;ntdll!RtlInitializeExceptionChain [0x76f1d83b+6b]&#10;&#09;ntdll!RtlGetAppContainerNamedObjectPath [0x76f1d7c1+231]">tests\test_CT_001_recherche_produit_existant.py:51: in test_search_returns_results
    btn = driver.find_element(By.CSS_SELECTOR, ".search-box button[type='submit']")
          ^^^^^^^^^^^^^^^^^^^^^^^^^^^^^^^^^^^^^^^^^^^^^^^^^^^^^^^^^^^^^^^^^^^^^^^^^
C:\Users\Lenovo\AppData\Local\Programs\Python\Python313\Lib\site-packages\selenium\webdriver\remote\webdriver.py:823: in find_element
    return self.execute(Command.FIND_ELEMENT, {"using": by, "value": value})["value"]
           ^^^^^^^^^^^^^^^^^^^^^^^^^^^^^^^^^^^^^^^^^^^^^^^^^^^^^^^^^^^^^^^^^
C:\Users\Lenovo\AppData\Local\Programs\Python\Python313\Lib\site-packages\selenium\webdriver\remote\webdriver.py:450: in execute
    self.error_handler.check_response(response)
C:\Users\Lenovo\AppData\Local\Programs\Python\Python313\Lib\site-packages\selenium\webdriver\remote\errorhandler.py:232: in check_response
    raise exception_class(message, screen, stacktrace)
E   selenium.common.exceptions.NoSuchElementException: Message: no such element: Unable to locate element: {"method":"css selector","selector":".search-box button[type='submit']"}
E     (Session info: chrome=147.0.7727.137); For documentation on this error, please visit: https://www.selenium.dev/documentation/webdriver/troubleshooting/errors#nosuchelementexception
E   Stacktrace:
E   	chromedriver!GetHandleVerifier [0xfbb373+10553]
E   	chromedriver!GetHandleVerifier [0xfbb4a4+10684]
E   	chromedriver!(No symbol) [0xdc1e10]
E   	chromedriver!(No symbol) [0xe0a9da]
E   	chromedriver!(No symbol) [0xe0ac7b]
E   	chromedriver!(No symbol) [0xe4d162]
E   	chromedriver!(No symbol) [0xe2d8b4]
E   	chromedriver!(No symbol) [0xe4aa36]
E   	chromedriver!(No symbol) [0xe2d606]
E   	chromedriver!(No symbol) [0xe00039]
E   	chromedriver!(No symbol) [0xe00df4]
E   	chromedriver!GetHandleVerifier [0x123ddb4+292f94]
E   	chromedriver!GetHandleVerifier [0x123937d+28e55d]
E   	chromedriver!GetHandleVerifier [0x1258215+2ad3f5]
E   	chromedriver!GetHandleVerifier [0xfd4c18+29df8]
E   	chromedriver!GetHandleVerifier [0xfdc6fd+318dd]
E   	chromedriver!GetHandleVerifier [0xfc3c78+18e58]
E   	chromedriver!GetHandleVerifier [0xfc3e42+19022]
E   	chromedriver!GetHandleVerifier [0xfad45f+263f]
E   	KERNEL32!BaseThreadInitThunk [0x75e85d49+19]
E   	ntdll!RtlInitializeExceptionChain [0x76f1d83b+6b]
E   	ntdll!RtlGetAppContainerNamedObjectPath [0x76f1d7c1+231]</failure></testcase><testcase classname="tests.test_CT_001_recherche_produit_existant" name="test_search_no_results" time="5.514"><failure message="selenium.common.exceptions.NoSuchElementException: Message: no such element: Unable to locate element: {&quot;method&quot;:&quot;css selector&quot;,&quot;selector&quot;:&quot;.search-box button[type='submit']&quot;}&#10;  (Session info: chrome=147.0.7727.137); For documentation on this error, please visit: https://www.selenium.dev/documentation/webdriver/troubleshooting/errors#nosuchelementexception&#10;Stacktrace:&#10;&#09;chromedriver!GetHandleVerifier [0xfbb373+10553]&#10;&#09;chromedriver!GetHandleVerifier [0xfbb4a4+10684]&#10;&#09;chromedriver!(No symbol) [0xdc1e10]&#10;&#09;chromedriver!(No symbol) [0xe0a9da]&#10;&#09;chromedriver!(No symbol) [0xe0ac7b]&#10;&#09;chromedriver!(No symbol) [0xe4d162]&#10;&#09;chromedriver!(No symbol) [0xe2d8b4]&#10;&#09;chromedriver!(No symbol) [0xe4aa36]&#10;&#09;chromedriver!(No symbol) [0xe2d606]&#10;&#09;chromedriver!(No symbol) [0xe00039]&#10;&#09;chromedriver!(No symbol) [0xe00df4]&#10;&#09;chromedriver!GetHandleVerifier [0x123ddb4+292f94]&#10;&#09;chromedriver!GetHandleVerifier [0x123937d+28e55d]&#10;&#09;chromedriver!GetHandleVerifier [0x1258215+2ad3f5]&#10;&#09;chromedriver!GetHandleVerifier [0xfd4c18+29df8]&#10;&#09;chromedriver!GetHandleVerifier [0xfdc6fd+318dd]&#10;&#09;chromedriver!GetHandleVerifier [0xfc3c78+18e58]&#10;&#09;chromedriver!GetHandleVerifier [0xfc3e42+19022]&#10;&#09;chromedriver!GetHandleVerifier [0xfad45f+263f]&#10;&#09;KERNEL32!BaseThreadInitThunk [0x75e85d49+19]&#10;&#09;ntdll!RtlInitializeExceptionChain [0x76f1d83b+6b]&#10;&#09;ntdll!RtlGetAppContainerNamedObjectPath [0x76f1d7c1+231]">tests\test_CT_001_recherche_produit_existant.py:70: in test_search_no_results
    btn = driver.find_element(By.CSS_SELECTOR, ".search-box button[type='submit']")
          ^^^^^^^^^^^^^^^^^^^^^^^^^^^^^^^^^^^^^^^^^^^^^^^^^^^^^^^^^^^^^^^^^^^^^^^^^
C:\Users\Lenovo\AppData\Local\Programs\Python\Python313\Lib\site-packages\selenium\webdriver\remote\webdriver.py:823: in find_element
    return self.execute(Command.FIND_ELEMENT, {"using": by, "value": value})["value"]
           ^^^^^^^^^^^^^^^^^^^^^^^^^^^^^^^^^^^^^^^^^^^^^^^^^^^^^^^^^^^^^^^^^
C:\Users\Lenovo\AppData\Local\Programs\Python\Python313\Lib\site-packages\selenium\webdriver\remote\webdriver.py:450: in execute
    self.error_handler.check_response(response)
C:\Users\Lenovo\AppData\Local\Programs\Python\Python313\Lib\site-packages\selenium\webdriver\remote\errorhandler.py:232: in check_response
    raise exception_class(message, screen, stacktrace)
E   selenium.common.exceptions.NoSuchElementException: Message: no such element: Unable to locate element: {"method":"css selector","selector":".search-box button[type='submit']"}
E     (Session info: chrome=147.0.7727.137); For documentation on this error, please visit: https://www.selenium.dev/documentation/webdriver/troubleshooting/errors#nosuchelementexception
E   Stacktrace:
E   	chromedriver!GetHandleVerifier [0xfbb373+10553]
E   	chromedriver!GetHandleVerifier [0xfbb4a4+10684]
E   	chromedriver!(No symbol) [0xdc1e10]
E   	chromedriver!(No symbol) [0xe0a9da]
E   	chromedriver!(No symbol) [0xe0ac7b]
E   	chromedriver!(No symbol) [0xe4d162]
E   	chromedriver!(No symbol) [0xe2d8b4]
E   	chromedriver!(No symbol) [0xe4aa36]
E   	chromedriver!(No symbol) [0xe2d606]
E   	chromedriver!(No symbol) [0xe00039]
E   	chromedriver!(No symbol) [0xe00df4]
E   	chromedriver!GetHandleVerifier [0x123ddb4+292f94]
E   	chromedriver!GetHandleVerifier [0x123937d+28e55d]
E   	chromedriver!GetHandleVerifier [0x1258215+2ad3f5]
E   	chromedriver!GetHandleVerifier [0xfd4c18+29df8]
E   	chromedriver!GetHandleVerifier [0xfdc6fd+318dd]
E   	chromedriver!GetHandleVerifier [0xfc3c78+18e58]
E   	chromedriver!GetHandleVerifier [0xfc3e42+19022]
E   	chromedriver!GetHandleVerifier [0xfad45f+263f]
E   	KERNEL32!BaseThreadInitThunk [0x75e85d49+19]
E   	ntdll!RtlInitializeExceptionChain [0x76f1d83b+6b]
E   	ntdll!RtlGetAppContainerNamedObjectPath [0x76f1d7c1+231]</failure></testcase><testcase classname="tests.test_CT_001_recherche_produit_existant" name="test_search_with_partial_keyword" time="6.109"><failure message="selenium.common.exceptions.NoSuchElementException: Message: no such element: Unable to locate element: {&quot;method&quot;:&quot;css selector&quot;,&quot;selector&quot;:&quot;.search-box button[type='submit']&quot;}&#10;  (Session info: chrome=147.0.7727.137); For documentation on this error, please visit: https://www.selenium.dev/documentation/webdriver/troubleshooting/errors#nosuchelementexception&#10;Stacktrace:&#10;&#09;chromedriver!GetHandleVerifier [0xfbb373+10553]&#10;&#09;chromedriver!GetHandleVerifier [0xfbb4a4+10684]&#10;&#09;chromedriver!(No symbol) [0xdc1e10]&#10;&#09;chromedriver!(No symbol) [0xe0a9da]&#10;&#09;chromedriver!(No symbol) [0xe0ac7b]&#10;&#09;chromedriver!(No symbol) [0xe4d162]&#10;&#09;chromedriver!(No symbol) [0xe2d8b4]&#10;&#09;chromedriver!(No symbol) [0xe4aa36]&#10;&#09;chromedriver!(No symbol) [0xe2d606]&#10;&#09;chromedriver!(No symbol) [0xe00039]&#10;&#09;chromedriver!(No symbol) [0xe00df4]&#10;&#09;chromedriver!GetHandleVerifier [0x123ddb4+292f94]&#10;&#09;chromedriver!GetHandleVerifier [0x123937d+28e55d]&#10;&#09;chromedriver!GetHandleVerifier [0x1258215+2ad3f5]&#10;&#09;chromedriver!GetHandleVerifier [0xfd4c18+29df8]&#10;&#09;chromedriver!GetHandleVerifier [0xfdc6fd+318dd]&#10;&#09;chromedriver!GetHandleVerifier [0xfc3c78+18e58]&#10;&#09;chromedriver!GetHandleVerifier [0xfc3e42+19022]&#10;&#09;chromedriver!GetHandleVerifier [0xfad45f+263f]&#10;&#09;KERNEL32!BaseThreadInitThunk [0x75e85d49+19]&#10;&#09;ntdll!RtlInitializeExceptionChain [0x76f1d83b+6b]&#10;&#09;ntdll!RtlGetAppContainerNamedObjectPath [0x76f1d7c1+231]">tests\test_CT_001_recherche_produit_existant.py:88: in test_search_with_partial_keyword
    btn = driver.find_element(By.CSS_SELECTOR, ".search-box button[type='submit']")
          ^^^^^^^^^^^^^^^^^^^^^^^^^^^^^^^^^^^^^^^^^^^^^^^^^^^^^^^^^^^^^^^^^^^^^^^^^
C:\Users\Lenovo\AppData\Local\Programs\Python\Python313\Lib\site-packages\selenium\webdriver\remote\webdriver.py:823: in find_element
    return self.execute(Command.FIND_ELEMENT, {"using": by, "value": value})["value"]
           ^^^^^^^^^^^^^^^^^^^^^^^^^^^^^^^^^^^^^^^^^^^^^^^^^^^^^^^^^^^^^^^^^
C:\Users\Lenovo\AppData\Local\Programs\Python\Python313\Lib\site-packages\selenium\webdriver\remote\webdriver.py:450: in execute
    self.error_handler.check_response(response)
C:\Users\Lenovo\AppData\Local\Programs\Python\Python313\Lib\site-packages\selenium\webdriver\remote\errorhandler.py:232: in check_response
    raise exception_class(message, screen, stacktrace)
E   selenium.common.exceptions.NoSuchElementException: Message: no such element: Unable to locate element: {"method":"css selector","selector":".search-box button[type='submit']"}
E     (Session info: chrome=147.0.7727.137); For documentation on this error, please visit: https://www.selenium.dev/documentation/webdriver/troubleshooting/errors#nosuchelementexception
E   Stacktrace:
E   	chromedriver!GetHandleVerifier [0xfbb373+10553]
E   	chromedriver!GetHandleVerifier [0xfbb4a4+10684]
E   	chromedriver!(No symbol) [0xdc1e10]
E   	chromedriver!(No symbol) [0xe0a9da]
E   	chromedriver!(No symbol) [0xe0ac7b]
E   	chromedriver!(No symbol) [0xe4d162]
E   	chromedriver!(No symbol) [0xe2d8b4]
E   	chromedriver!(No symbol) [0xe4aa36]
E   	chromedriver!(No symbol) [0xe2d606]
E   	chromedriver!(No symbol) [0xe00039]
E   	chromedriver!(No symbol) [0xe00df4]
E   	chromedriver!GetHandleVerifier [0x123ddb4+292f94]
E   	chromedriver!GetHandleVerifier [0x123937d+28e55d]
E   	chromedriver!GetHandleVerifier [0x1258215+2ad3f5]
E   	chromedriver!GetHandleVerifier [0xfd4c18+29df8]
E   	chromedriver!GetHandleVerifier [0xfdc6fd+318dd]
E   	chromedriver!GetHandleVerifier [0xfc3c78+18e58]
E   	chromedriver!GetHandleVerifier [0xfc3e42+19022]
E   	chromedriver!GetHandleVerifier [0xfad45f+263f]
E   	KERNEL32!BaseThreadInitThunk [0x75e85d49+19]
E   	ntdll!RtlInitializeExceptionChain [0x76f1d83b+6b]
E   	ntdll!RtlGetAppContainerNamedObjectPath [0x76f1d7c1+231]</failure></testcase><testcase classname="tests.test_CT_001_tri_par_prix_ascendant" name="test_sort_price_low_to_high" time="6.539" /><testcase classname="tests.test_CT_001_tri_par_prix_ascendant" name="test_sort_price_high_to_low" time="5.811" /><testcase classname="tests.test_CT_001_tri_par_prix_ascendant" name="test_sort_options_available" time="5.537" /><testcase classname="tests.test_CT_002_ajout_au_panier___produit_en_rupture_de_" name="test_add_to_cart_updates_counter" time="6.550" /><testcase classname="tests.test_CT_002_ajout_au_panier___produit_en_rupture_de_" name="test_add_to_cart_button_visible" time="5.624" /><testcase classname="tests.test_CT_002_ajout_au_panier___produit_en_rupture_de_" name="test_cart_counter_visible" time="6.015" /><testcase classname="tests.test_CT_002_cas_négatif___accès_à_une_page_inexistan" name="test_products_list_is_displayed" time="9.464"><failure message="AssertionError: Nom produit vide&#10;assert ''">tests\test_CT_002_cas_négatif___accès_à_une_page_inexistan.py:54: in test_products_list_is_displayed
    assert name_text, "Nom produit vide"
E   AssertionError: Nom produit vide
E   assert ''</failure></testcase><testcase classname="tests.test_CT_002_cas_négatif___accès_à_une_page_inexistan" name="test_product_image_present" time="9.404" /><testcase classname="tests.test_CT_002_cas_négatif___accès_à_une_page_inexistan" name="test_invalid_url_shows_no_products" time="13.784" /><testcase classname="tests.test_CT_002_generated_test_case" name="test_products_list_is_displayed" time="9.753"><failure message="AssertionError: Nom produit vide&#10;assert ''">tests\test_CT_002_generated_test_case.py:54: in test_products_list_is_displayed
    assert name_text, "Nom produit vide"
E   AssertionError: Nom produit vide
E   assert ''</failure></testcase><testcase classname="tests.test_CT_002_generated_test_case" name="test_product_image_present" time="9.751" /><testcase classname="tests.test_CT_002_generated_test_case" name="test_invalid_url_shows_no_products" time="14.120" /><testcase classname="tests.test_CT_002_navigation_vers_détail_produit___produit" name="test_navigate_to_product_detail" time="10.320" /><testcase classname="tests.test_CT_002_navigation_vers_détail_produit___produit" name="test_product_detail_has_price" time="9.829" /><testcase classname="tests.test_CT_002_navigation_vers_détail_produit___produit" name="test_detail_page_has_product_name" time="30.596"><failure message="selenium.common.exceptions.TimeoutException: Message: &#10;Stacktrace:&#10;&#09;chromedriver!GetHandleVerifier [0xfbb373+10553]&#10;&#09;chromedriver!GetHandleVerifier [0xfbb4a4+10684]&#10;&#09;chromedriver!(No symbol) [0xdc1e10]&#10;&#09;chromedriver!(No symbol) [0xe0a9da]&#10;&#09;chromedriver!(No symbol) [0xe0ac7b]&#10;&#09;chromedriver!(No symbol) [0xe4d162]&#10;&#09;chromedriver!(No symbol) [0xe2d8b4]&#10;&#09;chromedriver!(No symbol) [0xe4aa36]&#10;&#09;chromedriver!(No symbol) [0xe2d606]&#10;&#09;chromedriver!(No symbol) [0xe00039]&#10;&#09;chromedriver!(No symbol) [0xe00df4]&#10;&#09;chromedriver!GetHandleVerifier [0x123ddb4+292f94]&#10;&#09;chromedriver!GetHandleVerifier [0x123937d+28e55d]&#10;&#09;chromedriver!GetHandleVerifier [0x1258215+2ad3f5]&#10;&#09;chromedriver!GetHandleVerifier [0xfd4c18+29df8]&#10;&#09;chromedriver!GetHandleVerifier [0xfdc6fd+318dd]&#10;&#09;chromedriver!GetHandleVerifier [0xfc3c78+18e58]&#10;&#09;chromedriver!GetHandleVerifier [0xfc3e42+19022]&#10;&#09;chromedriver!GetHandleVerifier [0xfad45f+263f]&#10;&#09;KERNEL32!BaseThreadInitThunk [0x75e85d49+19]&#10;&#09;ntdll!RtlInitializeExceptionChain [0x76f1d83b+6b]&#10;&#09;ntdll!RtlGetAppContainerNamedObjectPath [0x76f1d7c1+231]">tests\test_CT_002_navigation_vers_détail_produit___produit.py:88: in test_detail_page_has_product_name
    h1 = WebDriverWait(driver, 20).until(
C:\Users\Lenovo\AppData\Local\Programs\Python\Python313\Lib\site-packages\selenium\webdriver\support\wait.py:121: in until
    raise TimeoutException(message, screen, stacktrace)
E   selenium.common.exceptions.TimeoutException: Message: 
E   Stacktrace:
E   	chromedriver!GetHandleVerifier [0xfbb373+10553]
E   	chromedriver!GetHandleVerifier [0xfbb4a4+10684]
E   	chromedriver!(No symbol) [0xdc1e10]
E   	chromedriver!(No symbol) [0xe0a9da]
E   	chromedriver!(No symbol) [0xe0ac7b]
E   	chromedriver!(No symbol) [0xe4d162]
E   	chromedriver!(No symbol) [0xe2d8b4]
E   	chromedriver!(No symbol) [0xe4aa36]
E   	chromedriver!(No symbol) [0xe2d606]
E   	chromedriver!(No symbol) [0xe00039]
E   	chromedriver!(No symbol) [0xe00df4]
E   	chromedriver!GetHandleVerifier [0x123ddb4+292f94]
E   	chromedriver!GetHandleVerifier [0x123937d+28e55d]
E   	chromedriver!GetHandleVerifier [0x1258215+2ad3f5]
E   	chromedriver!GetHandleVerifier [0xfd4c18+29df8]
E   	chromedriver!GetHandleVerifier [0xfdc6fd+318dd]
E   	chromedriver!GetHandleVerifier [0xfc3c78+18e58]
E   	chromedriver!GetHandleVerifier [0xfc3e42+19022]
E   	chromedriver!GetHandleVerifier [0xfad45f+263f]
E   	KERNEL32!BaseThreadInitThunk [0x75e85d49+19]
E   	ntdll!RtlInitializeExceptionChain [0x76f1d83b+6b]
E   	ntdll!RtlGetAppContainerNamedObjectPath [0x76f1d7c1+231]</failure></testcase><testcase classname="tests.test_CT_002_recherche_produit_inexistant" name="test_search_returns_results" time="6.261"><failure message="selenium.common.exceptions.NoSuchElementException: Message: no such element: Unable to locate element: {&quot;method&quot;:&quot;css selector&quot;,&quot;selector&quot;:&quot;.search-box button[type='submit']&quot;}&#10;  (Session info: chrome=147.0.7727.137); For documentation on this error, please visit: https://www.selenium.dev/documentation/webdriver/troubleshooting/errors#nosuchelementexception&#10;Stacktrace:&#10;&#09;chromedriver!GetHandleVerifier [0xfbb373+10553]&#10;&#09;chromedriver!GetHandleVerifier [0xfbb4a4+10684]&#10;&#09;chromedriver!(No symbol) [0xdc1e10]&#10;&#09;chromedriver!(No symbol) [0xe0a9da]&#10;&#09;chromedriver!(No symbol) [0xe0ac7b]&#10;&#09;chromedriver!(No symbol) [0xe4d162]&#10;&#09;chromedriver!(No symbol) [0xe2d8b4]&#10;&#09;chromedriver!(No symbol) [0xe4aa36]&#10;&#09;chromedriver!(No symbol) [0xe2d606]&#10;&#09;chromedriver!(No symbol) [0xe00039]&#10;&#09;chromedriver!(No symbol) [0xe00df4]&#10;&#09;chromedriver!GetHandleVerifier [0x123ddb4+292f94]&#10;&#09;chromedriver!GetHandleVerifier [0x123937d+28e55d]&#10;&#09;chromedriver!GetHandleVerifier [0x1258215+2ad3f5]&#10;&#09;chromedriver!GetHandleVerifier [0xfd4c18+29df8]&#10;&#09;chromedriver!GetHandleVerifier [0xfdc6fd+318dd]&#10;&#09;chromedriver!GetHandleVerifier [0xfc3c78+18e58]&#10;&#09;chromedriver!GetHandleVerifier [0xfc3e42+19022]&#10;&#09;chromedriver!GetHandleVerifier [0xfad45f+263f]&#10;&#09;KERNEL32!BaseThreadInitThunk [0x75e85d49+19]&#10;&#09;ntdll!RtlInitializeExceptionChain [0x76f1d83b+6b]&#10;&#09;ntdll!RtlGetAppContainerNamedObjectPath [0x76f1d7c1+231]">tests\test_CT_002_recherche_produit_inexistant.py:51: in test_search_returns_results
    btn = driver.find_element(By.CSS_SELECTOR, ".search-box button[type='submit']")
          ^^^^^^^^^^^^^^^^^^^^^^^^^^^^^^^^^^^^^^^^^^^^^^^^^^^^^^^^^^^^^^^^^^^^^^^^^
C:\Users\Lenovo\AppData\Local\Programs\Python\Python313\Lib\site-packages\selenium\webdriver\remote\webdriver.py:823: in find_element
    return self.execute(Command.FIND_ELEMENT, {"using": by, "value": value})["value"]
           ^^^^^^^^^^^^^^^^^^^^^^^^^^^^^^^^^^^^^^^^^^^^^^^^^^^^^^^^^^^^^^^^^
C:\Users\Lenovo\AppData\Local\Programs\Python\Python313\Lib\site-packages\selenium\webdriver\remote\webdriver.py:450: in execute
    self.error_handler.check_response(response)
C:\Users\Lenovo\AppData\Local\Programs\Python\Python313\Lib\site-packages\selenium\webdriver\remote\errorhandler.py:232: in check_response
    raise exception_class(message, screen, stacktrace)
E   selenium.common.exceptions.NoSuchElementException: Message: no such element: Unable to locate element: {"method":"css selector","selector":".search-box button[type='submit']"}
E     (Session info: chrome=147.0.7727.137); For documentation on this error, please visit: https://www.selenium.dev/documentation/webdriver/troubleshooting/errors#nosuchelementexception
E   Stacktrace:
E   	chromedriver!GetHandleVerifier [0xfbb373+10553]
E   	chromedriver!GetHandleVerifier [0xfbb4a4+10684]
E   	chromedriver!(No symbol) [0xdc1e10]
E   	chromedriver!(No symbol) [0xe0a9da]
E   	chromedriver!(No symbol) [0xe0ac7b]
E   	chromedriver!(No symbol) [0xe4d162]
E   	chromedriver!(No symbol) [0xe2d8b4]
E   	chromedriver!(No symbol) [0xe4aa36]
E   	chromedriver!(No symbol) [0xe2d606]
E   	chromedriver!(No symbol) [0xe00039]
E   	chromedriver!(No symbol) [0xe00df4]
E   	chromedriver!GetHandleVerifier [0x123ddb4+292f94]
E   	chromedriver!GetHandleVerifier [0x123937d+28e55d]
E   	chromedriver!GetHandleVerifier [0x1258215+2ad3f5]
E   	chromedriver!GetHandleVerifier [0xfd4c18+29df8]
E   	chromedriver!GetHandleVerifier [0xfdc6fd+318dd]
E   	chromedriver!GetHandleVerifier [0xfc3c78+18e58]
E   	chromedriver!GetHandleVerifier [0xfc3e42+19022]
E   	chromedriver!GetHandleVerifier [0xfad45f+263f]
E   	KERNEL32!BaseThreadInitThunk [0x75e85d49+19]
E   	ntdll!RtlInitializeExceptionChain [0x76f1d83b+6b]
E   	ntdll!RtlGetAppContainerNamedObjectPath [0x76f1d7c1+231]</failure></testcase><testcase classname="tests.test_CT_002_recherche_produit_inexistant" name="test_search_no_results" time="6.105"><failure message="selenium.common.exceptions.NoSuchElementException: Message: no such element: Unable to locate element: {&quot;method&quot;:&quot;css selector&quot;,&quot;selector&quot;:&quot;.search-box button[type='submit']&quot;}&#10;  (Session info: chrome=147.0.7727.137); For documentation on this error, please visit: https://www.selenium.dev/documentation/webdriver/troubleshooting/errors#nosuchelementexception&#10;Stacktrace:&#10;&#09;chromedriver!GetHandleVerifier [0xfbb373+10553]&#10;&#09;chromedriver!GetHandleVerifier [0xfbb4a4+10684]&#10;&#09;chromedriver!(No symbol) [0xdc1e10]&#10;&#09;chromedriver!(No symbol) [0xe0a9da]&#10;&#09;chromedriver!(No symbol) [0xe0ac7b]&#10;&#09;chromedriver!(No symbol) [0xe4d162]&#10;&#09;chromedriver!(No symbol) [0xe2d8b4]&#10;&#09;chromedriver!(No symbol) [0xe4aa36]&#10;&#09;chromedriver!(No symbol) [0xe2d606]&#10;&#09;chromedriver!(No symbol) [0xe00039]&#10;&#09;chromedriver!(No symbol) [0xe00df4]&#10;&#09;chromedriver!GetHandleVerifier [0x123ddb4+292f94]&#10;&#09;chromedriver!GetHandleVerifier [0x123937d+28e55d]&#10;&#09;chromedriver!GetHandleVerifier [0x1258215+2ad3f5]&#10;&#09;chromedriver!GetHandleVerifier [0xfd4c18+29df8]&#10;&#09;chromedriver!GetHandleVerifier [0xfdc6fd+318dd]&#10;&#09;chromedriver!GetHandleVerifier [0xfc3c78+18e58]&#10;&#09;chromedriver!GetHandleVerifier [0xfc3e42+19022]&#10;&#09;chromedriver!GetHandleVerifier [0xfad45f+263f]&#10;&#09;KERNEL32!BaseThreadInitThunk [0x75e85d49+19]&#10;&#09;ntdll!RtlInitializeExceptionChain [0x76f1d83b+6b]&#10;&#09;ntdll!RtlGetAppContainerNamedObjectPath [0x76f1d7c1+231]">tests\test_CT_002_recherche_produit_inexistant.py:70: in test_search_no_results
    btn = driver.find_element(By.CSS_SELECTOR, ".search-box button[type='submit']")
          ^^^^^^^^^^^^^^^^^^^^^^^^^^^^^^^^^^^^^^^^^^^^^^^^^^^^^^^^^^^^^^^^^^^^^^^^^
C:\Users\Lenovo\AppData\Local\Programs\Python\Python313\Lib\site-packages\selenium\webdriver\remote\webdriver.py:823: in find_element
    return self.execute(Command.FIND_ELEMENT, {"using": by, "value": value})["value"]
           ^^^^^^^^^^^^^^^^^^^^^^^^^^^^^^^^^^^^^^^^^^^^^^^^^^^^^^^^^^^^^^^^^
C:\Users\Lenovo\AppData\Local\Programs\Python\Python313\Lib\site-packages\selenium\webdriver\remote\webdriver.py:450: in execute
    self.error_handler.check_response(response)
C:\Users\Lenovo\AppData\Local\Programs\Python\Python313\Lib\site-packages\selenium\webdriver\remote\errorhandler.py:232: in check_response
    raise exception_class(message, screen, stacktrace)
E   selenium.common.exceptions.NoSuchElementException: Message: no such element: Unable to locate element: {"method":"css selector","selector":".search-box button[type='submit']"}
E     (Session info: chrome=147.0.7727.137); For documentation on this error, please visit: https://www.selenium.dev/documentation/webdriver/troubleshooting/errors#nosuchelementexception
E   Stacktrace:
E   	chromedriver!GetHandleVerifier [0xfbb373+10553]
E   	chromedriver!GetHandleVerifier [0xfbb4a4+10684]
E   	chromedriver!(No symbol) [0xdc1e10]
E   	chromedriver!(No symbol) [0xe0a9da]
E   	chromedriver!(No symbol) [0xe0ac7b]
E   	chromedriver!(No symbol) [0xe4d162]
E   	chromedriver!(No symbol) [0xe2d8b4]
E   	chromedriver!(No symbol) [0xe4aa36]
E   	chromedriver!(No symbol) [0xe2d606]
E   	chromedriver!(No symbol) [0xe00039]
E   	chromedriver!(No symbol) [0xe00df4]
E   	chromedriver!GetHandleVerifier [0x123ddb4+292f94]
E   	chromedriver!GetHandleVerifier [0x123937d+28e55d]
E   	chromedriver!GetHandleVerifier [0x1258215+2ad3f5]
E   	chromedriver!GetHandleVerifier [0xfd4c18+29df8]
E   	chromedriver!GetHandleVerifier [0xfdc6fd+318dd]
E   	chromedriver!GetHandleVerifier [0xfc3c78+18e58]
E   	chromedriver!GetHandleVerifier [0xfc3e42+19022]
E   	chromedriver!GetHandleVerifier [0xfad45f+263f]
E   	KERNEL32!BaseThreadInitThunk [0x75e85d49+19]
E   	ntdll!RtlInitializeExceptionChain [0x76f1d83b+6b]
E   	ntdll!RtlGetAppContainerNamedObjectPath [0x76f1d7c1+231]</failure></testcase><testcase classname="tests.test_CT_002_recherche_produit_inexistant" name="test_search_with_partial_keyword" time="6.110"><failure message="selenium.common.exceptions.NoSuchElementException: Message: no such element: Unable to locate element: {&quot;method&quot;:&quot;css selector&quot;,&quot;selector&quot;:&quot;.search-box button[type='submit']&quot;}&#10;  (Session info: chrome=147.0.7727.137); For documentation on this error, please visit: https://www.selenium.dev/documentation/webdriver/troubleshooting/errors#nosuchelementexception&#10;Stacktrace:&#10;&#09;chromedriver!GetHandleVerifier [0xfbb373+10553]&#10;&#09;chromedriver!GetHandleVerifier [0xfbb4a4+10684]&#10;&#09;chromedriver!(No symbol) [0xdc1e10]&#10;&#09;chromedriver!(No symbol) [0xe0a9da]&#10;&#09;chromedriver!(No symbol) [0xe0ac7b]&#10;&#09;chromedriver!(No symbol) [0xe4d162]&#10;&#09;chromedriver!(No symbol) [0xe2d8b4]&#10;&#09;chromedriver!(No symbol) [0xe4aa36]&#10;&#09;chromedriver!(No symbol) [0xe2d606]&#10;&#09;chromedriver!(No symbol) [0xe00039]&#10;&#09;chromedriver!(No symbol) [0xe00df4]&#10;&#09;chromedriver!GetHandleVerifier [0x123ddb4+292f94]&#10;&#09;chromedriver!GetHandleVerifier [0x123937d+28e55d]&#10;&#09;chromedriver!GetHandleVerifier [0x1258215+2ad3f5]&#10;&#09;chromedriver!GetHandleVerifier [0xfd4c18+29df8]&#10;&#09;chromedriver!GetHandleVerifier [0xfdc6fd+318dd]&#10;&#09;chromedriver!GetHandleVerifier [0xfc3c78+18e58]&#10;&#09;chromedriver!GetHandleVerifier [0xfc3e42+19022]&#10;&#09;chromedriver!GetHandleVerifier [0xfad45f+263f]&#10;&#09;KERNEL32!BaseThreadInitThunk [0x75e85d49+19]&#10;&#09;ntdll!RtlInitializeExceptionChain [0x76f1d83b+6b]&#10;&#09;ntdll!RtlGetAppContainerNamedObjectPath [0x76f1d7c1+231]">tests\test_CT_002_recherche_produit_inexistant.py:88: in test_search_with_partial_keyword
    btn = driver.find_element(By.CSS_SELECTOR, ".search-box button[type='submit']")
          ^^^^^^^^^^^^^^^^^^^^^^^^^^^^^^^^^^^^^^^^^^^^^^^^^^^^^^^^^^^^^^^^^^^^^^^^^
C:\Users\Lenovo\AppData\Local\Programs\Python\Python313\Lib\site-packages\selenium\webdriver\remote\webdriver.py:823: in find_element
    return self.execute(Command.FIND_ELEMENT, {"using": by, "value": value})["value"]
           ^^^^^^^^^^^^^^^^^^^^^^^^^^^^^^^^^^^^^^^^^^^^^^^^^^^^^^^^^^^^^^^^^
C:\Users\Lenovo\AppData\Local\Programs\Python\Python313\Lib\site-packages\selenium\webdriver\remote\webdriver.py:450: in execute
    self.error_handler.check_response(response)
C:\Users\Lenovo\AppData\Local\Programs\Python\Python313\Lib\site-packages\selenium\webdriver\remote\errorhandler.py:232: in check_response
    raise exception_class(message, screen, stacktrace)
E   selenium.common.exceptions.NoSuchElementException: Message: no such element: Unable to locate element: {"method":"css selector","selector":".search-box button[type='submit']"}
E     (Session info: chrome=147.0.7727.137); For documentation on this error, please visit: https://www.selenium.dev/documentation/webdriver/troubleshooting/errors#nosuchelementexception
E   Stacktrace:
E   	chromedriver!GetHandleVerifier [0xfbb373+10553]
E   	chromedriver!GetHandleVerifier [0xfbb4a4+10684]
E   	chromedriver!(No symbol) [0xdc1e10]
E   	chromedriver!(No symbol) [0xe0a9da]
E   	chromedriver!(No symbol) [0xe0ac7b]
E   	chromedriver!(No symbol) [0xe4d162]
E   	chromedriver!(No symbol) [0xe2d8b4]
E   	chromedriver!(No symbol) [0xe4aa36]
E   	chromedriver!(No symbol) [0xe2d606]
E   	chromedriver!(No symbol) [0xe00039]
E   	chromedriver!(No symbol) [0xe00df4]
E   	chromedriver!GetHandleVerifier [0x123ddb4+292f94]
E   	chromedriver!GetHandleVerifier [0x123937d+28e55d]
E   	chromedriver!GetHandleVerifier [0x1258215+2ad3f5]
E   	chromedriver!GetHandleVerifier [0xfd4c18+29df8]
E   	chromedriver!GetHandleVerifier [0xfdc6fd+318dd]
E   	chromedriver!GetHandleVerifier [0xfc3c78+18e58]
E   	chromedriver!GetHandleVerifier [0xfc3e42+19022]
E   	chromedriver!GetHandleVerifier [0xfad45f+263f]
E   	KERNEL32!BaseThreadInitThunk [0x75e85d49+19]
E   	ntdll!RtlInitializeExceptionChain [0x76f1d83b+6b]
E   	ntdll!RtlGetAppContainerNamedObjectPath [0x76f1d7c1+231]</failure></testcase><testcase classname="tests.test_CT_002_tri_par_prix_descendant" name="test_sort_price_low_to_high" time="6.404" /><testcase classname="tests.test_CT_002_tri_par_prix_descendant" name="test_sort_price_high_to_low" time="6.974" /><testcase classname="tests.test_CT_002_tri_par_prix_descendant" name="test_sort_options_available" time="7.386" /><testcase classname="tests.test_CT_003_ajout_au_panier___quantité_nulle" name="test_add_to_cart_updates_counter" time="6.774" /><testcase classname="tests.test_CT_003_ajout_au_panier___quantité_nulle" name="test_add_to_cart_button_visible" time="6.695" /><testcase classname="tests.test_CT_003_ajout_au_panier___quantité_nulle" name="test_cart_counter_visible" time="7.113" /><testcase classname="tests.test_CT_003_cas_négatif___utilisation_de_caractères_" name="test_products_list_is_displayed" time="9.535"><failure message="AssertionError: Nom produit vide&#10;assert ''">tests\test_CT_003_cas_négatif___utilisation_de_caractères_.py:54: in test_products_list_is_displayed
    assert name_text, "Nom produit vide"
E   AssertionError: Nom produit vide
E   assert ''</failure></testcase><testcase classname="tests.test_CT_003_cas_négatif___utilisation_de_caractères_" name="test_product_image_present" time="9.029" /><testcase classname="tests.test_CT_003_cas_négatif___utilisation_de_caractères_" name="test_invalid_url_shows_no_products" time="13.410" /><testcase classname="tests.test_CT_003_generated_test_case" name="test_products_list_is_displayed" time="9.568"><failure message="AssertionError: Nom produit vide&#10;assert ''">tests\test_CT_003_generated_test_case.py:54: in test_products_list_is_displayed
    assert name_text, "Nom produit vide"
E   AssertionError: Nom produit vide
E   assert ''</failure></testcase><testcase classname="tests.test_CT_003_generated_test_case" name="test_product_image_present" time="9.178" /><testcase classname="tests.test_CT_003_generated_test_case" name="test_invalid_url_shows_no_products" time="14.267" /><testcase classname="tests.test_CT_003_navigation_vers_détail_produit___sans_co" name="test_navigate_to_product_detail" time="10.899" /><testcase classname="tests.test_CT_003_navigation_vers_détail_produit___sans_co" name="test_product_detail_has_price" time="10.174" /><testcase classname="tests.test_CT_003_navigation_vers_détail_produit___sans_co" name="test_detail_page_has_product_name" time="31.707"><failure message="selenium.common.exceptions.TimeoutException: Message: &#10;Stacktrace:&#10;&#09;chromedriver!GetHandleVerifier [0xfbb373+10553]&#10;&#09;chromedriver!GetHandleVerifier [0xfbb4a4+10684]&#10;&#09;chromedriver!(No symbol) [0xdc1e10]&#10;&#09;chromedriver!(No symbol) [0xe0a9da]&#10;&#09;chromedriver!(No symbol) [0xe0ac7b]&#10;&#09;chromedriver!(No symbol) [0xe4d162]&#10;&#09;chromedriver!(No symbol) [0xe2d8b4]&#10;&#09;chromedriver!(No symbol) [0xe4aa36]&#10;&#09;chromedriver!(No symbol) [0xe2d606]&#10;&#09;chromedriver!(No symbol) [0xe00039]&#10;&#09;chromedriver!(No symbol) [0xe00df4]&#10;&#09;chromedriver!GetHandleVerifier [0x123ddb4+292f94]&#10;&#09;chromedriver!GetHandleVerifier [0x123937d+28e55d]&#10;&#09;chromedriver!GetHandleVerifier [0x1258215+2ad3f5]&#10;&#09;chromedriver!GetHandleVerifier [0xfd4c18+29df8]&#10;&#09;chromedriver!GetHandleVerifier [0xfdc6fd+318dd]&#10;&#09;chromedriver!GetHandleVerifier [0xfc3c78+18e58]&#10;&#09;chromedriver!GetHandleVerifier [0xfc3e42+19022]&#10;&#09;chromedriver!GetHandleVerifier [0xfad45f+263f]&#10;&#09;KERNEL32!BaseThreadInitThunk [0x75e85d49+19]&#10;&#09;ntdll!RtlInitializeExceptionChain [0x76f1d83b+6b]&#10;&#09;ntdll!RtlGetAppContainerNamedObjectPath [0x76f1d7c1+231]">tests\test_CT_003_navigation_vers_détail_produit___sans_co.py:88: in test_detail_page_has_product_name
    h1 = WebDriverWait(driver, 20).until(
C:\Users\Lenovo\AppData\Local\Programs\Python\Python313\Lib\site-packages\selenium\webdriver\support\wait.py:121: in until
    raise TimeoutException(message, screen, stacktrace)
E   selenium.common.exceptions.TimeoutException: Message: 
E   Stacktrace:
E   	chromedriver!GetHandleVerifier [0xfbb373+10553]
E   	chromedriver!GetHandleVerifier [0xfbb4a4+10684]
E   	chromedriver!(No symbol) [0xdc1e10]
E   	chromedriver!(No symbol) [0xe0a9da]
E   	chromedriver!(No symbol) [0xe0ac7b]
E   	chromedriver!(No symbol) [0xe4d162]
E   	chromedriver!(No symbol) [0xe2d8b4]
E   	chromedriver!(No symbol) [0xe4aa36]
E   	chromedriver!(No symbol) [0xe2d606]
E   	chromedriver!(No symbol) [0xe00039]
E   	chromedriver!(No symbol) [0xe00df4]
E   	chromedriver!GetHandleVerifier [0x123ddb4+292f94]
E   	chromedriver!GetHandleVerifier [0x123937d+28e55d]
E   	chromedriver!GetHandleVerifier [0x1258215+2ad3f5]
E   	chromedriver!GetHandleVerifier [0xfd4c18+29df8]
E   	chromedriver!GetHandleVerifier [0xfdc6fd+318dd]
E   	chromedriver!GetHandleVerifier [0xfc3c78+18e58]
E   	chromedriver!GetHandleVerifier [0xfc3e42+19022]
E   	chromedriver!GetHandleVerifier [0xfad45f+263f]
E   	KERNEL32!BaseThreadInitThunk [0x75e85d49+19]
E   	ntdll!RtlInitializeExceptionChain [0x76f1d83b+6b]
E   	ntdll!RtlGetAppContainerNamedObjectPath [0x76f1d7c1+231]</failure></testcase><testcase classname="tests.test_CT_003_recherche_avec_des_caractères_spéciaux" name="test_search_returns_results" time="6.602"><failure message="selenium.common.exceptions.NoSuchElementException: Message: no such element: Unable to locate element: {&quot;method&quot;:&quot;css selector&quot;,&quot;selector&quot;:&quot;.search-box button[type='submit']&quot;}&#10;  (Session info: chrome=147.0.7727.137); For documentation on this error, please visit: https://www.selenium.dev/documentation/webdriver/troubleshooting/errors#nosuchelementexception&#10;Stacktrace:&#10;&#09;chromedriver!GetHandleVerifier [0xfbb373+10553]&#10;&#09;chromedriver!GetHandleVerifier [0xfbb4a4+10684]&#10;&#09;chromedriver!(No symbol) [0xdc1e10]&#10;&#09;chromedriver!(No symbol) [0xe0a9da]&#10;&#09;chromedriver!(No symbol) [0xe0ac7b]&#10;&#09;chromedriver!(No symbol) [0xe4d162]&#10;&#09;chromedriver!(No symbol) [0xe2d8b4]&#10;&#09;chromedriver!(No symbol) [0xe4aa36]&#10;&#09;chromedriver!(No symbol) [0xe2d606]&#10;&#09;chromedriver!(No symbol) [0xe00039]&#10;&#09;chromedriver!(No symbol) [0xe00df4]&#10;&#09;chromedriver!GetHandleVerifier [0x123ddb4+292f94]&#10;&#09;chromedriver!GetHandleVerifier [0x123937d+28e55d]&#10;&#09;chromedriver!GetHandleVerifier [0x1258215+2ad3f5]&#10;&#09;chromedriver!GetHandleVerifier [0xfd4c18+29df8]&#10;&#09;chromedriver!GetHandleVerifier [0xfdc6fd+318dd]&#10;&#09;chromedriver!GetHandleVerifier [0xfc3c78+18e58]&#10;&#09;chromedriver!GetHandleVerifier [0xfc3e42+19022]&#10;&#09;chromedriver!GetHandleVerifier [0xfad45f+263f]&#10;&#09;KERNEL32!BaseThreadInitThunk [0x75e85d49+19]&#10;&#09;ntdll!RtlInitializeExceptionChain [0x76f1d83b+6b]&#10;&#09;ntdll!RtlGetAppContainerNamedObjectPath [0x76f1d7c1+231]">tests\test_CT_003_recherche_avec_des_caractères_spéciaux.py:51: in test_search_returns_results
    btn = driver.find_element(By.CSS_SELECTOR, ".search-box button[type='submit']")
          ^^^^^^^^^^^^^^^^^^^^^^^^^^^^^^^^^^^^^^^^^^^^^^^^^^^^^^^^^^^^^^^^^^^^^^^^^
C:\Users\Lenovo\AppData\Local\Programs\Python\Python313\Lib\site-packages\selenium\webdriver\remote\webdriver.py:823: in find_element
    return self.execute(Command.FIND_ELEMENT, {"using": by, "value": value})["value"]
           ^^^^^^^^^^^^^^^^^^^^^^^^^^^^^^^^^^^^^^^^^^^^^^^^^^^^^^^^^^^^^^^^^
C:\Users\Lenovo\AppData\Local\Programs\Python\Python313\Lib\site-packages\selenium\webdriver\remote\webdriver.py:450: in execute
    self.error_handler.check_response(response)
C:\Users\Lenovo\AppData\Local\Programs\Python\Python313\Lib\site-packages\selenium\webdriver\remote\errorhandler.py:232: in check_response
    raise exception_class(message, screen, stacktrace)
E   selenium.common.exceptions.NoSuchElementException: Message: no such element: Unable to locate element: {"method":"css selector","selector":".search-box button[type='submit']"}
E     (Session info: chrome=147.0.7727.137); For documentation on this error, please visit: https://www.selenium.dev/documentation/webdriver/troubleshooting/errors#nosuchelementexception
E   Stacktrace:
E   	chromedriver!GetHandleVerifier [0xfbb373+10553]
E   	chromedriver!GetHandleVerifier [0xfbb4a4+10684]
E   	chromedriver!(No symbol) [0xdc1e10]
E   	chromedriver!(No symbol) [0xe0a9da]
E   	chromedriver!(No symbol) [0xe0ac7b]
E   	chromedriver!(No symbol) [0xe4d162]
E   	chromedriver!(No symbol) [0xe2d8b4]
E   	chromedriver!(No symbol) [0xe4aa36]
E   	chromedriver!(No symbol) [0xe2d606]
E   	chromedriver!(No symbol) [0xe00039]
E   	chromedriver!(No symbol) [0xe00df4]
E   	chromedriver!GetHandleVerifier [0x123ddb4+292f94]
E   	chromedriver!GetHandleVerifier [0x123937d+28e55d]
E   	chromedriver!GetHandleVerifier [0x1258215+2ad3f5]
E   	chromedriver!GetHandleVerifier [0xfd4c18+29df8]
E   	chromedriver!GetHandleVerifier [0xfdc6fd+318dd]
E   	chromedriver!GetHandleVerifier [0xfc3c78+18e58]
E   	chromedriver!GetHandleVerifier [0xfc3e42+19022]
E   	chromedriver!GetHandleVerifier [0xfad45f+263f]
E   	KERNEL32!BaseThreadInitThunk [0x75e85d49+19]
E   	ntdll!RtlInitializeExceptionChain [0x76f1d83b+6b]
E   	ntdll!RtlGetAppContainerNamedObjectPath [0x76f1d7c1+231]</failure></testcase><testcase classname="tests.test_CT_003_recherche_avec_des_caractères_spéciaux" name="test_search_no_results" time="6.551"><failure message="selenium.common.exceptions.NoSuchElementException: Message: no such element: Unable to locate element: {&quot;method&quot;:&quot;css selector&quot;,&quot;selector&quot;:&quot;.search-box button[type='submit']&quot;}&#10;  (Session info: chrome=147.0.7727.137); For documentation on this error, please visit: https://www.selenium.dev/documentation/webdriver/troubleshooting/errors#nosuchelementexception&#10;Stacktrace:&#10;&#09;chromedriver!GetHandleVerifier [0xfbb373+10553]&#10;&#09;chromedriver!GetHandleVerifier [0xfbb4a4+10684]&#10;&#09;chromedriver!(No symbol) [0xdc1e10]&#10;&#09;chromedriver!(No symbol) [0xe0a9da]&#10;&#09;chromedriver!(No symbol) [0xe0ac7b]&#10;&#09;chromedriver!(No symbol) [0xe4d162]&#10;&#09;chromedriver!(No symbol) [0xe2d8b4]&#10;&#09;chromedriver!(No symbol) [0xe4aa36]&#10;&#09;chromedriver!(No symbol) [0xe2d606]&#10;&#09;chromedriver!(No symbol) [0xe00039]&#10;&#09;chromedriver!(No symbol) [0xe00df4]&#10;&#09;chromedriver!GetHandleVerifier [0x123ddb4+292f94]&#10;&#09;chromedriver!GetHandleVerifier [0x123937d+28e55d]&#10;&#09;chromedriver!GetHandleVerifier [0x1258215+2ad3f5]&#10;&#09;chromedriver!GetHandleVerifier [0xfd4c18+29df8]&#10;&#09;chromedriver!GetHandleVerifier [0xfdc6fd+318dd]&#10;&#09;chromedriver!GetHandleVerifier [0xfc3c78+18e58]&#10;&#09;chromedriver!GetHandleVerifier [0xfc3e42+19022]&#10;&#09;chromedriver!GetHandleVerifier [0xfad45f+263f]&#10;&#09;KERNEL32!BaseThreadInitThunk [0x75e85d49+19]&#10;&#09;ntdll!RtlInitializeExceptionChain [0x76f1d83b+6b]&#10;&#09;ntdll!RtlGetAppContainerNamedObjectPath [0x76f1d7c1+231]">tests\test_CT_003_recherche_avec_des_caractères_spéciaux.py:70: in test_search_no_results
    btn = driver.find_element(By.CSS_SELECTOR, ".search-box button[type='submit']")
          ^^^^^^^^^^^^^^^^^^^^^^^^^^^^^^^^^^^^^^^^^^^^^^^^^^^^^^^^^^^^^^^^^^^^^^^^^
C:\Users\Lenovo\AppData\Local\Programs\Python\Python313\Lib\site-packages\selenium\webdriver\remote\webdriver.py:823: in find_element
    return self.execute(Command.FIND_ELEMENT, {"using": by, "value": value})["value"]
           ^^^^^^^^^^^^^^^^^^^^^^^^^^^^^^^^^^^^^^^^^^^^^^^^^^^^^^^^^^^^^^^^^
C:\Users\Lenovo\AppData\Local\Programs\Python\Python313\Lib\site-packages\selenium\webdriver\remote\webdriver.py:450: in execute
    self.error_handler.check_response(response)
C:\Users\Lenovo\AppData\Local\Programs\Python\Python313\Lib\site-packages\selenium\webdriver\remote\errorhandler.py:232: in check_response
    raise exception_class(message, screen, stacktrace)
E   selenium.common.exceptions.NoSuchElementException: Message: no such element: Unable to locate element: {"method":"css selector","selector":".search-box button[type='submit']"}
E     (Session info: chrome=147.0.7727.137); For documentation on this error, please visit: https://www.selenium.dev/documentation/webdriver/troubleshooting/errors#nosuchelementexception
E   Stacktrace:
E   	chromedriver!GetHandleVerifier [0xfbb373+10553]
E   	chromedriver!GetHandleVerifier [0xfbb4a4+10684]
E   	chromedriver!(No symbol) [0xdc1e10]
E   	chromedriver!(No symbol) [0xe0a9da]
E   	chromedriver!(No symbol) [0xe0ac7b]
E   	chromedriver!(No symbol) [0xe4d162]
E   	chromedriver!(No symbol) [0xe2d8b4]
E   	chromedriver!(No symbol) [0xe4aa36]
E   	chromedriver!(No symbol) [0xe2d606]
E   	chromedriver!(No symbol) [0xe00039]
E   	chromedriver!(No symbol) [0xe00df4]
E   	chromedriver!GetHandleVerifier [0x123ddb4+292f94]
E   	chromedriver!GetHandleVerifier [0x123937d+28e55d]
E   	chromedriver!GetHandleVerifier [0x1258215+2ad3f5]
E   	chromedriver!GetHandleVerifier [0xfd4c18+29df8]
E   	chromedriver!GetHandleVerifier [0xfdc6fd+318dd]
E   	chromedriver!GetHandleVerifier [0xfc3c78+18e58]
E   	chromedriver!GetHandleVerifier [0xfc3e42+19022]
E   	chromedriver!GetHandleVerifier [0xfad45f+263f]
E   	KERNEL32!BaseThreadInitThunk [0x75e85d49+19]
E   	ntdll!RtlInitializeExceptionChain [0x76f1d83b+6b]
E   	ntdll!RtlGetAppContainerNamedObjectPath [0x76f1d7c1+231]</failure></testcase><testcase classname="tests.test_CT_003_recherche_avec_des_caractères_spéciaux" name="test_search_with_partial_keyword" time="6.391"><failure message="selenium.common.exceptions.NoSuchElementException: Message: no such element: Unable to locate element: {&quot;method&quot;:&quot;css selector&quot;,&quot;selector&quot;:&quot;.search-box button[type='submit']&quot;}&#10;  (Session info: chrome=147.0.7727.137); For documentation on this error, please visit: https://www.selenium.dev/documentation/webdriver/troubleshooting/errors#nosuchelementexception&#10;Stacktrace:&#10;&#09;chromedriver!GetHandleVerifier [0xfbb373+10553]&#10;&#09;chromedriver!GetHandleVerifier [0xfbb4a4+10684]&#10;&#09;chromedriver!(No symbol) [0xdc1e10]&#10;&#09;chromedriver!(No symbol) [0xe0a9da]&#10;&#09;chromedriver!(No symbol) [0xe0ac7b]&#10;&#09;chromedriver!(No symbol) [0xe4d162]&#10;&#09;chromedriver!(No symbol) [0xe2d8b4]&#10;&#09;chromedriver!(No symbol) [0xe4aa36]&#10;&#09;chromedriver!(No symbol) [0xe2d606]&#10;&#09;chromedriver!(No symbol) [0xe00039]&#10;&#09;chromedriver!(No symbol) [0xe00df4]&#10;&#09;chromedriver!GetHandleVerifier [0x123ddb4+292f94]&#10;&#09;chromedriver!GetHandleVerifier [0x123937d+28e55d]&#10;&#09;chromedriver!GetHandleVerifier [0x1258215+2ad3f5]&#10;&#09;chromedriver!GetHandleVerifier [0xfd4c18+29df8]&#10;&#09;chromedriver!GetHandleVerifier [0xfdc6fd+318dd]&#10;&#09;chromedriver!GetHandleVerifier [0xfc3c78+18e58]&#10;&#09;chromedriver!GetHandleVerifier [0xfc3e42+19022]&#10;&#09;chromedriver!GetHandleVerifier [0xfad45f+263f]&#10;&#09;KERNEL32!BaseThreadInitThunk [0x75e85d49+19]&#10;&#09;ntdll!RtlInitializeExceptionChain [0x76f1d83b+6b]&#10;&#09;ntdll!RtlGetAppContainerNamedObjectPath [0x76f1d7c1+231]">tests\test_CT_003_recherche_avec_des_caractères_spéciaux.py:88: in test_search_with_partial_keyword
    btn = driver.find_element(By.CSS_SELECTOR, ".search-box button[type='submit']")
          ^^^^^^^^^^^^^^^^^^^^^^^^^^^^^^^^^^^^^^^^^^^^^^^^^^^^^^^^^^^^^^^^^^^^^^^^^
C:\Users\Lenovo\AppData\Local\Programs\Python\Python313\Lib\site-packages\selenium\webdriver\remote\webdriver.py:823: in find_element
    return self.execute(Command.FIND_ELEMENT, {"using": by, "value": value})["value"]
           ^^^^^^^^^^^^^^^^^^^^^^^^^^^^^^^^^^^^^^^^^^^^^^^^^^^^^^^^^^^^^^^^^
C:\Users\Lenovo\AppData\Local\Programs\Python\Python313\Lib\site-packages\selenium\webdriver\remote\webdriver.py:450: in execute
    self.error_handler.check_response(response)
C:\Users\Lenovo\AppData\Local\Programs\Python\Python313\Lib\site-packages\selenium\webdriver\remote\errorhandler.py:232: in check_response
    raise exception_class(message, screen, stacktrace)
E   selenium.common.exceptions.NoSuchElementException: Message: no such element: Unable to locate element: {"method":"css selector","selector":".search-box button[type='submit']"}
E     (Session info: chrome=147.0.7727.137); For documentation on this error, please visit: https://www.selenium.dev/documentation/webdriver/troubleshooting/errors#nosuchelementexception
E   Stacktrace:
E   	chromedriver!GetHandleVerifier [0xfbb373+10553]
E   	chromedriver!GetHandleVerifier [0xfbb4a4+10684]
E   	chromedriver!(No symbol) [0xdc1e10]
E   	chromedriver!(No symbol) [0xe0a9da]
E   	chromedriver!(No symbol) [0xe0ac7b]
E   	chromedriver!(No symbol) [0xe4d162]
E   	chromedriver!(No symbol) [0xe2d8b4]
E   	chromedriver!(No symbol) [0xe4aa36]
E   	chromedriver!(No symbol) [0xe2d606]
E   	chromedriver!(No symbol) [0xe00039]
E   	chromedriver!(No symbol) [0xe00df4]
E   	chromedriver!GetHandleVerifier [0x123ddb4+292f94]
E   	chromedriver!GetHandleVerifier [0x123937d+28e55d]
E   	chromedriver!GetHandleVerifier [0x1258215+2ad3f5]
E   	chromedriver!GetHandleVerifier [0xfd4c18+29df8]
E   	chromedriver!GetHandleVerifier [0xfdc6fd+318dd]
E   	chromedriver!GetHandleVerifier [0xfc3c78+18e58]
E   	chromedriver!GetHandleVerifier [0xfc3e42+19022]
E   	chromedriver!GetHandleVerifier [0xfad45f+263f]
E   	KERNEL32!BaseThreadInitThunk [0x75e85d49+19]
E   	ntdll!RtlInitializeExceptionChain [0x76f1d83b+6b]
E   	ntdll!RtlGetAppContainerNamedObjectPath [0x76f1d7c1+231]</failure></testcase><testcase classname="tests.test_CT_003_tri_par_nom" name="test_sort_price_low_to_high" time="6.749" /><testcase classname="tests.test_CT_003_tri_par_nom" name="test_sort_price_high_to_low" time="6.810" /><testcase classname="tests.test_CT_003_tri_par_nom" name="test_sort_options_available" time="6.503" /><testcase classname="tests.test_CT_004_ajout_au_panier___edge_case___produit_av" name="test_add_to_cart_updates_counter" time="6.924" /><testcase classname="tests.test_CT_004_ajout_au_panier___edge_case___produit_av" name="test_add_to_cart_button_visible" time="6.158" /><testcase classname="tests.test_CT_004_ajout_au_panier___edge_case___produit_av" name="test_cart_counter_visible" time="6.202" /><testcase classname="tests.test_CT_004_cas_edge_case___navigation_avec_un_seul_" name="test_products_list_is_displayed" time="9.460"><failure message="AssertionError: Nom produit vide&#10;assert ''">tests\test_CT_004_cas_edge_case___navigation_avec_un_seul_.py:54: in test_products_list_is_displayed
    assert name_text, "Nom produit vide"
E   AssertionError: Nom produit vide
E   assert ''</failure></testcase><testcase classname="tests.test_CT_004_cas_edge_case___navigation_avec_un_seul_" name="test_product_image_present" time="9.351" /><testcase classname="tests.test_CT_004_cas_edge_case___navigation_avec_un_seul_" name="test_invalid_url_shows_no_products" time="13.763" /><testcase classname="tests.test_CT_004_generated_test_case" name="test_products_list_is_displayed" time="9.174"><failure message="AssertionError: Nom produit vide&#10;assert ''">tests\test_CT_004_generated_test_case.py:54: in test_products_list_is_displayed
    assert name_text, "Nom produit vide"
E   AssertionError: Nom produit vide
E   assert ''</failure></testcase><testcase classname="tests.test_CT_004_generated_test_case" name="test_product_image_present" time="9.652" /><testcase classname="tests.test_CT_004_generated_test_case" name="test_invalid_url_shows_no_products" time="14.148" /><testcase classname="tests.test_CT_004_navigation_vers_détail_produit___cas_edg" name="test_navigate_to_product_detail" time="10.027" /><testcase classname="tests.test_CT_004_navigation_vers_détail_produit___cas_edg" name="test_product_detail_has_price" time="10.333" /><testcase classname="tests.test_CT_004_navigation_vers_détail_produit___cas_edg" name="test_detail_page_has_product_name" time="30.465"><failure message="selenium.common.exceptions.TimeoutException: Message: &#10;Stacktrace:&#10;&#09;chromedriver!GetHandleVerifier [0xfbb373+10553]&#10;&#09;chromedriver!GetHandleVerifier [0xfbb4a4+10684]&#10;&#09;chromedriver!(No symbol) [0xdc1e10]&#10;&#09;chromedriver!(No symbol) [0xe0a9da]&#10;&#09;chromedriver!(No symbol) [0xe0ac7b]&#10;&#09;chromedriver!(No symbol) [0xe4d162]&#10;&#09;chromedriver!(No symbol) [0xe2d8b4]&#10;&#09;chromedriver!(No symbol) [0xe4aa36]&#10;&#09;chromedriver!(No symbol) [0xe2d606]&#10;&#09;chromedriver!(No symbol) [0xe00039]&#10;&#09;chromedriver!(No symbol) [0xe00df4]&#10;&#09;chromedriver!GetHandleVerifier [0x123ddb4+292f94]&#10;&#09;chromedriver!GetHandleVerifier [0x123937d+28e55d]&#10;&#09;chromedriver!GetHandleVerifier [0x1258215+2ad3f5]&#10;&#09;chromedriver!GetHandleVerifier [0xfd4c18+29df8]&#10;&#09;chromedriver!GetHandleVerifier [0xfdc6fd+318dd]&#10;&#09;chromedriver!GetHandleVerifier [0xfc3c78+18e58]&#10;&#09;chromedriver!GetHandleVerifier [0xfc3e42+19022]&#10;&#09;chromedriver!GetHandleVerifier [0xfad45f+263f]&#10;&#09;KERNEL32!BaseThreadInitThunk [0x75e85d49+19]&#10;&#09;ntdll!RtlInitializeExceptionChain [0x76f1d83b+6b]&#10;&#09;ntdll!RtlGetAppContainerNamedObjectPath [0x76f1d7c1+231]">tests\test_CT_004_navigation_vers_détail_produit___cas_edg.py:88: in test_detail_page_has_product_name
    h1 = WebDriverWait(driver, 20).until(
C:\Users\Lenovo\AppData\Local\Programs\Python\Python313\Lib\site-packages\selenium\webdriver\support\wait.py:121: in until
    raise TimeoutException(message, screen, stacktrace)
E   selenium.common.exceptions.TimeoutException: Message: 
E   Stacktrace:
E   	chromedriver!GetHandleVerifier [0xfbb373+10553]
E   	chromedriver!GetHandleVerifier [0xfbb4a4+10684]
E   	chromedriver!(No symbol) [0xdc1e10]
E   	chromedriver!(No symbol) [0xe0a9da]
E   	chromedriver!(No symbol) [0xe0ac7b]
E   	chromedriver!(No symbol) [0xe4d162]
E   	chromedriver!(No symbol) [0xe2d8b4]
E   	chromedriver!(No symbol) [0xe4aa36]
E   	chromedriver!(No symbol) [0xe2d606]
E   	chromedriver!(No symbol) [0xe00039]
E   	chromedriver!(No symbol) [0xe00df4]
E   	chromedriver!GetHandleVerifier [0x123ddb4+292f94]
E   	chromedriver!GetHandleVerifier [0x123937d+28e55d]
E   	chromedriver!GetHandleVerifier [0x1258215+2ad3f5]
E   	chromedriver!GetHandleVerifier [0xfd4c18+29df8]
E   	chromedriver!GetHandleVerifier [0xfdc6fd+318dd]
E   	chromedriver!GetHandleVerifier [0xfc3c78+18e58]
E   	chromedriver!GetHandleVerifier [0xfc3e42+19022]
E   	chromedriver!GetHandleVerifier [0xfad45f+263f]
E   	KERNEL32!BaseThreadInitThunk [0x75e85d49+19]
E   	ntdll!RtlInitializeExceptionChain [0x76f1d83b+6b]
E   	ntdll!RtlGetAppContainerNamedObjectPath [0x76f1d7c1+231]</failure></testcase><testcase classname="tests.test_CT_004_option_de_tri_invalide" name="test_sort_price_low_to_high" time="6.651" /><testcase classname="tests.test_CT_004_option_de_tri_invalide" name="test_sort_price_high_to_low" time="6.467" /><testcase classname="tests.test_CT_004_option_de_tri_invalide" name="test_sort_options_available" time="5.792" /><testcase classname="tests.test_CT_004_recherche_avec_des_espaces" name="test_search_returns_results" time="6.026"><failure message="selenium.common.exceptions.NoSuchElementException: Message: no such element: Unable to locate element: {&quot;method&quot;:&quot;css selector&quot;,&quot;selector&quot;:&quot;.search-box button[type='submit']&quot;}&#10;  (Session info: chrome=147.0.7727.137); For documentation on this error, please visit: https://www.selenium.dev/documentation/webdriver/troubleshooting/errors#nosuchelementexception&#10;Stacktrace:&#10;&#09;chromedriver!GetHandleVerifier [0xfbb373+10553]&#10;&#09;chromedriver!GetHandleVerifier [0xfbb4a4+10684]&#10;&#09;chromedriver!(No symbol) [0xdc1e10]&#10;&#09;chromedriver!(No symbol) [0xe0a9da]&#10;&#09;chromedriver!(No symbol) [0xe0ac7b]&#10;&#09;chromedriver!(No symbol) [0xe4d162]&#10;&#09;chromedriver!(No symbol) [0xe2d8b4]&#10;&#09;chromedriver!(No symbol) [0xe4aa36]&#10;&#09;chromedriver!(No symbol) [0xe2d606]&#10;&#09;chromedriver!(No symbol) [0xe00039]&#10;&#09;chromedriver!(No symbol) [0xe00df4]&#10;&#09;chromedriver!GetHandleVerifier [0x123ddb4+292f94]&#10;&#09;chromedriver!GetHandleVerifier [0x123937d+28e55d]&#10;&#09;chromedriver!GetHandleVerifier [0x1258215+2ad3f5]&#10;&#09;chromedriver!GetHandleVerifier [0xfd4c18+29df8]&#10;&#09;chromedriver!GetHandleVerifier [0xfdc6fd+318dd]&#10;&#09;chromedriver!GetHandleVerifier [0xfc3c78+18e58]&#10;&#09;chromedriver!GetHandleVerifier [0xfc3e42+19022]&#10;&#09;chromedriver!GetHandleVerifier [0xfad45f+263f]&#10;&#09;KERNEL32!BaseThreadInitThunk [0x75e85d49+19]&#10;&#09;ntdll!RtlInitializeExceptionChain [0x76f1d83b+6b]&#10;&#09;ntdll!RtlGetAppContainerNamedObjectPath [0x76f1d7c1+231]">tests\test_CT_004_recherche_avec_des_espaces.py:51: in test_search_returns_results
    btn = driver.find_element(By.CSS_SELECTOR, ".search-box button[type='submit']")
          ^^^^^^^^^^^^^^^^^^^^^^^^^^^^^^^^^^^^^^^^^^^^^^^^^^^^^^^^^^^^^^^^^^^^^^^^^
C:\Users\Lenovo\AppData\Local\Programs\Python\Python313\Lib\site-packages\selenium\webdriver\remote\webdriver.py:823: in find_element
    return self.execute(Command.FIND_ELEMENT, {"using": by, "value": value})["value"]
           ^^^^^^^^^^^^^^^^^^^^^^^^^^^^^^^^^^^^^^^^^^^^^^^^^^^^^^^^^^^^^^^^^
C:\Users\Lenovo\AppData\Local\Programs\Python\Python313\Lib\site-packages\selenium\webdriver\remote\webdriver.py:450: in execute
    self.error_handler.check_response(response)
C:\Users\Lenovo\AppData\Local\Programs\Python\Python313\Lib\site-packages\selenium\webdriver\remote\errorhandler.py:232: in check_response
    raise exception_class(message, screen, stacktrace)
E   selenium.common.exceptions.NoSuchElementException: Message: no such element: Unable to locate element: {"method":"css selector","selector":".search-box button[type='submit']"}
E     (Session info: chrome=147.0.7727.137); For documentation on this error, please visit: https://www.selenium.dev/documentation/webdriver/troubleshooting/errors#nosuchelementexception
E   Stacktrace:
E   	chromedriver!GetHandleVerifier [0xfbb373+10553]
E   	chromedriver!GetHandleVerifier [0xfbb4a4+10684]
E   	chromedriver!(No symbol) [0xdc1e10]
E   	chromedriver!(No symbol) [0xe0a9da]
E   	chromedriver!(No symbol) [0xe0ac7b]
E   	chromedriver!(No symbol) [0xe4d162]
E   	chromedriver!(No symbol) [0xe2d8b4]
E   	chromedriver!(No symbol) [0xe4aa36]
E   	chromedriver!(No symbol) [0xe2d606]
E   	chromedriver!(No symbol) [0xe00039]
E   	chromedriver!(No symbol) [0xe00df4]
E   	chromedriver!GetHandleVerifier [0x123ddb4+292f94]
E   	chromedriver!GetHandleVerifier [0x123937d+28e55d]
E   	chromedriver!GetHandleVerifier [0x1258215+2ad3f5]
E   	chromedriver!GetHandleVerifier [0xfd4c18+29df8]
E   	chromedriver!GetHandleVerifier [0xfdc6fd+318dd]
E   	chromedriver!GetHandleVerifier [0xfc3c78+18e58]
E   	chromedriver!GetHandleVerifier [0xfc3e42+19022]
E   	chromedriver!GetHandleVerifier [0xfad45f+263f]
E   	KERNEL32!BaseThreadInitThunk [0x75e85d49+19]
E   	ntdll!RtlInitializeExceptionChain [0x76f1d83b+6b]
E   	ntdll!RtlGetAppContainerNamedObjectPath [0x76f1d7c1+231]</failure></testcase><testcase classname="tests.test_CT_004_recherche_avec_des_espaces" name="test_search_no_results" time="6.036"><failure message="selenium.common.exceptions.NoSuchElementException: Message: no such element: Unable to locate element: {&quot;method&quot;:&quot;css selector&quot;,&quot;selector&quot;:&quot;.search-box button[type='submit']&quot;}&#10;  (Session info: chrome=147.0.7727.137); For documentation on this error, please visit: https://www.selenium.dev/documentation/webdriver/troubleshooting/errors#nosuchelementexception&#10;Stacktrace:&#10;&#09;chromedriver!GetHandleVerifier [0xfbb373+10553]&#10;&#09;chromedriver!GetHandleVerifier [0xfbb4a4+10684]&#10;&#09;chromedriver!(No symbol) [0xdc1e10]&#10;&#09;chromedriver!(No symbol) [0xe0a9da]&#10;&#09;chromedriver!(No symbol) [0xe0ac7b]&#10;&#09;chromedriver!(No symbol) [0xe4d162]&#10;&#09;chromedriver!(No symbol) [0xe2d8b4]&#10;&#09;chromedriver!(No symbol) [0xe4aa36]&#10;&#09;chromedriver!(No symbol) [0xe2d606]&#10;&#09;chromedriver!(No symbol) [0xe00039]&#10;&#09;chromedriver!(No symbol) [0xe00df4]&#10;&#09;chromedriver!GetHandleVerifier [0x123ddb4+292f94]&#10;&#09;chromedriver!GetHandleVerifier [0x123937d+28e55d]&#10;&#09;chromedriver!GetHandleVerifier [0x1258215+2ad3f5]&#10;&#09;chromedriver!GetHandleVerifier [0xfd4c18+29df8]&#10;&#09;chromedriver!GetHandleVerifier [0xfdc6fd+318dd]&#10;&#09;chromedriver!GetHandleVerifier [0xfc3c78+18e58]&#10;&#09;chromedriver!GetHandleVerifier [0xfc3e42+19022]&#10;&#09;chromedriver!GetHandleVerifier [0xfad45f+263f]&#10;&#09;KERNEL32!BaseThreadInitThunk [0x75e85d49+19]&#10;&#09;ntdll!RtlInitializeExceptionChain [0x76f1d83b+6b]&#10;&#09;ntdll!RtlGetAppContainerNamedObjectPath [0x76f1d7c1+231]">tests\test_CT_004_recherche_avec_des_espaces.py:70: in test_search_no_results
    btn = driver.find_element(By.CSS_SELECTOR, ".search-box button[type='submit']")
          ^^^^^^^^^^^^^^^^^^^^^^^^^^^^^^^^^^^^^^^^^^^^^^^^^^^^^^^^^^^^^^^^^^^^^^^^^
C:\Users\Lenovo\AppData\Local\Programs\Python\Python313\Lib\site-packages\selenium\webdriver\remote\webdriver.py:823: in find_element
    return self.execute(Command.FIND_ELEMENT, {"using": by, "value": value})["value"]
           ^^^^^^^^^^^^^^^^^^^^^^^^^^^^^^^^^^^^^^^^^^^^^^^^^^^^^^^^^^^^^^^^^
C:\Users\Lenovo\AppData\Local\Programs\Python\Python313\Lib\site-packages\selenium\webdriver\remote\webdriver.py:450: in execute
    self.error_handler.check_response(response)
C:\Users\Lenovo\AppData\Local\Programs\Python\Python313\Lib\site-packages\selenium\webdriver\remote\errorhandler.py:232: in check_response
    raise exception_class(message, screen, stacktrace)
E   selenium.common.exceptions.NoSuchElementException: Message: no such element: Unable to locate element: {"method":"css selector","selector":".search-box button[type='submit']"}
E     (Session info: chrome=147.0.7727.137); For documentation on this error, please visit: https://www.selenium.dev/documentation/webdriver/troubleshooting/errors#nosuchelementexception
E   Stacktrace:
E   	chromedriver!GetHandleVerifier [0xfbb373+10553]
E   	chromedriver!GetHandleVerifier [0xfbb4a4+10684]
E   	chromedriver!(No symbol) [0xdc1e10]
E   	chromedriver!(No symbol) [0xe0a9da]
E   	chromedriver!(No symbol) [0xe0ac7b]
E   	chromedriver!(No symbol) [0xe4d162]
E   	chromedriver!(No symbol) [0xe2d8b4]
E   	chromedriver!(No symbol) [0xe4aa36]
E   	chromedriver!(No symbol) [0xe2d606]
E   	chromedriver!(No symbol) [0xe00039]
E   	chromedriver!(No symbol) [0xe00df4]
E   	chromedriver!GetHandleVerifier [0x123ddb4+292f94]
E   	chromedriver!GetHandleVerifier [0x123937d+28e55d]
E   	chromedriver!GetHandleVerifier [0x1258215+2ad3f5]
E   	chromedriver!GetHandleVerifier [0xfd4c18+29df8]
E   	chromedriver!GetHandleVerifier [0xfdc6fd+318dd]
E   	chromedriver!GetHandleVerifier [0xfc3c78+18e58]
E   	chromedriver!GetHandleVerifier [0xfc3e42+19022]
E   	chromedriver!GetHandleVerifier [0xfad45f+263f]
E   	KERNEL32!BaseThreadInitThunk [0x75e85d49+19]
E   	ntdll!RtlInitializeExceptionChain [0x76f1d83b+6b]
E   	ntdll!RtlGetAppContainerNamedObjectPath [0x76f1d7c1+231]</failure></testcase><testcase classname="tests.test_CT_004_recherche_avec_des_espaces" name="test_search_with_partial_keyword" time="5.902"><failure message="selenium.common.exceptions.NoSuchElementException: Message: no such element: Unable to locate element: {&quot;method&quot;:&quot;css selector&quot;,&quot;selector&quot;:&quot;.search-box button[type='submit']&quot;}&#10;  (Session info: chrome=147.0.7727.137); For documentation on this error, please visit: https://www.selenium.dev/documentation/webdriver/troubleshooting/errors#nosuchelementexception&#10;Stacktrace:&#10;&#09;chromedriver!GetHandleVerifier [0xfbb373+10553]&#10;&#09;chromedriver!GetHandleVerifier [0xfbb4a4+10684]&#10;&#09;chromedriver!(No symbol) [0xdc1e10]&#10;&#09;chromedriver!(No symbol) [0xe0a9da]&#10;&#09;chromedriver!(No symbol) [0xe0ac7b]&#10;&#09;chromedriver!(No symbol) [0xe4d162]&#10;&#09;chromedriver!(No symbol) [0xe2d8b4]&#10;&#09;chromedriver!(No symbol) [0xe4aa36]&#10;&#09;chromedriver!(No symbol) [0xe2d606]&#10;&#09;chromedriver!(No symbol) [0xe00039]&#10;&#09;chromedriver!(No symbol) [0xe00df4]&#10;&#09;chromedriver!GetHandleVerifier [0x123ddb4+292f94]&#10;&#09;chromedriver!GetHandleVerifier [0x123937d+28e55d]&#10;&#09;chromedriver!GetHandleVerifier [0x1258215+2ad3f5]&#10;&#09;chromedriver!GetHandleVerifier [0xfd4c18+29df8]&#10;&#09;chromedriver!GetHandleVerifier [0xfdc6fd+318dd]&#10;&#09;chromedriver!GetHandleVerifier [0xfc3c78+18e58]&#10;&#09;chromedriver!GetHandleVerifier [0xfc3e42+19022]&#10;&#09;chromedriver!GetHandleVerifier [0xfad45f+263f]&#10;&#09;KERNEL32!BaseThreadInitThunk [0x75e85d49+19]&#10;&#09;ntdll!RtlInitializeExceptionChain [0x76f1d83b+6b]&#10;&#09;ntdll!RtlGetAppContainerNamedObjectPath [0x76f1d7c1+231]">tests\test_CT_004_recherche_avec_des_espaces.py:88: in test_search_with_partial_keyword
    btn = driver.find_element(By.CSS_SELECTOR, ".search-box button[type='submit']")
          ^^^^^^^^^^^^^^^^^^^^^^^^^^^^^^^^^^^^^^^^^^^^^^^^^^^^^^^^^^^^^^^^^^^^^^^^^
C:\Users\Lenovo\AppData\Local\Programs\Python\Python313\Lib\site-packages\selenium\webdriver\remote\webdriver.py:823: in find_element
    return self.execute(Command.FIND_ELEMENT, {"using": by, "value": value})["value"]
           ^^^^^^^^^^^^^^^^^^^^^^^^^^^^^^^^^^^^^^^^^^^^^^^^^^^^^^^^^^^^^^^^^
C:\Users\Lenovo\AppData\Local\Programs\Python\Python313\Lib\site-packages\selenium\webdriver\remote\webdriver.py:450: in execute
    self.error_handler.check_response(response)
C:\Users\Lenovo\AppData\Local\Programs\Python\Python313\Lib\site-packages\selenium\webdriver\remote\errorhandler.py:232: in check_response
    raise exception_class(message, screen, stacktrace)
E   selenium.common.exceptions.NoSuchElementException: Message: no such element: Unable to locate element: {"method":"css selector","selector":".search-box button[type='submit']"}
E     (Session info: chrome=147.0.7727.137); For documentation on this error, please visit: https://www.selenium.dev/documentation/webdriver/troubleshooting/errors#nosuchelementexception
E   Stacktrace:
E   	chromedriver!GetHandleVerifier [0xfbb373+10553]
E   	chromedriver!GetHandleVerifier [0xfbb4a4+10684]
E   	chromedriver!(No symbol) [0xdc1e10]
E   	chromedriver!(No symbol) [0xe0a9da]
E   	chromedriver!(No symbol) [0xe0ac7b]
E   	chromedriver!(No symbol) [0xe4d162]
E   	chromedriver!(No symbol) [0xe2d8b4]
E   	chromedriver!(No symbol) [0xe4aa36]
E   	chromedriver!(No symbol) [0xe2d606]
E   	chromedriver!(No symbol) [0xe00039]
E   	chromedriver!(No symbol) [0xe00df4]
E   	chromedriver!GetHandleVerifier [0x123ddb4+292f94]
E   	chromedriver!GetHandleVerifier [0x123937d+28e55d]
E   	chromedriver!GetHandleVerifier [0x1258215+2ad3f5]
E   	chromedriver!GetHandleVerifier [0xfd4c18+29df8]
E   	chromedriver!GetHandleVerifier [0xfdc6fd+318dd]
E   	chromedriver!GetHandleVerifier [0xfc3c78+18e58]
E   	chromedriver!GetHandleVerifier [0xfc3e42+19022]
E   	chromedriver!GetHandleVerifier [0xfad45f+263f]
E   	KERNEL32!BaseThreadInitThunk [0x75e85d49+19]
E   	ntdll!RtlInitializeExceptionChain [0x76f1d83b+6b]
E   	ntdll!RtlGetAppContainerNamedObjectPath [0x76f1d7c1+231]</failure></testcase><testcase classname="tests.test_CT_005_cas_edge_case___liste_vide" name="test_products_list_is_displayed" time="9.794"><failure message="AssertionError: Nom produit vide&#10;assert ''">tests\test_CT_005_cas_edge_case___liste_vide.py:54: in test_products_list_is_displayed
    assert name_text, "Nom produit vide"
E   AssertionError: Nom produit vide
E   assert ''</failure></testcase><testcase classname="tests.test_CT_005_cas_edge_case___liste_vide" name="test_product_image_present" time="9.875" /><testcase classname="tests.test_CT_005_cas_edge_case___liste_vide" name="test_invalid_url_shows_no_products" time="14.492" /></testsuite></testsuites>