<?xml version="1.0" encoding="utf-8"?><testsuites name="pytest tests"><testsuite name="pytest" errors="0" failures="20" skipped="0" tests="21" time="726.175" timestamp="2026-04-26T14:31:27.711765+01:00" hostname="DESKTOP-E5NKSEU"><testcase classname="tests.test_CT_001_ajout_au_panier___flux_nominal" name="test_ajout_au_panier" time="51.286"><failure message="selenium.common.exceptions.TimeoutException: Message: &#10;Stacktrace:&#10;&#09;chromedriver!GetHandleVerifier [0x69b373+10553]&#10;&#09;chromedriver!GetHandleVerifier [0x69b4a4+10684]&#10;&#09;chromedriver!(No symbol) [0x4a1e10]&#10;&#09;chromedriver!(No symbol) [0x4ea9da]&#10;&#09;chromedriver!(No symbol) [0x4eac7b]&#10;&#09;chromedriver!(No symbol) [0x52d162]&#10;&#09;chromedriver!(No symbol) [0x50d8b4]&#10;&#09;chromedriver!(No symbol) [0x52aa36]&#10;&#09;chromedriver!(No symbol) [0x50d606]&#10;&#09;chromedriver!(No symbol) [0x4e0039]&#10;&#09;chromedriver!(No symbol) [0x4e0df4]&#10;&#09;chromedriver!GetHandleVerifier [0x91ddb4+292f94]&#10;&#09;chromedriver!GetHandleVerifier [0x91937d+28e55d]&#10;&#09;chromedriver!GetHandleVerifier [0x938215+2ad3f5]&#10;&#09;chromedriver!GetHandleVerifier [0x6b4c18+29df8]&#10;&#09;chromedriver!GetHandleVerifier [0x6bc6fd+318dd]&#10;&#09;chromedriver!GetHandleVerifier [0x6a3c78+18e58]&#10;&#09;chromedriver!GetHandleVerifier [0x6a3e42+19022]&#10;&#09;chromedriver!GetHandleVerifier [0x68d45f+263f]&#10;&#09;KERNEL32!BaseThreadInitThunk [0x74c75d49+19]&#10;&#09;ntdll!RtlInitializeExceptionChain [0x7762d83b+6b]&#10;&#09;ntdll!RtlGetAppContainerNamedObjectPath [0x7762d7c1+231]">tests\test_CT_001_ajout_au_panier___flux_nominal.py:10: in test_ajout_au_panier
    produit_element = WebDriverWait(driver, 20).until(EC.presence_of_element_located((By.CSS_SELECTOR, produit_selector)))
                      ^^^^^^^^^^^^^^^^^^^^^^^^^^^^^^^^^^^^^^^^^^^^^^^^^^^^^^^^^^^^^^^^^^^^^^^^^^^^^^^^^^^^^^^^^^^^^^^^^^^^
C:\Users\Lenovo\AppData\Roaming\Python\Python314\site-packages\selenium\webdriver\support\wait.py:121: in until
    raise TimeoutException(message, screen, stacktrace)
E   selenium.common.exceptions.TimeoutException: Message: 
E   Stacktrace:
E   	chromedriver!GetHandleVerifier [0x69b373+10553]
E   	chromedriver!GetHandleVerifier [0x69b4a4+10684]
E   	chromedriver!(No symbol) [0x4a1e10]
E   	chromedriver!(No symbol) [0x4ea9da]
E   	chromedriver!(No symbol) [0x4eac7b]
E   	chromedriver!(No symbol) [0x52d162]
E   	chromedriver!(No symbol) [0x50d8b4]
E   	chromedriver!(No symbol) [0x52aa36]
E   	chromedriver!(No symbol) [0x50d606]
E   	chromedriver!(No symbol) [0x4e0039]
E   	chromedriver!(No symbol) [0x4e0df4]
E   	chromedriver!GetHandleVerifier [0x91ddb4+292f94]
E   	chromedriver!GetHandleVerifier [0x91937d+28e55d]
E   	chromedriver!GetHandleVerifier [0x938215+2ad3f5]
E   	chromedriver!GetHandleVerifier [0x6b4c18+29df8]
E   	chromedriver!GetHandleVerifier [0x6bc6fd+318dd]
E   	chromedriver!GetHandleVerifier [0x6a3c78+18e58]
E   	chromedriver!GetHandleVerifier [0x6a3e42+19022]
E   	chromedriver!GetHandleVerifier [0x68d45f+263f]
E   	KERNEL32!BaseThreadInitThunk [0x74c75d49+19]
E   	ntdll!RtlInitializeExceptionChain [0x7762d83b+6b]
E   	ntdll!RtlGetAppContainerNamedObjectPath [0x7762d7c1+231]</failure></testcase><testcase classname="tests.test_CT_001_cas_positif___navigation_entre_les_pages" name="test_navigation_entre_pages_produits" time="35.518"><failure message="selenium.common.exceptions.TimeoutException: Message: &#10;Stacktrace:&#10;&#09;chromedriver!GetHandleVerifier [0x69b373+10553]&#10;&#09;chromedriver!GetHandleVerifier [0x69b4a4+10684]&#10;&#09;chromedriver!(No symbol) [0x4a1e10]&#10;&#09;chromedriver!(No symbol) [0x4ea9da]&#10;&#09;chromedriver!(No symbol) [0x4eac7b]&#10;&#09;chromedriver!(No symbol) [0x52d162]&#10;&#09;chromedriver!(No symbol) [0x50d8b4]&#10;&#09;chromedriver!(No symbol) [0x52aa36]&#10;&#09;chromedriver!(No symbol) [0x50d606]&#10;&#09;chromedriver!(No symbol) [0x4e0039]&#10;&#09;chromedriver!(No symbol) [0x4e0df4]&#10;&#09;chromedriver!GetHandleVerifier [0x91ddb4+292f94]&#10;&#09;chromedriver!GetHandleVerifier [0x91937d+28e55d]&#10;&#09;chromedriver!GetHandleVerifier [0x938215+2ad3f5]&#10;&#09;chromedriver!GetHandleVerifier [0x6b4c18+29df8]&#10;&#09;chromedriver!GetHandleVerifier [0x6bc6fd+318dd]&#10;&#09;chromedriver!GetHandleVerifier [0x6a3c78+18e58]&#10;&#09;chromedriver!GetHandleVerifier [0x6a3e42+19022]&#10;&#09;chromedriver!GetHandleVerifier [0x68d45f+263f]&#10;&#09;KERNEL32!BaseThreadInitThunk [0x74c75d49+19]&#10;&#09;ntdll!RtlInitializeExceptionChain [0x7762d83b+6b]&#10;&#09;ntdll!RtlGetAppContainerNamedObjectPath [0x7762d7c1+231]">tests\test_CT_001_cas_positif___navigation_entre_les_pages.py:12: in test_navigation_entre_pages_produits
    next_button = WebDriverWait(driver, 20).until(EC.presence_of_element_located((By.CSS_SELECTOR, "[data-test='next-button']")))
                  ^^^^^^^^^^^^^^^^^^^^^^^^^^^^^^^^^^^^^^^^^^^^^^^^^^^^^^^^^^^^^^^^^^^^^^^^^^^^^^^^^^^^^^^^^^^^^^^^^^^^^^^^^^^^^^^
C:\Users\Lenovo\AppData\Roaming\Python\Python314\site-packages\selenium\webdriver\support\wait.py:121: in until
    raise TimeoutException(message, screen, stacktrace)
E   selenium.common.exceptions.TimeoutException: Message: 
E   Stacktrace:
E   	chromedriver!GetHandleVerifier [0x69b373+10553]
E   	chromedriver!GetHandleVerifier [0x69b4a4+10684]
E   	chromedriver!(No symbol) [0x4a1e10]
E   	chromedriver!(No symbol) [0x4ea9da]
E   	chromedriver!(No symbol) [0x4eac7b]
E   	chromedriver!(No symbol) [0x52d162]
E   	chromedriver!(No symbol) [0x50d8b4]
E   	chromedriver!(No symbol) [0x52aa36]
E   	chromedriver!(No symbol) [0x50d606]
E   	chromedriver!(No symbol) [0x4e0039]
E   	chromedriver!(No symbol) [0x4e0df4]
E   	chromedriver!GetHandleVerifier [0x91ddb4+292f94]
E   	chromedriver!GetHandleVerifier [0x91937d+28e55d]
E   	chromedriver!GetHandleVerifier [0x938215+2ad3f5]
E   	chromedriver!GetHandleVerifier [0x6b4c18+29df8]
E   	chromedriver!GetHandleVerifier [0x6bc6fd+318dd]
E   	chromedriver!GetHandleVerifier [0x6a3c78+18e58]
E   	chromedriver!GetHandleVerifier [0x6a3e42+19022]
E   	chromedriver!GetHandleVerifier [0x68d45f+263f]
E   	KERNEL32!BaseThreadInitThunk [0x74c75d49+19]
E   	ntdll!RtlInitializeExceptionChain [0x7762d83b+6b]
E   	ntdll!RtlGetAppContainerNamedObjectPath [0x7762d7c1+231]</failure></testcase><testcase classname="tests.test_CT_001_generated_test_case" name="test_consulter_detalles_produit" time="32.709"><failure message="selenium.common.exceptions.TimeoutException: Message: &#10;Stacktrace:&#10;&#09;chromedriver!GetHandleVerifier [0x69b373+10553]&#10;&#09;chromedriver!GetHandleVerifier [0x69b4a4+10684]&#10;&#09;chromedriver!(No symbol) [0x4a1e10]&#10;&#09;chromedriver!(No symbol) [0x4ea9da]&#10;&#09;chromedriver!(No symbol) [0x4eac7b]&#10;&#09;chromedriver!(No symbol) [0x52d162]&#10;&#09;chromedriver!(No symbol) [0x50d8b4]&#10;&#09;chromedriver!(No symbol) [0x52aa36]&#10;&#09;chromedriver!(No symbol) [0x50d606]&#10;&#09;chromedriver!(No symbol) [0x4e0039]&#10;&#09;chromedriver!(No symbol) [0x4e0df4]&#10;&#09;chromedriver!GetHandleVerifier [0x91ddb4+292f94]&#10;&#09;chromedriver!GetHandleVerifier [0x91937d+28e55d]&#10;&#09;chromedriver!GetHandleVerifier [0x938215+2ad3f5]&#10;&#09;chromedriver!GetHandleVerifier [0x6b4c18+29df8]&#10;&#09;chromedriver!GetHandleVerifier [0x6bc6fd+318dd]&#10;&#09;chromedriver!GetHandleVerifier [0x6a3c78+18e58]&#10;&#09;chromedriver!GetHandleVerifier [0x6a3e42+19022]&#10;&#09;chromedriver!GetHandleVerifier [0x68d45f+263f]&#10;&#09;KERNEL32!BaseThreadInitThunk [0x74c75d49+19]&#10;&#09;ntdll!RtlInitializeExceptionChain [0x7762d83b+6b]&#10;&#09;ntdll!RtlGetAppContainerNamedObjectPath [0x7762d7c1+231]">tests\test_CT_001_generated_test_case.py:13: in test_consulter_detalles_produit
    produit_element = WebDriverWait(driver, 20).until(EC.presence_of_element_located((By.CSS_SELECTOR, produit_selector)))
                      ^^^^^^^^^^^^^^^^^^^^^^^^^^^^^^^^^^^^^^^^^^^^^^^^^^^^^^^^^^^^^^^^^^^^^^^^^^^^^^^^^^^^^^^^^^^^^^^^^^^^
C:\Users\Lenovo\AppData\Roaming\Python\Python314\site-packages\selenium\webdriver\support\wait.py:121: in until
    raise TimeoutException(message, screen, stacktrace)
E   selenium.common.exceptions.TimeoutException: Message: 
E   Stacktrace:
E   	chromedriver!GetHandleVerifier [0x69b373+10553]
E   	chromedriver!GetHandleVerifier [0x69b4a4+10684]
E   	chromedriver!(No symbol) [0x4a1e10]
E   	chromedriver!(No symbol) [0x4ea9da]
E   	chromedriver!(No symbol) [0x4eac7b]
E   	chromedriver!(No symbol) [0x52d162]
E   	chromedriver!(No symbol) [0x50d8b4]
E   	chromedriver!(No symbol) [0x52aa36]
E   	chromedriver!(No symbol) [0x50d606]
E   	chromedriver!(No symbol) [0x4e0039]
E   	chromedriver!(No symbol) [0x4e0df4]
E   	chromedriver!GetHandleVerifier [0x91ddb4+292f94]
E   	chromedriver!GetHandleVerifier [0x91937d+28e55d]
E   	chromedriver!GetHandleVerifier [0x938215+2ad3f5]
E   	chromedriver!GetHandleVerifier [0x6b4c18+29df8]
E   	chromedriver!GetHandleVerifier [0x6bc6fd+318dd]
E   	chromedriver!GetHandleVerifier [0x6a3c78+18e58]
E   	chromedriver!GetHandleVerifier [0x6a3e42+19022]
E   	chromedriver!GetHandleVerifier [0x68d45f+263f]
E   	KERNEL32!BaseThreadInitThunk [0x74c75d49+19]
E   	ntdll!RtlInitializeExceptionChain [0x7762d83b+6b]
E   	ntdll!RtlGetAppContainerNamedObjectPath [0x7762d7c1+231]</failure></testcase><testcase classname="tests.test_CT_001_recherche_produit_existant" name="test_recherche_produit_existant" time="12.280"><failure message="selenium.common.exceptions.StaleElementReferenceException: Message: stale element reference: stale element not found&#10;  (Session info: chrome=147.0.7727.103); For documentation on this error, please visit: https://www.selenium.dev/documentation/webdriver/troubleshooting/errors#staleelementreferenceexception&#10;Stacktrace:&#10;&#09;chromedriver!GetHandleVerifier [0x69b373+10553]&#10;&#09;chromedriver!GetHandleVerifier [0x69b4a4+10684]&#10;&#09;chromedriver!(No symbol) [0x4a1e10]&#10;&#09;chromedriver!(No symbol) [0x4b3d82]&#10;&#09;chromedriver!(No symbol) [0x4b2e4c]&#10;&#09;chromedriver!(No symbol) [0x4a93a9]&#10;&#09;chromedriver!(No symbol) [0x4a77c2]&#10;&#09;chromedriver!(No symbol) [0x4aad1a]&#10;&#09;chromedriver!(No symbol) [0x4aada8]&#10;&#09;chromedriver!(No symbol) [0x4e6e3a]&#10;&#09;chromedriver!(No symbol) [0x50d86c]&#10;&#09;chromedriver!(No symbol) [0x4e14f4]&#10;&#09;chromedriver!(No symbol) [0x50da34]&#10;&#09;chromedriver!(No symbol) [0x52aa36]&#10;&#09;chromedriver!(No symbol) [0x50d606]&#10;&#09;chromedriver!(No symbol) [0x4e0039]&#10;&#09;chromedriver!(No symbol) [0x4e0df4]&#10;&#09;chromedriver!GetHandleVerifier [0x91ddb4+292f94]&#10;&#09;chromedriver!GetHandleVerifier [0x91937d+28e55d]&#10;&#09;chromedriver!GetHandleVerifier [0x938215+2ad3f5]&#10;&#09;chromedriver!GetHandleVerifier [0x6b4c18+29df8]&#10;&#09;chromedriver!GetHandleVerifier [0x6bc6fd+318dd]&#10;&#09;chromedriver!GetHandleVerifier [0x6a3c78+18e58]&#10;&#09;chromedriver!GetHandleVerifier [0x6a3e42+19022]&#10;&#09;chromedriver!GetHandleVerifier [0x68d45f+263f]&#10;&#09;KERNEL32!BaseThreadInitThunk [0x74c75d49+19]&#10;&#09;ntdll!RtlInitializeExceptionChain [0x7762d83b+6b]&#10;&#09;ntdll!RtlGetAppContainerNamedObjectPath [0x7762d7c1+231]">tests\test_CT_001_recherche_produit_existant.py:28: in test_recherche_produit_existant
    assert "phone" in search_results.text.lower(), "Les résultats de recherche ne contiennent pas le mot-clé 'phone'"
                      ^^^^^^^^^^^^^^^^^^^
C:\Users\Lenovo\AppData\Roaming\Python\Python314\site-packages\selenium\webdriver\remote\webelement.py:105: in text
    return self._execute(Command.GET_ELEMENT_TEXT)["value"]
           ^^^^^^^^^^^^^^^^^^^^^^^^^^^^^^^^^^^^^^^
C:\Users\Lenovo\AppData\Roaming\Python\Python314\site-packages\selenium\webdriver\remote\webelement.py:508: in _execute
    return self._parent.execute(command, params)
           ^^^^^^^^^^^^^^^^^^^^^^^^^^^^^^^^^^^^^
C:\Users\Lenovo\AppData\Roaming\Python\Python314\site-packages\selenium\webdriver\remote\webdriver.py:446: in execute
    self.error_handler.check_response(response)
C:\Users\Lenovo\AppData\Roaming\Python\Python314\site-packages\selenium\webdriver\remote\errorhandler.py:232: in check_response
    raise exception_class(message, screen, stacktrace)
E   selenium.common.exceptions.StaleElementReferenceException: Message: stale element reference: stale element not found
E     (Session info: chrome=147.0.7727.103); For documentation on this error, please visit: https://www.selenium.dev/documentation/webdriver/troubleshooting/errors#staleelementreferenceexception
E   Stacktrace:
E   	chromedriver!GetHandleVerifier [0x69b373+10553]
E   	chromedriver!GetHandleVerifier [0x69b4a4+10684]
E   	chromedriver!(No symbol) [0x4a1e10]
E   	chromedriver!(No symbol) [0x4b3d82]
E   	chromedriver!(No symbol) [0x4b2e4c]
E   	chromedriver!(No symbol) [0x4a93a9]
E   	chromedriver!(No symbol) [0x4a77c2]
E   	chromedriver!(No symbol) [0x4aad1a]
E   	chromedriver!(No symbol) [0x4aada8]
E   	chromedriver!(No symbol) [0x4e6e3a]
E   	chromedriver!(No symbol) [0x50d86c]
E   	chromedriver!(No symbol) [0x4e14f4]
E   	chromedriver!(No symbol) [0x50da34]
E   	chromedriver!(No symbol) [0x52aa36]
E   	chromedriver!(No symbol) [0x50d606]
E   	chromedriver!(No symbol) [0x4e0039]
E   	chromedriver!(No symbol) [0x4e0df4]
E   	chromedriver!GetHandleVerifier [0x91ddb4+292f94]
E   	chromedriver!GetHandleVerifier [0x91937d+28e55d]
E   	chromedriver!GetHandleVerifier [0x938215+2ad3f5]
E   	chromedriver!GetHandleVerifier [0x6b4c18+29df8]
E   	chromedriver!GetHandleVerifier [0x6bc6fd+318dd]
E   	chromedriver!GetHandleVerifier [0x6a3c78+18e58]
E   	chromedriver!GetHandleVerifier [0x6a3e42+19022]
E   	chromedriver!GetHandleVerifier [0x68d45f+263f]
E   	KERNEL32!BaseThreadInitThunk [0x74c75d49+19]
E   	ntdll!RtlInitializeExceptionChain [0x7762d83b+6b]
E   	ntdll!RtlGetAppContainerNamedObjectPath [0x7762d7c1+231]</failure></testcase><testcase classname="tests.test_CT_001_tri_par_prix_ascendant" name="test_tri_prix_ascendant" time="31.260"><failure message="selenium.common.exceptions.TimeoutException: Message: &#10;Stacktrace:&#10;&#09;chromedriver!GetHandleVerifier [0x69b373+10553]&#10;&#09;chromedriver!GetHandleVerifier [0x69b4a4+10684]&#10;&#09;chromedriver!(No symbol) [0x4a1e10]&#10;&#09;chromedriver!(No symbol) [0x4ea9da]&#10;&#09;chromedriver!(No symbol) [0x4eac7b]&#10;&#09;chromedriver!(No symbol) [0x52d162]&#10;&#09;chromedriver!(No symbol) [0x50d8b4]&#10;&#09;chromedriver!(No symbol) [0x52aa36]&#10;&#09;chromedriver!(No symbol) [0x50d606]&#10;&#09;chromedriver!(No symbol) [0x4e0039]&#10;&#09;chromedriver!(No symbol) [0x4e0df4]&#10;&#09;chromedriver!GetHandleVerifier [0x91ddb4+292f94]&#10;&#09;chromedriver!GetHandleVerifier [0x91937d+28e55d]&#10;&#09;chromedriver!GetHandleVerifier [0x938215+2ad3f5]&#10;&#09;chromedriver!GetHandleVerifier [0x6b4c18+29df8]&#10;&#09;chromedriver!GetHandleVerifier [0x6bc6fd+318dd]&#10;&#09;chromedriver!GetHandleVerifier [0x6a3c78+18e58]&#10;&#09;chromedriver!GetHandleVerifier [0x6a3e42+19022]&#10;&#09;chromedriver!GetHandleVerifier [0x68d45f+263f]&#10;&#09;KERNEL32!BaseThreadInitThunk [0x74c75d49+19]&#10;&#09;ntdll!RtlInitializeExceptionChain [0x7762d83b+6b]&#10;&#09;ntdll!RtlGetAppContainerNamedObjectPath [0x7762d7c1+231]">tests\test_CT_001_tri_par_prix_ascendant.py:12: in test_tri_prix_ascendant
    select_sort_by = WebDriverWait(driver, 20).until(
C:\Users\Lenovo\AppData\Roaming\Python\Python314\site-packages\selenium\webdriver\support\wait.py:121: in until
    raise TimeoutException(message, screen, stacktrace)
E   selenium.common.exceptions.TimeoutException: Message: 
E   Stacktrace:
E   	chromedriver!GetHandleVerifier [0x69b373+10553]
E   	chromedriver!GetHandleVerifier [0x69b4a4+10684]
E   	chromedriver!(No symbol) [0x4a1e10]
E   	chromedriver!(No symbol) [0x4ea9da]
E   	chromedriver!(No symbol) [0x4eac7b]
E   	chromedriver!(No symbol) [0x52d162]
E   	chromedriver!(No symbol) [0x50d8b4]
E   	chromedriver!(No symbol) [0x52aa36]
E   	chromedriver!(No symbol) [0x50d606]
E   	chromedriver!(No symbol) [0x4e0039]
E   	chromedriver!(No symbol) [0x4e0df4]
E   	chromedriver!GetHandleVerifier [0x91ddb4+292f94]
E   	chromedriver!GetHandleVerifier [0x91937d+28e55d]
E   	chromedriver!GetHandleVerifier [0x938215+2ad3f5]
E   	chromedriver!GetHandleVerifier [0x6b4c18+29df8]
E   	chromedriver!GetHandleVerifier [0x6bc6fd+318dd]
E   	chromedriver!GetHandleVerifier [0x6a3c78+18e58]
E   	chromedriver!GetHandleVerifier [0x6a3e42+19022]
E   	chromedriver!GetHandleVerifier [0x68d45f+263f]
E   	KERNEL32!BaseThreadInitThunk [0x74c75d49+19]
E   	ntdll!RtlInitializeExceptionChain [0x7762d83b+6b]
E   	ntdll!RtlGetAppContainerNamedObjectPath [0x7762d7c1+231]</failure></testcase><testcase classname="tests.test_CT_002_ajout_au_panier___produit_en_rupture_de_" name="test_ajout_au_panier_produit_en_rupture_de_stock" time="32.031"><failure message="selenium.common.exceptions.TimeoutException: Message: &#10;Stacktrace:&#10;&#09;chromedriver!GetHandleVerifier [0x69b373+10553]&#10;&#09;chromedriver!GetHandleVerifier [0x69b4a4+10684]&#10;&#09;chromedriver!(No symbol) [0x4a1e10]&#10;&#09;chromedriver!(No symbol) [0x4ea9da]&#10;&#09;chromedriver!(No symbol) [0x4eac7b]&#10;&#09;chromedriver!(No symbol) [0x52d162]&#10;&#09;chromedriver!(No symbol) [0x50d8b4]&#10;&#09;chromedriver!(No symbol) [0x52aa36]&#10;&#09;chromedriver!(No symbol) [0x50d606]&#10;&#09;chromedriver!(No symbol) [0x4e0039]&#10;&#09;chromedriver!(No symbol) [0x4e0df4]&#10;&#09;chromedriver!GetHandleVerifier [0x91ddb4+292f94]&#10;&#09;chromedriver!GetHandleVerifier [0x91937d+28e55d]&#10;&#09;chromedriver!GetHandleVerifier [0x938215+2ad3f5]&#10;&#09;chromedriver!GetHandleVerifier [0x6b4c18+29df8]&#10;&#09;chromedriver!GetHandleVerifier [0x6bc6fd+318dd]&#10;&#09;chromedriver!GetHandleVerifier [0x6a3c78+18e58]&#10;&#09;chromedriver!GetHandleVerifier [0x6a3e42+19022]&#10;&#09;chromedriver!GetHandleVerifier [0x68d45f+263f]&#10;&#09;KERNEL32!BaseThreadInitThunk [0x74c75d49+19]&#10;&#09;ntdll!RtlInitializeExceptionChain [0x7762d83b+6b]&#10;&#09;ntdll!RtlGetAppContainerNamedObjectPath [0x7762d7c1+231]">tests\test_CT_002_ajout_au_panier___produit_en_rupture_de_.py:10: in test_ajout_au_panier_produit_en_rupture_de_stock
    produit = WebDriverWait(driver, 20).until(EC.presence_of_element_located((By.CSS_SELECTOR, produit_selector)))
              ^^^^^^^^^^^^^^^^^^^^^^^^^^^^^^^^^^^^^^^^^^^^^^^^^^^^^^^^^^^^^^^^^^^^^^^^^^^^^^^^^^^^^^^^^^^^^^^^^^^^
C:\Users\Lenovo\AppData\Roaming\Python\Python314\site-packages\selenium\webdriver\support\wait.py:121: in until
    raise TimeoutException(message, screen, stacktrace)
E   selenium.common.exceptions.TimeoutException: Message: 
E   Stacktrace:
E   	chromedriver!GetHandleVerifier [0x69b373+10553]
E   	chromedriver!GetHandleVerifier [0x69b4a4+10684]
E   	chromedriver!(No symbol) [0x4a1e10]
E   	chromedriver!(No symbol) [0x4ea9da]
E   	chromedriver!(No symbol) [0x4eac7b]
E   	chromedriver!(No symbol) [0x52d162]
E   	chromedriver!(No symbol) [0x50d8b4]
E   	chromedriver!(No symbol) [0x52aa36]
E   	chromedriver!(No symbol) [0x50d606]
E   	chromedriver!(No symbol) [0x4e0039]
E   	chromedriver!(No symbol) [0x4e0df4]
E   	chromedriver!GetHandleVerifier [0x91ddb4+292f94]
E   	chromedriver!GetHandleVerifier [0x91937d+28e55d]
E   	chromedriver!GetHandleVerifier [0x938215+2ad3f5]
E   	chromedriver!GetHandleVerifier [0x6b4c18+29df8]
E   	chromedriver!GetHandleVerifier [0x6bc6fd+318dd]
E   	chromedriver!GetHandleVerifier [0x6a3c78+18e58]
E   	chromedriver!GetHandleVerifier [0x6a3e42+19022]
E   	chromedriver!GetHandleVerifier [0x68d45f+263f]
E   	KERNEL32!BaseThreadInitThunk [0x74c75d49+19]
E   	ntdll!RtlInitializeExceptionChain [0x7762d83b+6b]
E   	ntdll!RtlGetAppContainerNamedObjectPath [0x7762d7c1+231]</failure></testcase><testcase classname="tests.test_CT_002_cas_négatif___accès_à_une_page_inexistan" name="test_acces_page_inexistante" time="29.633"><failure message="AssertionError: Erreur lors de la vérification de la page d'erreur : Message: &#10;  Stacktrace:&#10;  &#09;chromedriver!GetHandleVerifier [0x69b373+10553]&#10;  &#09;chromedriver!GetHandleVerifier [0x69b4a4+10684]&#10;  &#09;chromedriver!(No symbol) [0x4a1e10]&#10;  &#09;chromedriver!(No symbol) [0x4ea9da]&#10;  &#09;chromedriver!(No symbol) [0x4eac7b]&#10;  &#09;chromedriver!(No symbol) [0x52d162]&#10;  &#09;chromedriver!(No symbol) [0x50d8b4]&#10;  &#09;chromedriver!(No symbol) [0x52aa36]&#10;  &#09;chromedriver!(No symbol) [0x50d606]&#10;  &#09;chromedriver!(No symbol) [0x4e0039]&#10;  &#09;chromedriver!(No symbol) [0x4e0df4]&#10;  &#09;chromedriver!GetHandleVerifier [0x91ddb4+292f94]&#10;  &#09;chromedriver!GetHandleVerifier [0x91937d+28e55d]&#10;  &#09;chromedriver!GetHandleVerifier [0x938215+2ad3f5]&#10;  &#09;chromedriver!GetHandleVerifier [0x6b4c18+29df8]&#10;  &#09;chromedriver!GetHandleVerifier [0x6bc6fd+318dd]&#10;  &#09;chromedriver!GetHandleVerifier [0x6a3c78+18e58]&#10;  &#09;chromedriver!GetHandleVerifier [0x6a3e42+19022]&#10;  &#09;chromedriver!GetHandleVerifier [0x68d45f+263f]&#10;  &#09;KERNEL32!BaseThreadInitThunk [0x74c75d49+19]&#10;  &#09;ntdll!RtlInitializeExceptionChain [0x7762d83b+6b]&#10;  &#09;ntdll!RtlGetAppContainerNamedObjectPath [0x7762d7c1+231]&#10;  &#10;assert False">tests\test_CT_002_cas_négatif___accès_à_une_page_inexistan.py:17: in test_acces_page_inexistante
    element_erreur = WebDriverWait(driver, 20).until(
C:\Users\Lenovo\AppData\Roaming\Python\Python314\site-packages\selenium\webdriver\support\wait.py:121: in until
    raise TimeoutException(message, screen, stacktrace)
E   selenium.common.exceptions.TimeoutException: Message: 
E   Stacktrace:
E   	chromedriver!GetHandleVerifier [0x69b373+10553]
E   	chromedriver!GetHandleVerifier [0x69b4a4+10684]
E   	chromedriver!(No symbol) [0x4a1e10]
E   	chromedriver!(No symbol) [0x4ea9da]
E   	chromedriver!(No symbol) [0x4eac7b]
E   	chromedriver!(No symbol) [0x52d162]
E   	chromedriver!(No symbol) [0x50d8b4]
E   	chromedriver!(No symbol) [0x52aa36]
E   	chromedriver!(No symbol) [0x50d606]
E   	chromedriver!(No symbol) [0x4e0039]
E   	chromedriver!(No symbol) [0x4e0df4]
E   	chromedriver!GetHandleVerifier [0x91ddb4+292f94]
E   	chromedriver!GetHandleVerifier [0x91937d+28e55d]
E   	chromedriver!GetHandleVerifier [0x938215+2ad3f5]
E   	chromedriver!GetHandleVerifier [0x6b4c18+29df8]
E   	chromedriver!GetHandleVerifier [0x6bc6fd+318dd]
E   	chromedriver!GetHandleVerifier [0x6a3c78+18e58]
E   	chromedriver!GetHandleVerifier [0x6a3e42+19022]
E   	chromedriver!GetHandleVerifier [0x68d45f+263f]
E   	KERNEL32!BaseThreadInitThunk [0x74c75d49+19]
E   	ntdll!RtlInitializeExceptionChain [0x7762d83b+6b]
E   	ntdll!RtlGetAppContainerNamedObjectPath [0x7762d7c1+231]

During handling of the above exception, another exception occurred:
tests\test_CT_002_cas_négatif___accès_à_une_page_inexistan.py:21: in test_acces_page_inexistante
    assert False, f"Erreur lors de la vérification de la page d'erreur : {e}"
E   AssertionError: Erreur lors de la vérification de la page d'erreur : Message: 
E     Stacktrace:
E     	chromedriver!GetHandleVerifier [0x69b373+10553]
E     	chromedriver!GetHandleVerifier [0x69b4a4+10684]
E     	chromedriver!(No symbol) [0x4a1e10]
E     	chromedriver!(No symbol) [0x4ea9da]
E     	chromedriver!(No symbol) [0x4eac7b]
E     	chromedriver!(No symbol) [0x52d162]
E     	chromedriver!(No symbol) [0x50d8b4]
E     	chromedriver!(No symbol) [0x52aa36]
E     	chromedriver!(No symbol) [0x50d606]
E     	chromedriver!(No symbol) [0x4e0039]
E     	chromedriver!(No symbol) [0x4e0df4]
E     	chromedriver!GetHandleVerifier [0x91ddb4+292f94]
E     	chromedriver!GetHandleVerifier [0x91937d+28e55d]
E     	chromedriver!GetHandleVerifier [0x938215+2ad3f5]
E     	chromedriver!GetHandleVerifier [0x6b4c18+29df8]
E     	chromedriver!GetHandleVerifier [0x6bc6fd+318dd]
E     	chromedriver!GetHandleVerifier [0x6a3c78+18e58]
E     	chromedriver!GetHandleVerifier [0x6a3e42+19022]
E     	chromedriver!GetHandleVerifier [0x68d45f+263f]
E     	KERNEL32!BaseThreadInitThunk [0x74c75d49+19]
E     	ntdll!RtlInitializeExceptionChain [0x7762d83b+6b]
E     	ntdll!RtlGetAppContainerNamedObjectPath [0x7762d7c1+231]
E     
E   assert False</failure></testcase><testcase classname="tests.test_CT_002_generated_test_case" name="test_consulter_detalis_produit_indisponible" time="32.023"><failure message="selenium.common.exceptions.TimeoutException: Message: &#10;Stacktrace:&#10;&#09;chromedriver!GetHandleVerifier [0x69b373+10553]&#10;&#09;chromedriver!GetHandleVerifier [0x69b4a4+10684]&#10;&#09;chromedriver!(No symbol) [0x4a1e10]&#10;&#09;chromedriver!(No symbol) [0x4ea9da]&#10;&#09;chromedriver!(No symbol) [0x4eac7b]&#10;&#09;chromedriver!(No symbol) [0x52d162]&#10;&#09;chromedriver!(No symbol) [0x50d8b4]&#10;&#09;chromedriver!(No symbol) [0x52aa36]&#10;&#09;chromedriver!(No symbol) [0x50d606]&#10;&#09;chromedriver!(No symbol) [0x4e0039]&#10;&#09;chromedriver!(No symbol) [0x4e0df4]&#10;&#09;chromedriver!GetHandleVerifier [0x91ddb4+292f94]&#10;&#09;chromedriver!GetHandleVerifier [0x91937d+28e55d]&#10;&#09;chromedriver!GetHandleVerifier [0x938215+2ad3f5]&#10;&#09;chromedriver!GetHandleVerifier [0x6b4c18+29df8]&#10;&#09;chromedriver!GetHandleVerifier [0x6bc6fd+318dd]&#10;&#09;chromedriver!GetHandleVerifier [0x6a3c78+18e58]&#10;&#09;chromedriver!GetHandleVerifier [0x6a3e42+19022]&#10;&#09;chromedriver!GetHandleVerifier [0x68d45f+263f]&#10;&#09;KERNEL32!BaseThreadInitThunk [0x74c75d49+19]&#10;&#09;ntdll!RtlInitializeExceptionChain [0x7762d83b+6b]&#10;&#09;ntdll!RtlGetAppContainerNamedObjectPath [0x7762d7c1+231]">tests\test_CT_002_generated_test_case.py:13: in test_consulter_detalis_produit_indisponible
    produit_element = WebDriverWait(driver, 20).until(EC.presence_of_element_located((By.CSS_SELECTOR, produit_selector)))
                      ^^^^^^^^^^^^^^^^^^^^^^^^^^^^^^^^^^^^^^^^^^^^^^^^^^^^^^^^^^^^^^^^^^^^^^^^^^^^^^^^^^^^^^^^^^^^^^^^^^^^
C:\Users\Lenovo\AppData\Roaming\Python\Python314\site-packages\selenium\webdriver\support\wait.py:121: in until
    raise TimeoutException(message, screen, stacktrace)
E   selenium.common.exceptions.TimeoutException: Message: 
E   Stacktrace:
E   	chromedriver!GetHandleVerifier [0x69b373+10553]
E   	chromedriver!GetHandleVerifier [0x69b4a4+10684]
E   	chromedriver!(No symbol) [0x4a1e10]
E   	chromedriver!(No symbol) [0x4ea9da]
E   	chromedriver!(No symbol) [0x4eac7b]
E   	chromedriver!(No symbol) [0x52d162]
E   	chromedriver!(No symbol) [0x50d8b4]
E   	chromedriver!(No symbol) [0x52aa36]
E   	chromedriver!(No symbol) [0x50d606]
E   	chromedriver!(No symbol) [0x4e0039]
E   	chromedriver!(No symbol) [0x4e0df4]
E   	chromedriver!GetHandleVerifier [0x91ddb4+292f94]
E   	chromedriver!GetHandleVerifier [0x91937d+28e55d]
E   	chromedriver!GetHandleVerifier [0x938215+2ad3f5]
E   	chromedriver!GetHandleVerifier [0x6b4c18+29df8]
E   	chromedriver!GetHandleVerifier [0x6bc6fd+318dd]
E   	chromedriver!GetHandleVerifier [0x6a3c78+18e58]
E   	chromedriver!GetHandleVerifier [0x6a3e42+19022]
E   	chromedriver!GetHandleVerifier [0x68d45f+263f]
E   	KERNEL32!BaseThreadInitThunk [0x74c75d49+19]
E   	ntdll!RtlInitializeExceptionChain [0x7762d83b+6b]
E   	ntdll!RtlGetAppContainerNamedObjectPath [0x7762d7c1+231]</failure></testcase><testcase classname="tests.test_CT_002_recherche_produit_inexistant" name="test_recherche_produit_inexistant" time="38.550"><failure message="selenium.common.exceptions.TimeoutException: Message: &#10;Stacktrace:&#10;&#09;chromedriver!GetHandleVerifier [0x69b373+10553]&#10;&#09;chromedriver!GetHandleVerifier [0x69b4a4+10684]&#10;&#09;chromedriver!(No symbol) [0x4a1e10]&#10;&#09;chromedriver!(No symbol) [0x4ea9da]&#10;&#09;chromedriver!(No symbol) [0x4eac7b]&#10;&#09;chromedriver!(No symbol) [0x52d162]&#10;&#09;chromedriver!(No symbol) [0x50d8b4]&#10;&#09;chromedriver!(No symbol) [0x52aa36]&#10;&#09;chromedriver!(No symbol) [0x50d606]&#10;&#09;chromedriver!(No symbol) [0x4e0039]&#10;&#09;chromedriver!(No symbol) [0x4e0df4]&#10;&#09;chromedriver!GetHandleVerifier [0x91ddb4+292f94]&#10;&#09;chromedriver!GetHandleVerifier [0x91937d+28e55d]&#10;&#09;chromedriver!GetHandleVerifier [0x938215+2ad3f5]&#10;&#09;chromedriver!GetHandleVerifier [0x6b4c18+29df8]&#10;&#09;chromedriver!GetHandleVerifier [0x6bc6fd+318dd]&#10;&#09;chromedriver!GetHandleVerifier [0x6a3c78+18e58]&#10;&#09;chromedriver!GetHandleVerifier [0x6a3e42+19022]&#10;&#09;chromedriver!GetHandleVerifier [0x68d45f+263f]&#10;&#09;KERNEL32!BaseThreadInitThunk [0x74c75d49+19]&#10;&#09;ntdll!RtlInitializeExceptionChain [0x7762d83b+6b]&#10;&#09;ntdll!RtlGetAppContainerNamedObjectPath [0x7762d7c1+231]">tests\test_CT_002_recherche_produit_inexistant.py:27: in test_recherche_produit_inexistant
    error_message = WebDriverWait(driver, 20).until(EC.presence_of_element_located((By.CSS_SELECTOR, ".no-result")))
                    ^^^^^^^^^^^^^^^^^^^^^^^^^^^^^^^^^^^^^^^^^^^^^^^^^^^^^^^^^^^^^^^^^^^^^^^^^^^^^^^^^^^^^^^^^^^^^^^^
C:\Users\Lenovo\AppData\Roaming\Python\Python314\site-packages\selenium\webdriver\support\wait.py:121: in until
    raise TimeoutException(message, screen, stacktrace)
E   selenium.common.exceptions.TimeoutException: Message: 
E   Stacktrace:
E   	chromedriver!GetHandleVerifier [0x69b373+10553]
E   	chromedriver!GetHandleVerifier [0x69b4a4+10684]
E   	chromedriver!(No symbol) [0x4a1e10]
E   	chromedriver!(No symbol) [0x4ea9da]
E   	chromedriver!(No symbol) [0x4eac7b]
E   	chromedriver!(No symbol) [0x52d162]
E   	chromedriver!(No symbol) [0x50d8b4]
E   	chromedriver!(No symbol) [0x52aa36]
E   	chromedriver!(No symbol) [0x50d606]
E   	chromedriver!(No symbol) [0x4e0039]
E   	chromedriver!(No symbol) [0x4e0df4]
E   	chromedriver!GetHandleVerifier [0x91ddb4+292f94]
E   	chromedriver!GetHandleVerifier [0x91937d+28e55d]
E   	chromedriver!GetHandleVerifier [0x938215+2ad3f5]
E   	chromedriver!GetHandleVerifier [0x6b4c18+29df8]
E   	chromedriver!GetHandleVerifier [0x6bc6fd+318dd]
E   	chromedriver!GetHandleVerifier [0x6a3c78+18e58]
E   	chromedriver!GetHandleVerifier [0x6a3e42+19022]
E   	chromedriver!GetHandleVerifier [0x68d45f+263f]
E   	KERNEL32!BaseThreadInitThunk [0x74c75d49+19]
E   	ntdll!RtlInitializeExceptionChain [0x7762d83b+6b]
E   	ntdll!RtlGetAppContainerNamedObjectPath [0x7762d7c1+231]</failure></testcase><testcase classname="tests.test_CT_002_tri_par_prix_descendant" name="test_tri_prix_descendant" time="39.896"><failure message="selenium.common.exceptions.TimeoutException: Message: &#10;Stacktrace:&#10;&#09;chromedriver!GetHandleVerifier [0x69b373+10553]&#10;&#09;chromedriver!GetHandleVerifier [0x69b4a4+10684]&#10;&#09;chromedriver!(No symbol) [0x4a1e10]&#10;&#09;chromedriver!(No symbol) [0x4ea9da]&#10;&#09;chromedriver!(No symbol) [0x4eac7b]&#10;&#09;chromedriver!(No symbol) [0x52d162]&#10;&#09;chromedriver!(No symbol) [0x50d8b4]&#10;&#09;chromedriver!(No symbol) [0x52aa36]&#10;&#09;chromedriver!(No symbol) [0x50d606]&#10;&#09;chromedriver!(No symbol) [0x4e0039]&#10;&#09;chromedriver!(No symbol) [0x4e0df4]&#10;&#09;chromedriver!GetHandleVerifier [0x91ddb4+292f94]&#10;&#09;chromedriver!GetHandleVerifier [0x91937d+28e55d]&#10;&#09;chromedriver!GetHandleVerifier [0x938215+2ad3f5]&#10;&#09;chromedriver!GetHandleVerifier [0x6b4c18+29df8]&#10;&#09;chromedriver!GetHandleVerifier [0x6bc6fd+318dd]&#10;&#09;chromedriver!GetHandleVerifier [0x6a3c78+18e58]&#10;&#09;chromedriver!GetHandleVerifier [0x6a3e42+19022]&#10;&#09;chromedriver!GetHandleVerifier [0x68d45f+263f]&#10;&#09;KERNEL32!BaseThreadInitThunk [0x74c75d49+19]&#10;&#09;ntdll!RtlInitializeExceptionChain [0x7762d83b+6b]&#10;&#09;ntdll!RtlGetAppContainerNamedObjectPath [0x7762d7c1+231]">tests\test_CT_002_tri_par_prix_descendant.py:12: in test_tri_prix_descendant
    select_sort_by = WebDriverWait(driver, 20).until(
C:\Users\Lenovo\AppData\Roaming\Python\Python314\site-packages\selenium\webdriver\support\wait.py:121: in until
    raise TimeoutException(message, screen, stacktrace)
E   selenium.common.exceptions.TimeoutException: Message: 
E   Stacktrace:
E   	chromedriver!GetHandleVerifier [0x69b373+10553]
E   	chromedriver!GetHandleVerifier [0x69b4a4+10684]
E   	chromedriver!(No symbol) [0x4a1e10]
E   	chromedriver!(No symbol) [0x4ea9da]
E   	chromedriver!(No symbol) [0x4eac7b]
E   	chromedriver!(No symbol) [0x52d162]
E   	chromedriver!(No symbol) [0x50d8b4]
E   	chromedriver!(No symbol) [0x52aa36]
E   	chromedriver!(No symbol) [0x50d606]
E   	chromedriver!(No symbol) [0x4e0039]
E   	chromedriver!(No symbol) [0x4e0df4]
E   	chromedriver!GetHandleVerifier [0x91ddb4+292f94]
E   	chromedriver!GetHandleVerifier [0x91937d+28e55d]
E   	chromedriver!GetHandleVerifier [0x938215+2ad3f5]
E   	chromedriver!GetHandleVerifier [0x6b4c18+29df8]
E   	chromedriver!GetHandleVerifier [0x6bc6fd+318dd]
E   	chromedriver!GetHandleVerifier [0x6a3c78+18e58]
E   	chromedriver!GetHandleVerifier [0x6a3e42+19022]
E   	chromedriver!GetHandleVerifier [0x68d45f+263f]
E   	KERNEL32!BaseThreadInitThunk [0x74c75d49+19]
E   	ntdll!RtlInitializeExceptionChain [0x7762d83b+6b]
E   	ntdll!RtlGetAppContainerNamedObjectPath [0x7762d7c1+231]</failure></testcase><testcase classname="tests.test_CT_003_ajout_au_panier___quantité_nulle" name="test_ajout_au_panier_quantite_nulle" time="29.395"><failure message="selenium.common.exceptions.TimeoutException: Message: &#10;Stacktrace:&#10;&#09;chromedriver!GetHandleVerifier [0x69b373+10553]&#10;&#09;chromedriver!GetHandleVerifier [0x69b4a4+10684]&#10;&#09;chromedriver!(No symbol) [0x4a1e10]&#10;&#09;chromedriver!(No symbol) [0x4ea9da]&#10;&#09;chromedriver!(No symbol) [0x4eac7b]&#10;&#09;chromedriver!(No symbol) [0x52d162]&#10;&#09;chromedriver!(No symbol) [0x50d8b4]&#10;&#09;chromedriver!(No symbol) [0x52aa36]&#10;&#09;chromedriver!(No symbol) [0x50d606]&#10;&#09;chromedriver!(No symbol) [0x4e0039]&#10;&#09;chromedriver!(No symbol) [0x4e0df4]&#10;&#09;chromedriver!GetHandleVerifier [0x91ddb4+292f94]&#10;&#09;chromedriver!GetHandleVerifier [0x91937d+28e55d]&#10;&#09;chromedriver!GetHandleVerifier [0x938215+2ad3f5]&#10;&#09;chromedriver!GetHandleVerifier [0x6b4c18+29df8]&#10;&#09;chromedriver!GetHandleVerifier [0x6bc6fd+318dd]&#10;&#09;chromedriver!GetHandleVerifier [0x6a3c78+18e58]&#10;&#09;chromedriver!GetHandleVerifier [0x6a3e42+19022]&#10;&#09;chromedriver!GetHandleVerifier [0x68d45f+263f]&#10;&#09;KERNEL32!BaseThreadInitThunk [0x74c75d49+19]&#10;&#09;ntdll!RtlInitializeExceptionChain [0x7762d83b+6b]&#10;&#09;ntdll!RtlGetAppContainerNamedObjectPath [0x7762d7c1+231]">tests\test_CT_003_ajout_au_panier___quantité_nulle.py:10: in test_ajout_au_panier_quantite_nulle
    produit = WebDriverWait(driver, 20).until(EC.presence_of_element_located((By.CSS_SELECTOR, produit_selector)))
              ^^^^^^^^^^^^^^^^^^^^^^^^^^^^^^^^^^^^^^^^^^^^^^^^^^^^^^^^^^^^^^^^^^^^^^^^^^^^^^^^^^^^^^^^^^^^^^^^^^^^
C:\Users\Lenovo\AppData\Roaming\Python\Python314\site-packages\selenium\webdriver\support\wait.py:121: in until
    raise TimeoutException(message, screen, stacktrace)
E   selenium.common.exceptions.TimeoutException: Message: 
E   Stacktrace:
E   	chromedriver!GetHandleVerifier [0x69b373+10553]
E   	chromedriver!GetHandleVerifier [0x69b4a4+10684]
E   	chromedriver!(No symbol) [0x4a1e10]
E   	chromedriver!(No symbol) [0x4ea9da]
E   	chromedriver!(No symbol) [0x4eac7b]
E   	chromedriver!(No symbol) [0x52d162]
E   	chromedriver!(No symbol) [0x50d8b4]
E   	chromedriver!(No symbol) [0x52aa36]
E   	chromedriver!(No symbol) [0x50d606]
E   	chromedriver!(No symbol) [0x4e0039]
E   	chromedriver!(No symbol) [0x4e0df4]
E   	chromedriver!GetHandleVerifier [0x91ddb4+292f94]
E   	chromedriver!GetHandleVerifier [0x91937d+28e55d]
E   	chromedriver!GetHandleVerifier [0x938215+2ad3f5]
E   	chromedriver!GetHandleVerifier [0x6b4c18+29df8]
E   	chromedriver!GetHandleVerifier [0x6bc6fd+318dd]
E   	chromedriver!GetHandleVerifier [0x6a3c78+18e58]
E   	chromedriver!GetHandleVerifier [0x6a3e42+19022]
E   	chromedriver!GetHandleVerifier [0x68d45f+263f]
E   	KERNEL32!BaseThreadInitThunk [0x74c75d49+19]
E   	ntdll!RtlInitializeExceptionChain [0x7762d83b+6b]
E   	ntdll!RtlGetAppContainerNamedObjectPath [0x7762d7c1+231]</failure></testcase><testcase classname="tests.test_CT_003_cas_négatif___utilisation_de_caractères_" name="test_CT_003" time="22.920" /><testcase classname="tests.test_CT_003_generated_test_case" name="test_consulter_detalles_produit_url_invalide" time="35.704"><failure message="selenium.common.exceptions.TimeoutException: Message: &#10;Stacktrace:&#10;&#09;chromedriver!GetHandleVerifier [0x69b373+10553]&#10;&#09;chromedriver!GetHandleVerifier [0x69b4a4+10684]&#10;&#09;chromedriver!(No symbol) [0x4a1e10]&#10;&#09;chromedriver!(No symbol) [0x4ea9da]&#10;&#09;chromedriver!(No symbol) [0x4eac7b]&#10;&#09;chromedriver!(No symbol) [0x52d162]&#10;&#09;chromedriver!(No symbol) [0x50d8b4]&#10;&#09;chromedriver!(No symbol) [0x52aa36]&#10;&#09;chromedriver!(No symbol) [0x50d606]&#10;&#09;chromedriver!(No symbol) [0x4e0039]&#10;&#09;chromedriver!(No symbol) [0x4e0df4]&#10;&#09;chromedriver!GetHandleVerifier [0x91ddb4+292f94]&#10;&#09;chromedriver!GetHandleVerifier [0x91937d+28e55d]&#10;&#09;chromedriver!GetHandleVerifier [0x938215+2ad3f5]&#10;&#09;chromedriver!GetHandleVerifier [0x6b4c18+29df8]&#10;&#09;chromedriver!GetHandleVerifier [0x6bc6fd+318dd]&#10;&#09;chromedriver!GetHandleVerifier [0x6a3c78+18e58]&#10;&#09;chromedriver!GetHandleVerifier [0x6a3e42+19022]&#10;&#09;chromedriver!GetHandleVerifier [0x68d45f+263f]&#10;&#09;KERNEL32!BaseThreadInitThunk [0x74c75d49+19]&#10;&#09;ntdll!RtlInitializeExceptionChain [0x7762d83b+6b]&#10;&#09;ntdll!RtlGetAppContainerNamedObjectPath [0x7762d7c1+231]">tests\test_CT_003_generated_test_case.py:14: in test_consulter_detalles_produit_url_invalide
    error_message = WebDriverWait(driver, 20).until(EC.presence_of_element_located(error_message_locator))
                    ^^^^^^^^^^^^^^^^^^^^^^^^^^^^^^^^^^^^^^^^^^^^^^^^^^^^^^^^^^^^^^^^^^^^^^^^^^^^^^^^^^^^^^
C:\Users\Lenovo\AppData\Roaming\Python\Python314\site-packages\selenium\webdriver\support\wait.py:121: in until
    raise TimeoutException(message, screen, stacktrace)
E   selenium.common.exceptions.TimeoutException: Message: 
E   Stacktrace:
E   	chromedriver!GetHandleVerifier [0x69b373+10553]
E   	chromedriver!GetHandleVerifier [0x69b4a4+10684]
E   	chromedriver!(No symbol) [0x4a1e10]
E   	chromedriver!(No symbol) [0x4ea9da]
E   	chromedriver!(No symbol) [0x4eac7b]
E   	chromedriver!(No symbol) [0x52d162]
E   	chromedriver!(No symbol) [0x50d8b4]
E   	chromedriver!(No symbol) [0x52aa36]
E   	chromedriver!(No symbol) [0x50d606]
E   	chromedriver!(No symbol) [0x4e0039]
E   	chromedriver!(No symbol) [0x4e0df4]
E   	chromedriver!GetHandleVerifier [0x91ddb4+292f94]
E   	chromedriver!GetHandleVerifier [0x91937d+28e55d]
E   	chromedriver!GetHandleVerifier [0x938215+2ad3f5]
E   	chromedriver!GetHandleVerifier [0x6b4c18+29df8]
E   	chromedriver!GetHandleVerifier [0x6bc6fd+318dd]
E   	chromedriver!GetHandleVerifier [0x6a3c78+18e58]
E   	chromedriver!GetHandleVerifier [0x6a3e42+19022]
E   	chromedriver!GetHandleVerifier [0x68d45f+263f]
E   	KERNEL32!BaseThreadInitThunk [0x74c75d49+19]
E   	ntdll!RtlInitializeExceptionChain [0x7762d83b+6b]
E   	ntdll!RtlGetAppContainerNamedObjectPath [0x7762d7c1+231]</failure></testcase><testcase classname="tests.test_CT_003_recherche_produit_avec_caractères_spécia" name="test_recherche_produit_avec_caracteres_speciaux" time="40.723"><failure message="selenium.common.exceptions.TimeoutException: Message: &#10;Stacktrace:&#10;&#09;chromedriver!GetHandleVerifier [0x69b373+10553]&#10;&#09;chromedriver!GetHandleVerifier [0x69b4a4+10684]&#10;&#09;chromedriver!(No symbol) [0x4a1e10]&#10;&#09;chromedriver!(No symbol) [0x4ea9da]&#10;&#09;chromedriver!(No symbol) [0x4eac7b]&#10;&#09;chromedriver!(No symbol) [0x52d162]&#10;&#09;chromedriver!(No symbol) [0x50d8b4]&#10;&#09;chromedriver!(No symbol) [0x52aa36]&#10;&#09;chromedriver!(No symbol) [0x50d606]&#10;&#09;chromedriver!(No symbol) [0x4e0039]&#10;&#09;chromedriver!(No symbol) [0x4e0df4]&#10;&#09;chromedriver!GetHandleVerifier [0x91ddb4+292f94]&#10;&#09;chromedriver!GetHandleVerifier [0x91937d+28e55d]&#10;&#09;chromedriver!GetHandleVerifier [0x938215+2ad3f5]&#10;&#09;chromedriver!GetHandleVerifier [0x6b4c18+29df8]&#10;&#09;chromedriver!GetHandleVerifier [0x6bc6fd+318dd]&#10;&#09;chromedriver!GetHandleVerifier [0x6a3c78+18e58]&#10;&#09;chromedriver!GetHandleVerifier [0x6a3e42+19022]&#10;&#09;chromedriver!GetHandleVerifier [0x68d45f+263f]&#10;&#09;KERNEL32!BaseThreadInitThunk [0x74c75d49+19]&#10;&#09;ntdll!RtlInitializeExceptionChain [0x7762d83b+6b]&#10;&#09;ntdll!RtlGetAppContainerNamedObjectPath [0x7762d7c1+231]">tests\test_CT_003_recherche_produit_avec_caractères_spécia.py:27: in test_recherche_produit_avec_caracteres_speciaux
    search_results = WebDriverWait(driver, 20).until(EC.presence_of_element_located((By.CSS_SELECTOR, ".product-grid")))
                     ^^^^^^^^^^^^^^^^^^^^^^^^^^^^^^^^^^^^^^^^^^^^^^^^^^^^^^^^^^^^^^^^^^^^^^^^^^^^^^^^^^^^^^^^^^^^^^^^^^^
C:\Users\Lenovo\AppData\Roaming\Python\Python314\site-packages\selenium\webdriver\support\wait.py:121: in until
    raise TimeoutException(message, screen, stacktrace)
E   selenium.common.exceptions.TimeoutException: Message: 
E   Stacktrace:
E   	chromedriver!GetHandleVerifier [0x69b373+10553]
E   	chromedriver!GetHandleVerifier [0x69b4a4+10684]
E   	chromedriver!(No symbol) [0x4a1e10]
E   	chromedriver!(No symbol) [0x4ea9da]
E   	chromedriver!(No symbol) [0x4eac7b]
E   	chromedriver!(No symbol) [0x52d162]
E   	chromedriver!(No symbol) [0x50d8b4]
E   	chromedriver!(No symbol) [0x52aa36]
E   	chromedriver!(No symbol) [0x50d606]
E   	chromedriver!(No symbol) [0x4e0039]
E   	chromedriver!(No symbol) [0x4e0df4]
E   	chromedriver!GetHandleVerifier [0x91ddb4+292f94]
E   	chromedriver!GetHandleVerifier [0x91937d+28e55d]
E   	chromedriver!GetHandleVerifier [0x938215+2ad3f5]
E   	chromedriver!GetHandleVerifier [0x6b4c18+29df8]
E   	chromedriver!GetHandleVerifier [0x6bc6fd+318dd]
E   	chromedriver!GetHandleVerifier [0x6a3c78+18e58]
E   	chromedriver!GetHandleVerifier [0x6a3e42+19022]
E   	chromedriver!GetHandleVerifier [0x68d45f+263f]
E   	KERNEL32!BaseThreadInitThunk [0x74c75d49+19]
E   	ntdll!RtlInitializeExceptionChain [0x7762d83b+6b]
E   	ntdll!RtlGetAppContainerNamedObjectPath [0x7762d7c1+231]</failure></testcase><testcase classname="tests.test_CT_003_tri_par_nom" name="test_tri_par_nom" time="45.699"><failure message="selenium.common.exceptions.TimeoutException: Message: &#10;Stacktrace:&#10;&#09;chromedriver!GetHandleVerifier [0x69b373+10553]&#10;&#09;chromedriver!GetHandleVerifier [0x69b4a4+10684]&#10;&#09;chromedriver!(No symbol) [0x4a1e10]&#10;&#09;chromedriver!(No symbol) [0x4ea9da]&#10;&#09;chromedriver!(No symbol) [0x4eac7b]&#10;&#09;chromedriver!(No symbol) [0x52d162]&#10;&#09;chromedriver!(No symbol) [0x50d8b4]&#10;&#09;chromedriver!(No symbol) [0x52aa36]&#10;&#09;chromedriver!(No symbol) [0x50d606]&#10;&#09;chromedriver!(No symbol) [0x4e0039]&#10;&#09;chromedriver!(No symbol) [0x4e0df4]&#10;&#09;chromedriver!GetHandleVerifier [0x91ddb4+292f94]&#10;&#09;chromedriver!GetHandleVerifier [0x91937d+28e55d]&#10;&#09;chromedriver!GetHandleVerifier [0x938215+2ad3f5]&#10;&#09;chromedriver!GetHandleVerifier [0x6b4c18+29df8]&#10;&#09;chromedriver!GetHandleVerifier [0x6bc6fd+318dd]&#10;&#09;chromedriver!GetHandleVerifier [0x6a3c78+18e58]&#10;&#09;chromedriver!GetHandleVerifier [0x6a3e42+19022]&#10;&#09;chromedriver!GetHandleVerifier [0x68d45f+263f]&#10;&#09;KERNEL32!BaseThreadInitThunk [0x74c75d49+19]&#10;&#09;ntdll!RtlInitializeExceptionChain [0x7762d83b+6b]&#10;&#09;ntdll!RtlGetAppContainerNamedObjectPath [0x7762d7c1+231]">tests\test_CT_003_tri_par_nom.py:12: in test_tri_par_nom
    select_sort_by = WebDriverWait(driver, 20).until(
C:\Users\Lenovo\AppData\Roaming\Python\Python314\site-packages\selenium\webdriver\support\wait.py:121: in until
    raise TimeoutException(message, screen, stacktrace)
E   selenium.common.exceptions.TimeoutException: Message: 
E   Stacktrace:
E   	chromedriver!GetHandleVerifier [0x69b373+10553]
E   	chromedriver!GetHandleVerifier [0x69b4a4+10684]
E   	chromedriver!(No symbol) [0x4a1e10]
E   	chromedriver!(No symbol) [0x4ea9da]
E   	chromedriver!(No symbol) [0x4eac7b]
E   	chromedriver!(No symbol) [0x52d162]
E   	chromedriver!(No symbol) [0x50d8b4]
E   	chromedriver!(No symbol) [0x52aa36]
E   	chromedriver!(No symbol) [0x50d606]
E   	chromedriver!(No symbol) [0x4e0039]
E   	chromedriver!(No symbol) [0x4e0df4]
E   	chromedriver!GetHandleVerifier [0x91ddb4+292f94]
E   	chromedriver!GetHandleVerifier [0x91937d+28e55d]
E   	chromedriver!GetHandleVerifier [0x938215+2ad3f5]
E   	chromedriver!GetHandleVerifier [0x6b4c18+29df8]
E   	chromedriver!GetHandleVerifier [0x6bc6fd+318dd]
E   	chromedriver!GetHandleVerifier [0x6a3c78+18e58]
E   	chromedriver!GetHandleVerifier [0x6a3e42+19022]
E   	chromedriver!GetHandleVerifier [0x68d45f+263f]
E   	KERNEL32!BaseThreadInitThunk [0x74c75d49+19]
E   	ntdll!RtlInitializeExceptionChain [0x7762d83b+6b]
E   	ntdll!RtlGetAppContainerNamedObjectPath [0x7762d7c1+231]</failure></testcase><testcase classname="tests.test_CT_004_ajout_au_panier___cas_edge_case___produi" name="test_ajout_au_panier_produit_sans_description" time="32.611"><failure message="selenium.common.exceptions.TimeoutException: Message: &#10;Stacktrace:&#10;&#09;chromedriver!GetHandleVerifier [0x69b373+10553]&#10;&#09;chromedriver!GetHandleVerifier [0x69b4a4+10684]&#10;&#09;chromedriver!(No symbol) [0x4a1e10]&#10;&#09;chromedriver!(No symbol) [0x4ea9da]&#10;&#09;chromedriver!(No symbol) [0x4eac7b]&#10;&#09;chromedriver!(No symbol) [0x52d162]&#10;&#09;chromedriver!(No symbol) [0x50d8b4]&#10;&#09;chromedriver!(No symbol) [0x52aa36]&#10;&#09;chromedriver!(No symbol) [0x50d606]&#10;&#09;chromedriver!(No symbol) [0x4e0039]&#10;&#09;chromedriver!(No symbol) [0x4e0df4]&#10;&#09;chromedriver!GetHandleVerifier [0x91ddb4+292f94]&#10;&#09;chromedriver!GetHandleVerifier [0x91937d+28e55d]&#10;&#09;chromedriver!GetHandleVerifier [0x938215+2ad3f5]&#10;&#09;chromedriver!GetHandleVerifier [0x6b4c18+29df8]&#10;&#09;chromedriver!GetHandleVerifier [0x6bc6fd+318dd]&#10;&#09;chromedriver!GetHandleVerifier [0x6a3c78+18e58]&#10;&#09;chromedriver!GetHandleVerifier [0x6a3e42+19022]&#10;&#09;chromedriver!GetHandleVerifier [0x68d45f+263f]&#10;&#09;KERNEL32!BaseThreadInitThunk [0x74c75d49+19]&#10;&#09;ntdll!RtlInitializeExceptionChain [0x7762d83b+6b]&#10;&#09;ntdll!RtlGetAppContainerNamedObjectPath [0x7762d7c1+231]">tests\test_CT_004_ajout_au_panier___cas_edge_case___produi.py:10: in test_ajout_au_panier_produit_sans_description
    produit = WebDriverWait(driver, 20).until(EC.presence_of_element_located((By.CSS_SELECTOR, produit_selector)))
              ^^^^^^^^^^^^^^^^^^^^^^^^^^^^^^^^^^^^^^^^^^^^^^^^^^^^^^^^^^^^^^^^^^^^^^^^^^^^^^^^^^^^^^^^^^^^^^^^^^^^
C:\Users\Lenovo\AppData\Roaming\Python\Python314\site-packages\selenium\webdriver\support\wait.py:121: in until
    raise TimeoutException(message, screen, stacktrace)
E   selenium.common.exceptions.TimeoutException: Message: 
E   Stacktrace:
E   	chromedriver!GetHandleVerifier [0x69b373+10553]
E   	chromedriver!GetHandleVerifier [0x69b4a4+10684]
E   	chromedriver!(No symbol) [0x4a1e10]
E   	chromedriver!(No symbol) [0x4ea9da]
E   	chromedriver!(No symbol) [0x4eac7b]
E   	chromedriver!(No symbol) [0x52d162]
E   	chromedriver!(No symbol) [0x50d8b4]
E   	chromedriver!(No symbol) [0x52aa36]
E   	chromedriver!(No symbol) [0x50d606]
E   	chromedriver!(No symbol) [0x4e0039]
E   	chromedriver!(No symbol) [0x4e0df4]
E   	chromedriver!GetHandleVerifier [0x91ddb4+292f94]
E   	chromedriver!GetHandleVerifier [0x91937d+28e55d]
E   	chromedriver!GetHandleVerifier [0x938215+2ad3f5]
E   	chromedriver!GetHandleVerifier [0x6b4c18+29df8]
E   	chromedriver!GetHandleVerifier [0x6bc6fd+318dd]
E   	chromedriver!GetHandleVerifier [0x6a3c78+18e58]
E   	chromedriver!GetHandleVerifier [0x6a3e42+19022]
E   	chromedriver!GetHandleVerifier [0x68d45f+263f]
E   	KERNEL32!BaseThreadInitThunk [0x74c75d49+19]
E   	ntdll!RtlInitializeExceptionChain [0x7762d83b+6b]
E   	ntdll!RtlGetAppContainerNamedObjectPath [0x7762d7c1+231]</failure></testcase><testcase classname="tests.test_CT_004_cas_edge_case___navigation_avec_un_seul_" name="test_navigation_avec_un_seul_produit" time="33.704"><failure message="selenium.common.exceptions.TimeoutException: Message: &#10;Stacktrace:&#10;&#09;chromedriver!GetHandleVerifier [0x69b373+10553]&#10;&#09;chromedriver!GetHandleVerifier [0x69b4a4+10684]&#10;&#09;chromedriver!(No symbol) [0x4a1e10]&#10;&#09;chromedriver!(No symbol) [0x4ea9da]&#10;&#09;chromedriver!(No symbol) [0x4eac7b]&#10;&#09;chromedriver!(No symbol) [0x52d162]&#10;&#09;chromedriver!(No symbol) [0x50d8b4]&#10;&#09;chromedriver!(No symbol) [0x52aa36]&#10;&#09;chromedriver!(No symbol) [0x50d606]&#10;&#09;chromedriver!(No symbol) [0x4e0039]&#10;&#09;chromedriver!(No symbol) [0x4e0df4]&#10;&#09;chromedriver!GetHandleVerifier [0x91ddb4+292f94]&#10;&#09;chromedriver!GetHandleVerifier [0x91937d+28e55d]&#10;&#09;chromedriver!GetHandleVerifier [0x938215+2ad3f5]&#10;&#09;chromedriver!GetHandleVerifier [0x6b4c18+29df8]&#10;&#09;chromedriver!GetHandleVerifier [0x6bc6fd+318dd]&#10;&#09;chromedriver!GetHandleVerifier [0x6a3c78+18e58]&#10;&#09;chromedriver!GetHandleVerifier [0x6a3e42+19022]&#10;&#09;chromedriver!GetHandleVerifier [0x68d45f+263f]&#10;&#09;KERNEL32!BaseThreadInitThunk [0x74c75d49+19]&#10;&#09;ntdll!RtlInitializeExceptionChain [0x7762d83b+6b]&#10;&#09;ntdll!RtlGetAppContainerNamedObjectPath [0x7762d7c1+231]">tests\test_CT_004_cas_edge_case___navigation_avec_un_seul_.py:13: in test_navigation_avec_un_seul_produit
    produit = WebDriverWait(driver, 20).until(EC.presence_of_element_located((By.CSS_SELECTOR, produit_selector)))
              ^^^^^^^^^^^^^^^^^^^^^^^^^^^^^^^^^^^^^^^^^^^^^^^^^^^^^^^^^^^^^^^^^^^^^^^^^^^^^^^^^^^^^^^^^^^^^^^^^^^^
C:\Users\Lenovo\AppData\Roaming\Python\Python314\site-packages\selenium\webdriver\support\wait.py:121: in until
    raise TimeoutException(message, screen, stacktrace)
E   selenium.common.exceptions.TimeoutException: Message: 
E   Stacktrace:
E   	chromedriver!GetHandleVerifier [0x69b373+10553]
E   	chromedriver!GetHandleVerifier [0x69b4a4+10684]
E   	chromedriver!(No symbol) [0x4a1e10]
E   	chromedriver!(No symbol) [0x4ea9da]
E   	chromedriver!(No symbol) [0x4eac7b]
E   	chromedriver!(No symbol) [0x52d162]
E   	chromedriver!(No symbol) [0x50d8b4]
E   	chromedriver!(No symbol) [0x52aa36]
E   	chromedriver!(No symbol) [0x50d606]
E   	chromedriver!(No symbol) [0x4e0039]
E   	chromedriver!(No symbol) [0x4e0df4]
E   	chromedriver!GetHandleVerifier [0x91ddb4+292f94]
E   	chromedriver!GetHandleVerifier [0x91937d+28e55d]
E   	chromedriver!GetHandleVerifier [0x938215+2ad3f5]
E   	chromedriver!GetHandleVerifier [0x6b4c18+29df8]
E   	chromedriver!GetHandleVerifier [0x6bc6fd+318dd]
E   	chromedriver!GetHandleVerifier [0x6a3c78+18e58]
E   	chromedriver!GetHandleVerifier [0x6a3e42+19022]
E   	chromedriver!GetHandleVerifier [0x68d45f+263f]
E   	KERNEL32!BaseThreadInitThunk [0x74c75d49+19]
E   	ntdll!RtlInitializeExceptionChain [0x7762d83b+6b]
E   	ntdll!RtlGetAppContainerNamedObjectPath [0x7762d7c1+231]</failure></testcase><testcase classname="tests.test_CT_004_generated_test_case" name="test_consulter_detalis_produit" time="40.114"><failure message="selenium.common.exceptions.TimeoutException: Message: &#10;Stacktrace:&#10;&#09;chromedriver!GetHandleVerifier [0x69b373+10553]&#10;&#09;chromedriver!GetHandleVerifier [0x69b4a4+10684]&#10;&#09;chromedriver!(No symbol) [0x4a1e10]&#10;&#09;chromedriver!(No symbol) [0x4ea9da]&#10;&#09;chromedriver!(No symbol) [0x4eac7b]&#10;&#09;chromedriver!(No symbol) [0x52d162]&#10;&#09;chromedriver!(No symbol) [0x50d8b4]&#10;&#09;chromedriver!(No symbol) [0x52aa36]&#10;&#09;chromedriver!(No symbol) [0x50d606]&#10;&#09;chromedriver!(No symbol) [0x4e0039]&#10;&#09;chromedriver!(No symbol) [0x4e0df4]&#10;&#09;chromedriver!GetHandleVerifier [0x91ddb4+292f94]&#10;&#09;chromedriver!GetHandleVerifier [0x91937d+28e55d]&#10;&#09;chromedriver!GetHandleVerifier [0x938215+2ad3f5]&#10;&#09;chromedriver!GetHandleVerifier [0x6b4c18+29df8]&#10;&#09;chromedriver!GetHandleVerifier [0x6bc6fd+318dd]&#10;&#09;chromedriver!GetHandleVerifier [0x6a3c78+18e58]&#10;&#09;chromedriver!GetHandleVerifier [0x6a3e42+19022]&#10;&#09;chromedriver!GetHandleVerifier [0x68d45f+263f]&#10;&#09;KERNEL32!BaseThreadInitThunk [0x74c75d49+19]&#10;&#09;ntdll!RtlInitializeExceptionChain [0x7762d83b+6b]&#10;&#09;ntdll!RtlGetAppContainerNamedObjectPath [0x7762d7c1+231]">tests\test_CT_004_generated_test_case.py:13: in test_consulter_detalis_produit
    produit_element = WebDriverWait(driver, 20).until(EC.presence_of_element_located((By.CSS_SELECTOR, produit_selector)))
                      ^^^^^^^^^^^^^^^^^^^^^^^^^^^^^^^^^^^^^^^^^^^^^^^^^^^^^^^^^^^^^^^^^^^^^^^^^^^^^^^^^^^^^^^^^^^^^^^^^^^^
C:\Users\Lenovo\AppData\Roaming\Python\Python314\site-packages\selenium\webdriver\support\wait.py:121: in until
    raise TimeoutException(message, screen, stacktrace)
E   selenium.common.exceptions.TimeoutException: Message: 
E   Stacktrace:
E   	chromedriver!GetHandleVerifier [0x69b373+10553]
E   	chromedriver!GetHandleVerifier [0x69b4a4+10684]
E   	chromedriver!(No symbol) [0x4a1e10]
E   	chromedriver!(No symbol) [0x4ea9da]
E   	chromedriver!(No symbol) [0x4eac7b]
E   	chromedriver!(No symbol) [0x52d162]
E   	chromedriver!(No symbol) [0x50d8b4]
E   	chromedriver!(No symbol) [0x52aa36]
E   	chromedriver!(No symbol) [0x50d606]
E   	chromedriver!(No symbol) [0x4e0039]
E   	chromedriver!(No symbol) [0x4e0df4]
E   	chromedriver!GetHandleVerifier [0x91ddb4+292f94]
E   	chromedriver!GetHandleVerifier [0x91937d+28e55d]
E   	chromedriver!GetHandleVerifier [0x938215+2ad3f5]
E   	chromedriver!GetHandleVerifier [0x6b4c18+29df8]
E   	chromedriver!GetHandleVerifier [0x6bc6fd+318dd]
E   	chromedriver!GetHandleVerifier [0x6a3c78+18e58]
E   	chromedriver!GetHandleVerifier [0x6a3e42+19022]
E   	chromedriver!GetHandleVerifier [0x68d45f+263f]
E   	KERNEL32!BaseThreadInitThunk [0x74c75d49+19]
E   	ntdll!RtlInitializeExceptionChain [0x7762d83b+6b]
E   	ntdll!RtlGetAppContainerNamedObjectPath [0x7762d7c1+231]</failure></testcase><testcase classname="tests.test_CT_004_option_de_tri_invalide" name="test_option_tri_invalide" time="34.938"><failure message="selenium.common.exceptions.TimeoutException: Message: &#10;Stacktrace:&#10;&#09;chromedriver!GetHandleVerifier [0x69b373+10553]&#10;&#09;chromedriver!GetHandleVerifier [0x69b4a4+10684]&#10;&#09;chromedriver!(No symbol) [0x4a1e10]&#10;&#09;chromedriver!(No symbol) [0x4ea9da]&#10;&#09;chromedriver!(No symbol) [0x4eac7b]&#10;&#09;chromedriver!(No symbol) [0x52d162]&#10;&#09;chromedriver!(No symbol) [0x50d8b4]&#10;&#09;chromedriver!(No symbol) [0x52aa36]&#10;&#09;chromedriver!(No symbol) [0x50d606]&#10;&#09;chromedriver!(No symbol) [0x4e0039]&#10;&#09;chromedriver!(No symbol) [0x4e0df4]&#10;&#09;chromedriver!GetHandleVerifier [0x91ddb4+292f94]&#10;&#09;chromedriver!GetHandleVerifier [0x91937d+28e55d]&#10;&#09;chromedriver!GetHandleVerifier [0x938215+2ad3f5]&#10;&#09;chromedriver!GetHandleVerifier [0x6b4c18+29df8]&#10;&#09;chromedriver!GetHandleVerifier [0x6bc6fd+318dd]&#10;&#09;chromedriver!GetHandleVerifier [0x6a3c78+18e58]&#10;&#09;chromedriver!GetHandleVerifier [0x6a3e42+19022]&#10;&#09;chromedriver!GetHandleVerifier [0x68d45f+263f]&#10;&#09;KERNEL32!BaseThreadInitThunk [0x74c75d49+19]&#10;&#09;ntdll!RtlInitializeExceptionChain [0x7762d83b+6b]&#10;&#09;ntdll!RtlGetAppContainerNamedObjectPath [0x7762d7c1+231]">tests\test_CT_004_option_de_tri_invalide.py:14: in test_option_tri_invalide
    option_tri_invalide = WebDriverWait(driver, 20).until(
C:\Users\Lenovo\AppData\Roaming\Python\Python314\site-packages\selenium\webdriver\support\wait.py:121: in until
    raise TimeoutException(message, screen, stacktrace)
E   selenium.common.exceptions.TimeoutException: Message: 
E   Stacktrace:
E   	chromedriver!GetHandleVerifier [0x69b373+10553]
E   	chromedriver!GetHandleVerifier [0x69b4a4+10684]
E   	chromedriver!(No symbol) [0x4a1e10]
E   	chromedriver!(No symbol) [0x4ea9da]
E   	chromedriver!(No symbol) [0x4eac7b]
E   	chromedriver!(No symbol) [0x52d162]
E   	chromedriver!(No symbol) [0x50d8b4]
E   	chromedriver!(No symbol) [0x52aa36]
E   	chromedriver!(No symbol) [0x50d606]
E   	chromedriver!(No symbol) [0x4e0039]
E   	chromedriver!(No symbol) [0x4e0df4]
E   	chromedriver!GetHandleVerifier [0x91ddb4+292f94]
E   	chromedriver!GetHandleVerifier [0x91937d+28e55d]
E   	chromedriver!GetHandleVerifier [0x938215+2ad3f5]
E   	chromedriver!GetHandleVerifier [0x6b4c18+29df8]
E   	chromedriver!GetHandleVerifier [0x6bc6fd+318dd]
E   	chromedriver!GetHandleVerifier [0x6a3c78+18e58]
E   	chromedriver!GetHandleVerifier [0x6a3e42+19022]
E   	chromedriver!GetHandleVerifier [0x68d45f+263f]
E   	KERNEL32!BaseThreadInitThunk [0x74c75d49+19]
E   	ntdll!RtlInitializeExceptionChain [0x7762d83b+6b]
E   	ntdll!RtlGetAppContainerNamedObjectPath [0x7762d7c1+231]</failure></testcase><testcase classname="tests.test_CT_004_recherche_produit_avec_espace" name="test_recherche_produit_avec_espace" time="20.783"><failure message="selenium.common.exceptions.StaleElementReferenceException: Message: stale element reference: stale element not found&#10;  (Session info: chrome=147.0.7727.103); For documentation on this error, please visit: https://www.selenium.dev/documentation/webdriver/troubleshooting/errors#staleelementreferenceexception&#10;Stacktrace:&#10;&#09;chromedriver!GetHandleVerifier [0x69b373+10553]&#10;&#09;chromedriver!GetHandleVerifier [0x69b4a4+10684]&#10;&#09;chromedriver!(No symbol) [0x4a1e10]&#10;&#09;chromedriver!(No symbol) [0x4b3d82]&#10;&#09;chromedriver!(No symbol) [0x4b2e4c]&#10;&#09;chromedriver!(No symbol) [0x4a93a9]&#10;&#09;chromedriver!(No symbol) [0x4a77c2]&#10;&#09;chromedriver!(No symbol) [0x4aad1a]&#10;&#09;chromedriver!(No symbol) [0x4aada8]&#10;&#09;chromedriver!(No symbol) [0x4e6e3a]&#10;&#09;chromedriver!(No symbol) [0x50d86c]&#10;&#09;chromedriver!(No symbol) [0x4e14f4]&#10;&#09;chromedriver!(No symbol) [0x50da34]&#10;&#09;chromedriver!(No symbol) [0x52aa36]&#10;&#09;chromedriver!(No symbol) [0x50d606]&#10;&#09;chromedriver!(No symbol) [0x4e0039]&#10;&#09;chromedriver!(No symbol) [0x4e0df4]&#10;&#09;chromedriver!GetHandleVerifier [0x91ddb4+292f94]&#10;&#09;chromedriver!GetHandleVerifier [0x91937d+28e55d]&#10;&#09;chromedriver!GetHandleVerifier [0x938215+2ad3f5]&#10;&#09;chromedriver!GetHandleVerifier [0x6b4c18+29df8]&#10;&#09;chromedriver!GetHandleVerifier [0x6bc6fd+318dd]&#10;&#09;chromedriver!GetHandleVerifier [0x6a3c78+18e58]&#10;&#09;chromedriver!GetHandleVerifier [0x6a3e42+19022]&#10;&#09;chromedriver!GetHandleVerifier [0x68d45f+263f]&#10;&#09;KERNEL32!BaseThreadInitThunk [0x74c75d49+19]&#10;&#09;ntdll!RtlInitializeExceptionChain [0x7762d83b+6b]&#10;&#09;ntdll!RtlGetAppContainerNamedObjectPath [0x7762d7c1+231]">tests\test_CT_004_recherche_produit_avec_espace.py:28: in test_recherche_produit_avec_espace
    assert any("phone" in result.text.lower() and "mobile" in result.text.lower() for result in search_results)
           ^^^^^^^^^^^^^^^^^^^^^^^^^^^^^^^^^^^^^^^^^^^^^^^^^^^^^^^^^^^^^^^^^^^^^^^^^^^^^^^^^^^^^^^^^^^^^^^^^^^^
tests\test_CT_004_recherche_produit_avec_espace.py:28: in &lt;genexpr&gt;
    assert any("phone" in result.text.lower() and "mobile" in result.text.lower() for result in search_results)
                          ^^^^^^^^^^^
C:\Users\Lenovo\AppData\Roaming\Python\Python314\site-packages\selenium\webdriver\remote\webelement.py:105: in text
    return self._execute(Command.GET_ELEMENT_TEXT)["value"]
           ^^^^^^^^^^^^^^^^^^^^^^^^^^^^^^^^^^^^^^^
C:\Users\Lenovo\AppData\Roaming\Python\Python314\site-packages\selenium\webdriver\remote\webelement.py:508: in _execute
    return self._parent.execute(command, params)
           ^^^^^^^^^^^^^^^^^^^^^^^^^^^^^^^^^^^^^
C:\Users\Lenovo\AppData\Roaming\Python\Python314\site-packages\selenium\webdriver\remote\webdriver.py:446: in execute
    self.error_handler.check_response(response)
C:\Users\Lenovo\AppData\Roaming\Python\Python314\site-packages\selenium\webdriver\remote\errorhandler.py:232: in check_response
    raise exception_class(message, screen, stacktrace)
E   selenium.common.exceptions.StaleElementReferenceException: Message: stale element reference: stale element not found
E     (Session info: chrome=147.0.7727.103); For documentation on this error, please visit: https://www.selenium.dev/documentation/webdriver/troubleshooting/errors#staleelementreferenceexception
E   Stacktrace:
E   	chromedriver!GetHandleVerifier [0x69b373+10553]
E   	chromedriver!GetHandleVerifier [0x69b4a4+10684]
E   	chromedriver!(No symbol) [0x4a1e10]
E   	chromedriver!(No symbol) [0x4b3d82]
E   	chromedriver!(No symbol) [0x4b2e4c]
E   	chromedriver!(No symbol) [0x4a93a9]
E   	chromedriver!(No symbol) [0x4a77c2]
E   	chromedriver!(No symbol) [0x4aad1a]
E   	chromedriver!(No symbol) [0x4aada8]
E   	chromedriver!(No symbol) [0x4e6e3a]
E   	chromedriver!(No symbol) [0x50d86c]
E   	chromedriver!(No symbol) [0x4e14f4]
E   	chromedriver!(No symbol) [0x50da34]
E   	chromedriver!(No symbol) [0x52aa36]
E   	chromedriver!(No symbol) [0x50d606]
E   	chromedriver!(No symbol) [0x4e0039]
E   	chromedriver!(No symbol) [0x4e0df4]
E   	chromedriver!GetHandleVerifier [0x91ddb4+292f94]
E   	chromedriver!GetHandleVerifier [0x91937d+28e55d]
E   	chromedriver!GetHandleVerifier [0x938215+2ad3f5]
E   	chromedriver!GetHandleVerifier [0x6b4c18+29df8]
E   	chromedriver!GetHandleVerifier [0x6bc6fd+318dd]
E   	chromedriver!GetHandleVerifier [0x6a3c78+18e58]
E   	chromedriver!GetHandleVerifier [0x6a3e42+19022]
E   	chromedriver!GetHandleVerifier [0x68d45f+263f]
E   	KERNEL32!BaseThreadInitThunk [0x74c75d49+19]
E   	ntdll!RtlInitializeExceptionChain [0x7762d83b+6b]
E   	ntdll!RtlGetAppContainerNamedObjectPath [0x7762d7c1+231]</failure></testcase><testcase classname="tests.test_CT_005_cas_edge_case___liste_vide" name="test_CT_005" time="53.876"><failure message="selenium.common.exceptions.TimeoutException: Message: &#10;Stacktrace:&#10;&#09;chromedriver!GetHandleVerifier [0x69b373+10553]&#10;&#09;chromedriver!GetHandleVerifier [0x69b4a4+10684]&#10;&#09;chromedriver!(No symbol) [0x4a1e10]&#10;&#09;chromedriver!(No symbol) [0x4ea9da]&#10;&#09;chromedriver!(No symbol) [0x4eac7b]&#10;&#09;chromedriver!(No symbol) [0x52d162]&#10;&#09;chromedriver!(No symbol) [0x50d8b4]&#10;&#09;chromedriver!(No symbol) [0x52aa36]&#10;&#09;chromedriver!(No symbol) [0x50d606]&#10;&#09;chromedriver!(No symbol) [0x4e0039]&#10;&#09;chromedriver!(No symbol) [0x4e0df4]&#10;&#09;chromedriver!GetHandleVerifier [0x91ddb4+292f94]&#10;&#09;chromedriver!GetHandleVerifier [0x91937d+28e55d]&#10;&#09;chromedriver!GetHandleVerifier [0x938215+2ad3f5]&#10;&#09;chromedriver!GetHandleVerifier [0x6b4c18+29df8]&#10;&#09;chromedriver!GetHandleVerifier [0x6bc6fd+318dd]&#10;&#09;chromedriver!GetHandleVerifier [0x6a3c78+18e58]&#10;&#09;chromedriver!GetHandleVerifier [0x6a3e42+19022]&#10;&#09;chromedriver!GetHandleVerifier [0x68d45f+263f]&#10;&#09;KERNEL32!BaseThreadInitThunk [0x74c75d49+19]&#10;&#09;ntdll!RtlInitializeExceptionChain [0x7762d83b+6b]&#10;&#09;ntdll!RtlGetAppContainerNamedObjectPath [0x7762d7c1+231]">tests\test_CT_005_cas_edge_case___liste_vide.py:14: in test_CT_005
    element = WebDriverWait(driver, 20).until(EC.presence_of_element_located((By.CSS_SELECTOR, "[name='products-orderby']")))
              ^^^^^^^^^^^^^^^^^^^^^^^^^^^^^^^^^^^^^^^^^^^^^^^^^^^^^^^^^^^^^^^^^^^^^^^^^^^^^^^^^^^^^^^^^^^^^^^^^^^^^^^^^^^^^^^
C:\Users\Lenovo\AppData\Roaming\Python\Python314\site-packages\selenium\webdriver\support\wait.py:121: in until
    raise TimeoutException(message, screen, stacktrace)
E   selenium.common.exceptions.TimeoutException: Message: 
E   Stacktrace:
E   	chromedriver!GetHandleVerifier [0x69b373+10553]
E   	chromedriver!GetHandleVerifier [0x69b4a4+10684]
E   	chromedriver!(No symbol) [0x4a1e10]
E   	chromedriver!(No symbol) [0x4ea9da]
E   	chromedriver!(No symbol) [0x4eac7b]
E   	chromedriver!(No symbol) [0x52d162]
E   	chromedriver!(No symbol) [0x50d8b4]
E   	chromedriver!(No symbol) [0x52aa36]
E   	chromedriver!(No symbol) [0x50d606]
E   	chromedriver!(No symbol) [0x4e0039]
E   	chromedriver!(No symbol) [0x4e0df4]
E   	chromedriver!GetHandleVerifier [0x91ddb4+292f94]
E   	chromedriver!GetHandleVerifier [0x91937d+28e55d]
E   	chromedriver!GetHandleVerifier [0x938215+2ad3f5]
E   	chromedriver!GetHandleVerifier [0x6b4c18+29df8]
E   	chromedriver!GetHandleVerifier [0x6bc6fd+318dd]
E   	chromedriver!GetHandleVerifier [0x6a3c78+18e58]
E   	chromedriver!GetHandleVerifier [0x6a3e42+19022]
E   	chromedriver!GetHandleVerifier [0x68d45f+263f]
E   	KERNEL32!BaseThreadInitThunk [0x74c75d49+19]
E   	ntdll!RtlInitializeExceptionChain [0x7762d83b+6b]
E   	ntdll!RtlGetAppContainerNamedObjectPath [0x7762d7c1+231]</failure></testcase></testsuite></testsuites>